# Logfile created on 2019-07-16 11:33:08 -0300 by logger.rb/66358
D, [2019-07-16T11:33:18.697260 #3484] DEBUG -- : Início do teste do cenário mudar_notificações_com_sucesso...
I, [2019-07-16T11:33:18.700870 #3484]  INFO -- : Verificando se existe o elemento buttonSignIn
I, [2019-07-16T11:33:19.100910 #3484]  INFO -- : Verificando se existe o elemento buttonSignIn
I, [2019-07-16T11:33:19.343223 #3484]  INFO -- : Verificando se existe o elemento buttonSignIn
I, [2019-07-16T11:33:19.578301 #3484]  INFO -- : Verificando se existe o elemento buttonSignIn
I, [2019-07-16T11:33:19.974489 #3484]  INFO -- : Verificando se existe o elemento buttonSignIn
I, [2019-07-16T11:33:20.087719 #3484]  INFO -- : Aguardou a existência do elemento buttonSignIn
I, [2019-07-16T11:33:20.607626 #3484]  INFO -- : Clicou no botão buttonSignIn
I, [2019-07-16T11:33:20.608788 #3484]  INFO -- : Verificando se existe o elemento emailEditText
I, [2019-07-16T11:33:20.923961 #3484]  INFO -- : Verificando se existe o elemento emailEditText
I, [2019-07-16T11:33:21.769702 #3484]  INFO -- : Aguardou a existência do elemento emailEditText
I, [2019-07-16T11:33:23.537928 #3484]  INFO -- : Preencheu o campo emailEditText com o valor frormm@gmail.com
I, [2019-07-16T11:33:23.538052 #3484]  INFO -- : Verificando se existe o elemento editTextPassword
I, [2019-07-16T11:33:24.046613 #3484]  INFO -- : Aguardou a existência do elemento editTextPassword
I, [2019-07-16T11:33:25.338137 #3484]  INFO -- : Preencheu o campo editTextPassword com o valor thi0927
I, [2019-07-16T11:33:25.339050 #3484]  INFO -- : Verificando se existe o elemento buttonSignIn
I, [2019-07-16T11:33:25.855234 #3484]  INFO -- : Aguardou a existência do elemento buttonSignIn
I, [2019-07-16T11:33:25.918797 #3484]  INFO -- : Clicou no botão buttonSignIn
D, [2019-07-16T11:33:26.293106 #3484] DEBUG -- : Fim do teste do cenário #<Cucumber::Core::Test::Case:0x00007fb93f0f8138>...
D, [2019-07-16T11:33:27.059883 #3484] DEBUG -- : Fim dos Testes!
