# Logfile created on 2019-06-28 15:45:34 -0300 by logger.rb/66358
D, [2019-06-28T15:45:38.093050 #8507] DEBUG -- : Início do teste do cenário efetuar_login_com_sucesso...
I, [2019-06-28T15:45:38.107266 #8507]  INFO -- : Verificando se existe o elemento buttonSignIn
I, [2019-06-28T15:45:39.411354 #8507]  INFO -- : Aguardou a existência do elemento buttonSignIn
I, [2019-06-28T15:45:39.837977 #8507]  INFO -- : Clicou no botão buttonSignIn
I, [2019-06-28T15:45:46.793073 #8507]  INFO -- : Preencheu o campo emailEditText com o valor frormm@gmail.com
I, [2019-06-28T15:45:53.005095 #8507]  INFO -- : Preencheu o campo editTextPassword com o valor thi0927
I, [2019-06-28T15:45:53.005233 #8507]  INFO -- : Verificando se existe o elemento buttonSignIn
I, [2019-06-28T15:45:53.559895 #8507]  INFO -- : Aguardou a existência do elemento buttonSignIn
I, [2019-06-28T15:45:53.906925 #8507]  INFO -- : Clicou no botão buttonSignIn
I, [2019-06-28T15:45:53.907905 #8507]  INFO -- : Verificando se existe o elemento fragmentStartTxtGreetingTitle
I, [2019-06-28T15:45:56.433989 #8507]  INFO -- : Loguei com sucesso - usuário frormm@gmail.com
I, [2019-06-28T15:45:57.023398 #8507]  INFO -- : Está buscando o texto do elemento fragmentStartTxtGreetingTitle
D, [2019-06-28T15:45:59.591183 #8507] DEBUG -- : Fim do Teste!
D, [2019-06-28T15:46:02.840167 #8507] DEBUG -- : Início do teste do cenário efetuar_login_com_email_nao_cadastrado...
I, [2019-06-28T15:46:02.842187 #8507]  INFO -- : Verificando se existe o elemento buttonSignIn
I, [2019-06-28T15:46:04.086733 #8507]  INFO -- : Aguardou a existência do elemento buttonSignIn
I, [2019-06-28T15:46:04.436898 #8507]  INFO -- : Clicou no botão buttonSignIn
I, [2019-06-28T15:46:10.927750 #8507]  INFO -- : Preencheu o campo emailEditText com o valor teste@descubra.com
I, [2019-06-28T15:46:17.136482 #8507]  INFO -- : Preencheu o campo editTextPassword com o valor thi0927
I, [2019-06-28T15:46:17.136581 #8507]  INFO -- : Verificando se existe o elemento buttonSignIn
I, [2019-06-28T15:46:17.686292 #8507]  INFO -- : Aguardou a existência do elemento buttonSignIn
I, [2019-06-28T15:46:18.086306 #8507]  INFO -- : Clicou no botão buttonSignIn
I, [2019-06-28T15:46:19.736460 #8507]  INFO -- : Está buscando o texto do elemento text_view_alert_title
D, [2019-06-28T15:46:22.942362 #8507] DEBUG -- : Fim do Teste!
D, [2019-06-28T15:46:27.285964 #8507] DEBUG -- : Início do teste do cenário efetuar_login_com_senha_incorreta...
I, [2019-06-28T15:46:27.286636 #8507]  INFO -- : Verificando se existe o elemento buttonSignIn
I, [2019-06-28T15:46:28.637315 #8507]  INFO -- : Aguardou a existência do elemento buttonSignIn
I, [2019-06-28T15:46:29.088467 #8507]  INFO -- : Clicou no botão buttonSignIn
I, [2019-06-28T15:46:35.534516 #8507]  INFO -- : Preencheu o campo emailEditText com o valor frormm@gmail.com
I, [2019-06-28T15:46:41.942663 #8507]  INFO -- : Preencheu o campo editTextPassword com o valor 123456
I, [2019-06-28T15:46:41.943098 #8507]  INFO -- : Verificando se existe o elemento buttonSignIn
I, [2019-06-28T15:46:42.584887 #8507]  INFO -- : Aguardou a existência do elemento buttonSignIn
I, [2019-06-28T15:46:42.942140 #8507]  INFO -- : Clicou no botão buttonSignIn
I, [2019-06-28T15:46:44.748003 #8507]  INFO -- : Está buscando o texto do elemento text_view_alert_title
D, [2019-06-28T15:46:48.787934 #8507] DEBUG -- : Fim do Teste!
