# Logfile created on 2019-07-16 11:35:49 -0300 by logger.rb/66358
D, [2019-07-16T11:35:58.228711 #3698] DEBUG -- : Início do teste do cenário mudar_notificações_com_sucesso...
I, [2019-07-16T11:35:58.231788 #3698]  INFO -- : Verificando se existe o elemento buttonSignIn
I, [2019-07-16T11:35:58.646206 #3698]  INFO -- : Verificando se existe o elemento buttonSignIn
I, [2019-07-16T11:35:58.878399 #3698]  INFO -- : Verificando se existe o elemento buttonSignIn
I, [2019-07-16T11:35:59.111848 #3698]  INFO -- : Verificando se existe o elemento buttonSignIn
I, [2019-07-16T11:35:59.348765 #3698]  INFO -- : Verificando se existe o elemento buttonSignIn
I, [2019-07-16T11:35:59.714269 #3698]  INFO -- : Verificando se existe o elemento buttonSignIn
I, [2019-07-16T11:35:59.969697 #3698]  INFO -- : Verificando se existe o elemento buttonSignIn
I, [2019-07-16T11:36:00.385806 #3698]  INFO -- : Aguardou a existência do elemento buttonSignIn
I, [2019-07-16T11:36:00.488711 #3698]  INFO -- : Clicou no botão buttonSignIn
I, [2019-07-16T11:36:00.490818 #3698]  INFO -- : Verificando se existe o elemento emailEditText
I, [2019-07-16T11:36:00.787385 #3698]  INFO -- : Verificando se existe o elemento emailEditText
I, [2019-07-16T11:36:01.640388 #3698]  INFO -- : Aguardou a existência do elemento emailEditText
I, [2019-07-16T11:36:02.941530 #3698]  INFO -- : Preencheu o campo emailEditText com o valor frormm@gmail.com
I, [2019-07-16T11:36:02.941625 #3698]  INFO -- : Verificando se existe o elemento editTextPassword
I, [2019-07-16T11:36:03.462364 #3698]  INFO -- : Aguardou a existência do elemento editTextPassword
I, [2019-07-16T11:36:04.756240 #3698]  INFO -- : Preencheu o campo editTextPassword com o valor thi0927
I, [2019-07-16T11:36:04.756346 #3698]  INFO -- : Verificando se existe o elemento buttonSignIn
I, [2019-07-16T11:36:05.271842 #3698]  INFO -- : Aguardou a existência do elemento buttonSignIn
I, [2019-07-16T11:36:05.331370 #3698]  INFO -- : Clicou no botão buttonSignIn
I, [2019-07-16T11:36:05.333113 #3698]  INFO -- : Verificando se existe o elemento bottom_navigation_container
I, [2019-07-16T11:36:05.795506 #3698]  INFO -- : Verificando se existe o elemento bottom_navigation_container
I, [2019-07-16T11:36:06.453564 #3698]  INFO -- : Verificando se existe o elemento bottom_navigation_container
I, [2019-07-16T11:36:06.687385 #3698]  INFO -- : Verificando se existe o elemento bottom_navigation_container
I, [2019-07-16T11:36:06.937487 #3698]  INFO -- : Verificando se existe o elemento bottom_navigation_container
I, [2019-07-16T11:36:08.773341 #3698]  INFO -- : Aguardou a existência do elemento bottom_navigation_container
I, [2019-07-16T11:36:10.441199 #3698]  INFO -- : Clicou no botão bottom_navigation_container
D, [2019-07-16T11:36:10.957583 #3698] DEBUG -- : Fim do teste do cenário #<Cucumber::Core::Test::Case:0x00007f94b41dbaf0>...
D, [2019-07-16T11:36:11.522147 #3698] DEBUG -- : Fim dos Testes!
