# Logfile created on 2019-06-28 15:37:01 -0300 by logger.rb/66358
D, [2019-06-28T15:37:06.622247 #7683] DEBUG -- : Início do teste do cenário efetuar_login_com_sucesso...
I, [2019-06-28T15:37:06.622430 #7683]  INFO -- : Verificando se existe o elemento buttonSignIn
I, [2019-06-28T15:37:07.770066 #7683]  INFO -- : Aguardou a existência do elemento buttonSignIn
I, [2019-06-28T15:37:08.119955 #7683]  INFO -- : Clicou no botão buttonSignIn
I, [2019-06-28T15:37:14.570088 #7683]  INFO -- : Preencheu o campo emailEditText com o valor frormm@gmail.com
I, [2019-06-28T15:37:20.769270 #7683]  INFO -- : Preencheu o campo editTextPassword com o valor thi0927
I, [2019-06-28T15:37:20.769370 #7683]  INFO -- : Verificando se existe o elemento buttonSignIn
I, [2019-06-28T15:37:21.324828 #7683]  INFO -- : Aguardou a existência do elemento buttonSignIn
I, [2019-06-28T15:37:21.671544 #7683]  INFO -- : Clicou no botão buttonSignIn
I, [2019-06-28T15:37:21.672973 #7683]  INFO -- : Verificando se existe o elemento fragmentStartTxtGreetingTitle
I, [2019-06-28T15:37:24.719350 #7683]  INFO -- : Loguei com sucesso - usuário frormm@gmail.com
I, [2019-06-28T15:37:24.819584 #7683]  INFO -- : Está buscando o texto do elemento fragmentStartTxtGreetingTitle
D, [2019-06-28T15:37:28.870505 #7683] DEBUG -- : Fim do Teste!
D, [2019-06-28T15:37:33.229620 #7683] DEBUG -- : Início do teste do cenário efetuar_login_com_email_nao_cadastrado...
I, [2019-06-28T15:37:33.229927 #7683]  INFO -- : Verificando se existe o elemento buttonSignIn
I, [2019-06-28T15:37:34.453268 #7683]  INFO -- : Aguardou a existência do elemento buttonSignIn
I, [2019-06-28T15:37:34.769331 #7683]  INFO -- : Clicou no botão buttonSignIn
I, [2019-06-28T15:37:41.771949 #7683]  INFO -- : Preencheu o campo emailEditText com o valor teste@descubra.com
I, [2019-06-28T15:37:48.070151 #7683]  INFO -- : Preencheu o campo editTextPassword com o valor thi0927
I, [2019-06-28T15:37:48.070247 #7683]  INFO -- : Verificando se existe o elemento buttonSignIn
I, [2019-06-28T15:37:48.623368 #7683]  INFO -- : Aguardou a existência do elemento buttonSignIn
I, [2019-06-28T15:37:48.970233 #7683]  INFO -- : Clicou no botão buttonSignIn
I, [2019-06-28T15:37:50.718793 #7683]  INFO -- : Está buscando o texto do elemento text_view_alert_title
D, [2019-06-28T15:37:54.028178 #7683] DEBUG -- : Fim do Teste!
D, [2019-06-28T15:37:57.868016 #7683] DEBUG -- : Início do teste do cenário efetuar_login_com_senha_incorreta...
I, [2019-06-28T15:37:57.868208 #7683]  INFO -- : Verificando se existe o elemento buttonSignIn
I, [2019-06-28T15:37:58.572185 #7683]  INFO -- : Verificando se existe o elemento buttonSignIn
I, [2019-06-28T15:37:59.268371 #7683]  INFO -- : Aguardou a existência do elemento buttonSignIn
I, [2019-06-28T15:37:59.617891 #7683]  INFO -- : Clicou no botão buttonSignIn
I, [2019-06-28T15:38:06.171376 #7683]  INFO -- : Preencheu o campo emailEditText com o valor frormm@gmail.com
I, [2019-06-28T15:38:12.417440 #7683]  INFO -- : Preencheu o campo editTextPassword com o valor 123456
I, [2019-06-28T15:38:12.417536 #7683]  INFO -- : Verificando se existe o elemento buttonSignIn
I, [2019-06-28T15:38:12.969384 #7683]  INFO -- : Aguardou a existência do elemento buttonSignIn
I, [2019-06-28T15:38:13.317885 #7683]  INFO -- : Clicou no botão buttonSignIn
I, [2019-06-28T15:38:15.067846 #7683]  INFO -- : Está buscando o texto do elemento text_view_alert_title
D, [2019-06-28T15:38:18.318051 #7683] DEBUG -- : Fim do Teste!
