# Logfile created on 2019-06-28 09:28:15 -0300 by logger.rb/66358
D, [2019-06-28T09:28:18.592579 #2466] DEBUG -- : Início do teste do cenário efetuar_login_com_sucesso...
I, [2019-06-28T09:28:18.594187 #2466]  INFO -- : Verificando se existe o elemento buttonSignIn
I, [2019-06-28T09:28:19.333290 #2466]  INFO -- : Verificando se existe o elemento buttonSignIn
I, [2019-06-28T09:28:20.052873 #2466]  INFO -- : Aguardou a existência do elemento buttonSignIn
I, [2019-06-28T09:28:20.367122 #2466]  INFO -- : Clicou no botão buttonSignIn
I, [2019-06-28T09:28:26.836209 #2466]  INFO -- : Preencheu o campo emailEditText com o valor frormm@gmail.com
I, [2019-06-28T09:28:33.028934 #2466]  INFO -- : Preencheu o campo editTextPassword com o valor thi0927
I, [2019-06-28T09:28:33.029069 #2466]  INFO -- : Verificando se existe o elemento buttonSignIn
I, [2019-06-28T09:28:33.670205 #2466]  INFO -- : Aguardou a existência do elemento buttonSignIn
I, [2019-06-28T09:28:33.999105 #2466]  INFO -- : Clicou no botão buttonSignIn
I, [2019-06-28T09:28:34.000434 #2466]  INFO -- : Verificando se existe o elemento fragmentStartTxtGreetingTitle
I, [2019-06-28T09:28:37.098507 #2466]  INFO -- : Loguei com sucesso - usuário frormm@gmail.com
I, [2019-06-28T09:28:37.136680 #2466]  INFO -- : Está buscando o texto do elemento fragmentStartTxtGreetingTitle
D, [2019-06-28T09:28:39.440981 #2466] DEBUG -- : Fim do Teste!
D, [2019-06-28T09:28:42.409291 #2466] DEBUG -- : Início do teste do cenário efetuar_login_com_email_nao_cadastrado...
I, [2019-06-28T09:28:42.411511 #2466]  INFO -- : Verificando se existe o elemento buttonSignIn
I, [2019-06-28T09:28:43.695430 #2466]  INFO -- : Aguardou a existência do elemento buttonSignIn
I, [2019-06-28T09:28:44.024522 #2466]  INFO -- : Clicou no botão buttonSignIn
I, [2019-06-28T09:28:50.944832 #2466]  INFO -- : Preencheu o campo emailEditText com o valor teste@descubra.com
I, [2019-06-28T09:28:57.270520 #2466]  INFO -- : Preencheu o campo editTextPassword com o valor thi0927
I, [2019-06-28T09:28:57.270622 #2466]  INFO -- : Verificando se existe o elemento buttonSignIn
I, [2019-06-28T09:28:57.673052 #2466]  INFO -- : Aguardou a existência do elemento buttonSignIn
I, [2019-06-28T09:28:57.998229 #2466]  INFO -- : Clicou no botão buttonSignIn
I, [2019-06-28T09:28:59.647359 #2466]  INFO -- : Está buscando o texto do elemento text_view_alert_title
D, [2019-06-28T09:28:59.720754 #2466] DEBUG -- : Erro de login realizado com sucesso!
D, [2019-06-28T09:29:01.870501 #2466] DEBUG -- : Fim do Teste!
D, [2019-06-28T09:29:05.869220 #2466] DEBUG -- : Início do teste do cenário efetuar_login_com_senha_incorreta...
I, [2019-06-28T09:29:05.869768 #2466]  INFO -- : Verificando se existe o elemento buttonSignIn
I, [2019-06-28T09:29:07.115022 #2466]  INFO -- : Aguardou a existência do elemento buttonSignIn
I, [2019-06-28T09:29:07.463997 #2466]  INFO -- : Clicou no botão buttonSignIn
I, [2019-06-28T09:29:14.229247 #2466]  INFO -- : Preencheu o campo emailEditText com o valor frormm@gmail.com
I, [2019-06-28T09:29:20.467266 #2466]  INFO -- : Preencheu o campo editTextPassword com o valor 123456
I, [2019-06-28T09:29:20.467366 #2466]  INFO -- : Verificando se existe o elemento buttonSignIn
I, [2019-06-28T09:29:21.027224 #2466]  INFO -- : Aguardou a existência do elemento buttonSignIn
I, [2019-06-28T09:29:21.415507 #2466]  INFO -- : Clicou no botão buttonSignIn
I, [2019-06-28T09:29:23.214890 #2466]  INFO -- : Está buscando o texto do elemento text_view_alert_title
D, [2019-06-28T09:29:23.313715 #2466] DEBUG -- : Erro de login realizado com sucesso!
D, [2019-06-28T09:29:26.320378 #2466] DEBUG -- : Fim do Teste!
