# Logfile created on 2019-07-16 14:07:51 -0300 by logger.rb/66358
D, [2019-07-16T14:08:01.139527 #6521] DEBUG -- : Início do teste do cenário mudar_notificações_com_sucesso...
I, [2019-07-16T14:08:01.141446 #6521]  INFO -- : Verificando se existe o elemento buttonSignIn
I, [2019-07-16T14:08:01.654612 #6521]  INFO -- : Verificando se existe o elemento buttonSignIn
I, [2019-07-16T14:08:01.902490 #6521]  INFO -- : Verificando se existe o elemento buttonSignIn
I, [2019-07-16T14:08:02.140964 #6521]  INFO -- : Verificando se existe o elemento buttonSignIn
I, [2019-07-16T14:08:02.380928 #6521]  INFO -- : Verificando se existe o elemento buttonSignIn
I, [2019-07-16T14:08:02.761587 #6521]  INFO -- : Verificando se existe o elemento buttonSignIn
I, [2019-07-16T14:08:03.103673 #6521]  INFO -- : Verificando se existe o elemento buttonSignIn
I, [2019-07-16T14:08:03.441580 #6521]  INFO -- : Aguardou a existência do elemento buttonSignIn
I, [2019-07-16T14:08:03.585624 #6521]  INFO -- : Clicou no botão buttonSignIn
I, [2019-07-16T14:08:03.586897 #6521]  INFO -- : Verificando se existe o elemento emailEditText
I, [2019-07-16T14:08:04.599652 #6521]  INFO -- : Verificando se existe o elemento emailEditText
I, [2019-07-16T14:08:05.099725 #6521]  INFO -- : Aguardou a existência do elemento emailEditText
I, [2019-07-16T14:08:06.448535 #6521]  INFO -- : Preencheu o campo emailEditText com o valor frormm@gmail.com
I, [2019-07-16T14:08:06.448638 #6521]  INFO -- : Verificando se existe o elemento editTextPassword
I, [2019-07-16T14:08:06.963001 #6521]  INFO -- : Aguardou a existência do elemento editTextPassword
I, [2019-07-16T14:08:08.259752 #6521]  INFO -- : Preencheu o campo editTextPassword com o valor thi0927
I, [2019-07-16T14:08:08.259860 #6521]  INFO -- : Verificando se existe o elemento buttonSignIn
I, [2019-07-16T14:08:08.771790 #6521]  INFO -- : Aguardou a existência do elemento buttonSignIn
I, [2019-07-16T14:08:08.839293 #6521]  INFO -- : Clicou no botão buttonSignIn
I, [2019-07-16T14:08:08.840310 #6521]  INFO -- : Verificando se existe o elemento 
D, [2019-07-16T14:08:09.199342 #6521] DEBUG -- : Fim do teste do cenário #<Cucumber::Core::Test::Case:0x00007f819036e318>...
D, [2019-07-16T14:08:09.985246 #6521] DEBUG -- : Fim dos Testes!
