# Logfile created on 2019-06-28 14:20:05 -0300 by logger.rb/66358
D, [2019-06-28T14:20:08.704886 #5843] DEBUG -- : Início do teste do cenário efetuar_login_com_sucesso...
I, [2019-06-28T14:20:08.706369 #5843]  INFO -- : Verificando se existe o elemento buttonSignIn
I, [2019-06-28T14:20:10.126965 #5843]  INFO -- : Aguardou a existência do elemento buttonSignIn
I, [2019-06-28T14:20:10.587585 #5843]  INFO -- : Clicou no botão buttonSignIn
I, [2019-06-28T14:20:17.591489 #5843]  INFO -- : Preencheu o campo emailEditText com o valor frormm@gmail.com
I, [2019-06-28T14:20:23.787470 #5843]  INFO -- : Preencheu o campo editTextPassword com o valor thi0927
I, [2019-06-28T14:20:23.787636 #5843]  INFO -- : Verificando se existe o elemento buttonSignIn
I, [2019-06-28T14:20:24.336845 #5843]  INFO -- : Aguardou a existência do elemento buttonSignIn
I, [2019-06-28T14:20:24.661833 #5843]  INFO -- : Clicou no botão buttonSignIn
I, [2019-06-28T14:20:24.663785 #5843]  INFO -- : Verificando se existe o elemento fragmentStartTxtGreetingTitle
I, [2019-06-28T14:20:27.965925 #5843]  INFO -- : Loguei com sucesso - usuário frormm@gmail.com
I, [2019-06-28T14:20:28.004872 #5843]  INFO -- : Está buscando o texto do elemento fragmentStartTxtGreetingTitle
D, [2019-06-28T14:20:30.222527 #5843] DEBUG -- : Fim do Teste!
D, [2019-06-28T14:20:33.391744 #5843] DEBUG -- : Início do teste do cenário efetuar_login_com_email_nao_cadastrado...
I, [2019-06-28T14:20:33.392376 #5843]  INFO -- : Verificando se existe o elemento buttonSignIn
I, [2019-06-28T14:20:34.676576 #5843]  INFO -- : Aguardou a existência do elemento buttonSignIn
I, [2019-06-28T14:20:35.110101 #5843]  INFO -- : Clicou no botão buttonSignIn
I, [2019-06-28T14:20:42.408869 #5843]  INFO -- : Preencheu o campo emailEditText com o valor teste@descubra.com
I, [2019-06-28T14:20:48.642739 #5843]  INFO -- : Preencheu o campo editTextPassword com o valor thi0927
I, [2019-06-28T14:20:48.643700 #5843]  INFO -- : Verificando se existe o elemento buttonSignIn
I, [2019-06-28T14:20:49.205285 #5843]  INFO -- : Aguardou a existência do elemento buttonSignIn
I, [2019-06-28T14:20:49.559395 #5843]  INFO -- : Clicou no botão buttonSignIn
I, [2019-06-28T14:20:51.546870 #5843]  INFO -- : Está buscando o texto do elemento text_view_alert_title
D, [2019-06-28T14:20:55.948197 #5843] DEBUG -- : Fim do Teste!
D, [2019-06-28T14:21:00.249214 #5843] DEBUG -- : Início do teste do cenário efetuar_login_com_senha_incorreta...
I, [2019-06-28T14:21:00.249896 #5843]  INFO -- : Verificando se existe o elemento buttonSignIn
I, [2019-06-28T14:21:01.497334 #5843]  INFO -- : Aguardou a existência do elemento buttonSignIn
I, [2019-06-28T14:21:01.854138 #5843]  INFO -- : Clicou no botão buttonSignIn
I, [2019-06-28T14:21:08.495145 #5843]  INFO -- : Preencheu o campo emailEditText com o valor frormm@gmail.com
I, [2019-06-28T14:21:14.701025 #5843]  INFO -- : Preencheu o campo editTextPassword com o valor 123456
I, [2019-06-28T14:21:14.701133 #5843]  INFO -- : Verificando se existe o elemento buttonSignIn
I, [2019-06-28T14:21:15.605194 #5843]  INFO -- : Aguardou a existência do elemento buttonSignIn
I, [2019-06-28T14:21:15.995080 #5843]  INFO -- : Clicou no botão buttonSignIn
I, [2019-06-28T14:21:18.060043 #5843]  INFO -- : Está buscando o texto do elemento text_view_alert_title
D, [2019-06-28T14:21:21.247707 #5843] DEBUG -- : Fim do Teste!
