# Logfile created on 2019-06-19 10:02:17 -0300 by logger.rb/66358
I, [2019-06-19T10:02:17.774489 #1585]  INFO -- : Fim do Teste!
I, [2019-06-19T10:02:17.776660 #1585]  INFO -- : Fim do Teste!
I, [2019-06-19T10:02:17.778622 #1585]  INFO -- : Fim do Teste!
I, [2019-06-19T10:03:36.682570 #1602]  INFO -- : Início do teste...
I, [2019-06-19T10:03:36.682878 #1602]  INFO -- : Verificando se existe o elemento buttonSignIn
I, [2019-06-19T10:03:37.635066 #1602]  INFO -- : Verificando se existe o elemento buttonSignIn
I, [2019-06-19T10:03:38.598727 #1602]  INFO -- : Verificando se existe o elemento buttonSignIn
I, [2019-06-19T10:03:38.888585 #1602]  INFO -- : Verificando se existe o elemento buttonSignIn
I, [2019-06-19T10:03:39.160638 #1602]  INFO -- : Verificando se existe o elemento buttonSignIn
I, [2019-06-19T10:03:39.706341 #1602]  INFO -- : Verificando se existe o elemento buttonSignIn
I, [2019-06-19T10:03:39.982992 #1602]  INFO -- : Verificando se existe o elemento buttonSignIn
I, [2019-06-19T10:03:40.261539 #1602]  INFO -- : Verificando se existe o elemento buttonSignIn
I, [2019-06-19T10:03:40.538256 #1602]  INFO -- : Verificando se existe o elemento buttonSignIn
I, [2019-06-19T10:03:40.838697 #1602]  INFO -- : Verificando se existe o elemento buttonSignIn
I, [2019-06-19T10:03:41.124846 #1602]  INFO -- : Verificando se existe o elemento buttonSignIn
I, [2019-06-19T10:03:41.412894 #1602]  INFO -- : Verificando se existe o elemento buttonSignIn
I, [2019-06-19T10:03:41.692834 #1602]  INFO -- : Verificando se existe o elemento buttonSignIn
I, [2019-06-19T10:03:41.970111 #1602]  INFO -- : Verificando se existe o elemento buttonSignIn
I, [2019-06-19T10:03:42.248871 #1602]  INFO -- : Verificando se existe o elemento buttonSignIn
I, [2019-06-19T10:03:42.519260 #1602]  INFO -- : Verificando se existe o elemento buttonSignIn
I, [2019-06-19T10:03:42.791678 #1602]  INFO -- : Verificando se existe o elemento buttonSignIn
I, [2019-06-19T10:03:43.064729 #1602]  INFO -- : Verificando se existe o elemento buttonSignIn
I, [2019-06-19T10:03:43.341924 #1602]  INFO -- : Verificando se existe o elemento buttonSignIn
I, [2019-06-19T10:03:43.633669 #1602]  INFO -- : Verificando se existe o elemento buttonSignIn
I, [2019-06-19T10:03:43.920504 #1602]  INFO -- : Verificando se existe o elemento buttonSignIn
I, [2019-06-19T10:03:44.199119 #1602]  INFO -- : Verificando se existe o elemento buttonSignIn
I, [2019-06-19T10:03:44.497487 #1602]  INFO -- : Verificando se existe o elemento buttonSignIn
I, [2019-06-19T10:03:44.775667 #1602]  INFO -- : Verificando se existe o elemento buttonSignIn
I, [2019-06-19T10:03:51.242042 #1602]  INFO -- : Fim do Teste!
I, [2019-06-19T10:03:55.267671 #1602]  INFO -- : Início do teste...
I, [2019-06-19T10:03:55.267997 #1602]  INFO -- : Verificando se existe o elemento buttonSignIn
I, [2019-06-19T10:06:59.796410 #1700]  INFO -- : Início do teste...
I, [2019-06-19T10:06:59.796757 #1700]  INFO -- : Verificando se existe o elemento buttonSignIn
I, [2019-06-19T10:07:01.244916 #1700]  INFO -- : Aguardou a existência do elemento buttonSignIn
I, [2019-06-19T10:07:01.741345 #1700]  INFO -- : Clicou no botão buttonSignIn
I, [2019-06-19T10:07:08.341628 #1700]  INFO -- : Preencheu o campo emailEditText com o valor frormm@gmail.com
I, [2019-06-19T10:07:14.748970 #1700]  INFO -- : Preencheu o campo editTextPassword com o valor thi0927
I, [2019-06-19T10:07:14.750227 #1700]  INFO -- : Verificando se existe o elemento buttonSignIn
I, [2019-06-19T10:07:15.342883 #1700]  INFO -- : Aguardou a existência do elemento buttonSignIn
I, [2019-06-19T10:07:15.840517 #1700]  INFO -- : Clicou no botão buttonSignIn
I, [2019-06-19T10:07:15.842325 #1700]  INFO -- : Verificando se existe o elemento fragmentStartTxtGreetingTitle
E, [2019-06-19T10:07:17.092200 #1700] ERROR -- : Login não deu certo - erro!
I, [2019-06-19T10:07:18.596789 #1700]  INFO -- : Fim do Teste!
I, [2019-06-19T10:07:23.691246 #1700]  INFO -- : Início do teste...
I, [2019-06-19T10:07:23.691517 #1700]  INFO -- : Verificando se existe o elemento buttonSignIn
I, [2019-06-19T10:07:24.348542 #1700]  INFO -- : Verificando se existe o elemento buttonSignIn
I, [2019-06-19T10:07:25.554385 #1700]  INFO -- : Verificando se existe o elemento buttonSignIn
I, [2019-06-19T10:07:25.645318 #1700]  INFO -- : Aguardou a existência do elemento buttonSignIn
I, [2019-06-19T10:07:26.140349 #1700]  INFO -- : Clicou no botão buttonSignIn
I, [2019-06-19T10:07:33.191006 #1700]  INFO -- : Preencheu o campo emailEditText com o valor teste@descubra.com
I, [2019-06-19T10:07:39.549151 #1700]  INFO -- : Preencheu o campo editTextPassword com o valor thi0927
I, [2019-06-19T10:07:39.549320 #1700]  INFO -- : Verificando se existe o elemento buttonSignIn
I, [2019-06-19T10:07:40.092678 #1700]  INFO -- : Aguardou a existência do elemento buttonSignIn
I, [2019-06-19T10:07:40.490163 #1700]  INFO -- : Clicou no botão buttonSignIn
I, [2019-06-19T10:07:42.889723 #1700]  INFO -- : Está buscando o texto do elemento text_view_alert_title
I, [2019-06-19T10:07:42.992022 #1700]  INFO -- : Erro no Login com sucesso
I, [2019-06-19T10:07:44.302927 #1700]  INFO -- : Fim do Teste!
I, [2019-06-19T10:07:48.599663 #1700]  INFO -- : Início do teste...
I, [2019-06-19T10:07:48.599938 #1700]  INFO -- : Verificando se existe o elemento buttonSignIn
I, [2019-06-19T10:07:49.943097 #1700]  INFO -- : Aguardou a existência do elemento buttonSignIn
I, [2019-06-19T10:07:50.297111 #1700]  INFO -- : Clicou no botão buttonSignIn
I, [2019-06-19T10:07:57.296206 #1700]  INFO -- : Preencheu o campo emailEditText com o valor frormm@gmail.com
I, [2019-06-19T10:08:03.638217 #1700]  INFO -- : Preencheu o campo editTextPassword com o valor 123456
I, [2019-06-19T10:08:03.638314 #1700]  INFO -- : Verificando se existe o elemento buttonSignIn
I, [2019-06-19T10:08:04.238574 #1700]  INFO -- : Aguardou a existência do elemento buttonSignIn
I, [2019-06-19T10:08:04.600848 #1700]  INFO -- : Clicou no botão buttonSignIn
I, [2019-06-19T10:08:07.138502 #1700]  INFO -- : Está buscando o texto do elemento text_view_alert_title
I, [2019-06-19T10:08:07.288675 #1700]  INFO -- : Erro no Login com sucesso
I, [2019-06-19T10:08:08.339337 #1700]  INFO -- : Fim do Teste!
I, [2019-06-19T13:50:15.891735 #4504]  INFO -- : Início do teste...
I, [2019-06-19T13:50:15.893342 #4504]  INFO -- : Verificando se existe o elemento btnEnterNoLogin
I, [2019-06-19T13:50:17.113041 #4504]  INFO -- : Aguardou a existência do elemento btnEnterNoLogin
I, [2019-06-19T13:50:17.319599 #4504]  INFO -- : Clicou no botão btnEnterNoLogin
I, [2019-06-19T13:50:17.320798 #4504]  INFO -- : Verificando se existe o elemento fragmentStartTxtGreetingTitle
I, [2019-06-19T13:50:19.213799 #4504]  INFO -- : Está buscando o texto do elemento fragmentStartTxtGreetingTitle
I, [2019-06-19T13:50:19.288063 #4504]  INFO -- : Acesso sem login com sucesso!
I, [2019-06-19T13:50:20.738509 #4504]  INFO -- : Fim do Teste!
I, [2019-06-19T13:59:56.720491 #4702]  INFO -- : Início do teste...
I, [2019-06-19T13:59:56.720695 #4702]  INFO -- : Verificando se existe o elemento btnEnterNoLogin
I, [2019-06-19T13:59:58.094442 #4702]  INFO -- : Aguardou a existência do elemento btnEnterNoLogin
I, [2019-06-19T13:59:58.331967 #4702]  INFO -- : Clicou no botão btnEnterNoLogin
I, [2019-06-19T13:59:58.333450 #4702]  INFO -- : Verificando se existe o elemento fragmentStartTxtGreetingTitle
I, [2019-06-19T14:00:00.201221 #4702]  INFO -- : Está buscando o texto do elemento fragmentStartTxtGreetingTitle
I, [2019-06-19T14:00:00.303360 #4702]  INFO -- : Acesso sem login com sucesso!
I, [2019-06-19T14:00:01.209095 #4702]  INFO -- : Fim do Teste!
I, [2019-06-19T14:02:48.698334 #4813]  INFO -- : Início do teste...
I, [2019-06-19T14:02:48.699759 #4813]  INFO -- : Verificando se existe o elemento btnEnterNoLogin
I, [2019-06-19T14:02:50.096853 #4813]  INFO -- : Aguardou a existência do elemento btnEnterNoLogin
I, [2019-06-19T14:02:50.341573 #4813]  INFO -- : Clicou no botão btnEnterNoLogin
I, [2019-06-19T14:02:50.344117 #4813]  INFO -- : Verificando se existe o elemento fragmentStartTxtGreetingTitle
I, [2019-06-19T14:02:51.966911 #4813]  INFO -- : Está buscando o texto do elemento fragmentStartTxtGreetingTitle
I, [2019-06-19T14:02:52.038011 #4813]  INFO -- : Acesso sem login com sucesso!
I, [2019-06-19T14:02:53.006570 #4813]  INFO -- : Fim do Teste!
I, [2019-06-19T14:19:53.566193 #5074]  INFO -- : Início do teste...
I, [2019-06-19T14:19:53.567181 #5074]  INFO -- : Verificando se existe o elemento btnEnterNoLogin
I, [2019-06-19T14:19:54.800228 #5074]  INFO -- : Aguardou a existência do elemento btnEnterNoLogin
I, [2019-06-19T14:19:55.041000 #5074]  INFO -- : Clicou no botão btnEnterNoLogin
I, [2019-06-19T14:19:55.043429 #5074]  INFO -- : Verificando se existe o elemento fragmentStartTxtGreetingTitle
I, [2019-06-19T14:19:56.749930 #5074]  INFO -- : Está buscando o texto do elemento fragmentStartTxtGreetingTitle
I, [2019-06-19T14:19:56.850480 #5074]  INFO -- : Acesso sem login com sucesso!
I, [2019-06-19T14:19:57.866471 #5074]  INFO -- : Fim do Teste!
I, [2019-06-19T14:20:54.135737 #5148]  INFO -- : Início do teste...
I, [2019-06-19T14:20:54.136818 #5148]  INFO -- : Verificando se existe o elemento buttonSignUp
I, [2019-06-19T14:20:55.430195 #5148]  INFO -- : Aguardou a existência do elemento buttonSignUp
I, [2019-06-19T14:20:55.838920 #5148]  INFO -- : Clicou no botão buttonSignUp
I, [2019-06-19T14:21:02.710981 #5148]  INFO -- : Preencheu o campo fullNameEditText com o valor Simara
I, [2019-06-19T14:21:09.015155 #5148]  INFO -- : Preencheu o campo sign_up_edit_cpf com o valor 68353602245
I, [2019-06-19T14:21:15.367620 #5148]  INFO -- : Preencheu o campo sign_up_edit_birthday com o valor 07011944
I, [2019-06-19T14:21:21.982238 #5148]  INFO -- : Preencheu o campo emailEditText com o valor katherine_dubuque@yahoo.com
I, [2019-06-19T14:21:28.337546 #5148]  INFO -- : Preencheu o campo passwordEditText com o valor Senha123!
I, [2019-06-19T14:21:28.929489 #5148]  INFO -- : Verificando se existe o elemento sendButton
I, [2019-06-19T14:21:29.587110 #5148]  INFO -- : Aguardou a existência do elemento sendButton
I, [2019-06-19T14:21:29.746322 #5148]  INFO -- : Clicou no botão sendButton
I, [2019-06-19T14:21:29.746955 #5148]  INFO -- : Verificando se existe o elemento signUpEmail
E, [2019-06-19T14:21:31.027208 #5148] ERROR -- : Cadastro não deu certo!
I, [2019-06-19T14:21:32.103726 #5148]  INFO -- : Fim do Teste!
I, [2019-06-19T14:22:11.622491 #5232]  INFO -- : Início do teste...
I, [2019-06-19T14:22:11.622689 #5232]  INFO -- : Verificando se existe o elemento buttonSignUp
I, [2019-06-19T14:22:12.950614 #5232]  INFO -- : Aguardou a existência do elemento buttonSignUp
I, [2019-06-19T14:22:13.341007 #5232]  INFO -- : Clicou no botão buttonSignUp
I, [2019-06-19T14:22:19.699657 #5232]  INFO -- : Preencheu o campo fullNameEditText com o valor Carine
I, [2019-06-19T14:22:25.987354 #5232]  INFO -- : Preencheu o campo sign_up_edit_cpf com o valor 69056309188
I, [2019-06-19T14:22:32.894379 #5232]  INFO -- : Preencheu o campo sign_up_edit_birthday com o valor 12021940
I, [2019-06-19T14:22:39.515732 #5232]  INFO -- : Preencheu o campo emailEditText com o valor marcia.stiedemann@yahoo.com
I, [2019-06-19T14:22:45.744653 #5232]  INFO -- : Preencheu o campo passwordEditText com o valor Senha123!
I, [2019-06-19T14:22:46.347107 #5232]  INFO -- : Verificando se existe o elemento sendButton
I, [2019-06-19T14:22:47.043688 #5232]  INFO -- : Aguardou a existência do elemento sendButton
I, [2019-06-19T14:22:47.196152 #5232]  INFO -- : Clicou no botão sendButton
I, [2019-06-19T14:22:47.196376 #5232]  INFO -- : Verificando se existe o elemento signUpEmail
E, [2019-06-19T14:22:48.559999 #5232] ERROR -- : Cadastro não deu certo!
I, [2019-06-19T14:22:49.605174 #5232]  INFO -- : Fim do Teste!
I, [2019-06-19T14:23:26.245531 #5304]  INFO -- : Início do teste...
I, [2019-06-19T14:23:26.245774 #5304]  INFO -- : Verificando se existe o elemento btnEnterNoLogin
I, [2019-06-19T14:23:27.571582 #5304]  INFO -- : Aguardou a existência do elemento btnEnterNoLogin
I, [2019-06-19T14:23:27.832889 #5304]  INFO -- : Clicou no botão btnEnterNoLogin
I, [2019-06-19T14:23:27.833437 #5304]  INFO -- : Verificando se existe o elemento fragmentStartTxtGreetingTitle
I, [2019-06-19T14:23:29.827479 #5304]  INFO -- : Está buscando o texto do elemento fragmentStartTxtGreetingTitle
I, [2019-06-19T14:23:30.180827 #5304]  INFO -- : Acesso sem login com sucesso!
I, [2019-06-19T14:23:31.914463 #5304]  INFO -- : Fim do Teste!
I, [2019-06-19T14:26:22.048783 #5413]  INFO -- : Início do teste...
I, [2019-06-19T14:26:22.049793 #5413]  INFO -- : Verificando se existe o elemento btnEnterNoLogin
I, [2019-06-19T14:26:23.377616 #5413]  INFO -- : Aguardou a existência do elemento btnEnterNoLogin
I, [2019-06-19T14:26:23.621769 #5413]  INFO -- : Clicou no botão btnEnterNoLogin
I, [2019-06-19T14:26:23.622772 #5413]  INFO -- : Verificando se existe o elemento fragmentStartTxtGreetingTitle
I, [2019-06-19T14:26:25.460813 #5413]  INFO -- : Está buscando o texto do elemento fragmentStartTxtGreetingTitle
I, [2019-06-19T14:26:25.563570 #5413]  INFO -- : Acesso sem login com sucesso!
I, [2019-06-19T14:26:26.430312 #5413]  INFO -- : Fim do Teste!
I, [2019-06-19T14:27:24.468159 #5494]  INFO -- : Início do teste...
I, [2019-06-19T14:27:24.468909 #5494]  INFO -- : Verificando se existe o elemento btnEnterNoLogin
I, [2019-06-19T14:27:25.805385 #5494]  INFO -- : Aguardou a existência do elemento btnEnterNoLogin
I, [2019-06-19T14:27:26.050242 #5494]  INFO -- : Clicou no botão btnEnterNoLogin
I, [2019-06-19T14:27:26.051164 #5494]  INFO -- : Verificando se existe o elemento fragmentStartTxtGreetingTitle
I, [2019-06-19T14:27:27.779891 #5494]  INFO -- : Está buscando o texto do elemento fragmentStartTxtGreetingTitle
I, [2019-06-19T14:27:27.846601 #5494]  INFO -- : Acesso sem login com sucesso!
I, [2019-06-19T14:27:28.721875 #5494]  INFO -- : Fim do Teste!
I, [2019-06-19T14:28:24.619366 #5563]  INFO -- : Início do teste...
I, [2019-06-19T14:28:24.619569 #5563]  INFO -- : Verificando se existe o elemento btnEnterNoLogin
I, [2019-06-19T14:28:25.975197 #5563]  INFO -- : Aguardou a existência do elemento btnEnterNoLogin
I, [2019-06-19T14:28:26.215173 #5563]  INFO -- : Clicou no botão btnEnterNoLogin
I, [2019-06-19T14:28:26.216787 #5563]  INFO -- : Verificando se existe o elemento fragmentStartTxtGreetingTitle
I, [2019-06-19T14:28:28.030517 #5563]  INFO -- : Está buscando o texto do elemento fragmentStartTxtGreetingTitle
I, [2019-06-19T14:28:28.099062 #5563]  INFO -- : Acesso sem login com sucesso!
I, [2019-06-19T14:28:29.011701 #5563]  INFO -- : Fim do Teste!
I, [2019-06-19T14:31:16.121833 #5659]  INFO -- : Início do teste...
I, [2019-06-19T14:31:16.122046 #5659]  INFO -- : Verificando se existe o elemento buttonSignUp
I, [2019-06-19T14:31:17.493082 #5659]  INFO -- : Aguardou a existência do elemento buttonSignUp
I, [2019-06-19T14:31:17.881231 #5659]  INFO -- : Clicou no botão buttonSignUp
I, [2019-06-19T14:31:24.661378 #5659]  INFO -- : Preencheu o campo fullNameEditText com o valor Edgar
I, [2019-06-19T14:31:30.965563 #5659]  INFO -- : Preencheu o campo sign_up_edit_cpf com o valor 50743505220
I, [2019-06-19T14:31:37.419149 #5659]  INFO -- : Preencheu o campo sign_up_edit_birthday com o valor 20041964
I, [2019-06-19T14:31:43.948329 #5659]  INFO -- : Preencheu o campo emailEditText com o valor carmella@gmail.com
I, [2019-06-19T14:31:50.298468 #5659]  INFO -- : Preencheu o campo passwordEditText com o valor Senha123!
I, [2019-06-19T14:31:50.913442 #5659]  INFO -- : Verificando se existe o elemento sendButton
I, [2019-06-19T14:31:51.586712 #5659]  INFO -- : Aguardou a existência do elemento sendButton
I, [2019-06-19T14:31:51.799425 #5659]  INFO -- : Clicou no botão sendButton
I, [2019-06-19T14:31:51.799706 #5659]  INFO -- : Verificando se existe o elemento signUpEmail
E, [2019-06-19T14:31:52.912427 #5659] ERROR -- : Cadastro não deu certo!
I, [2019-06-19T14:31:53.988078 #5659]  INFO -- : Fim do Teste!
I, [2019-06-19T14:33:14.818106 #5760]  INFO -- : Início do teste...
I, [2019-06-19T14:33:14.818905 #5760]  INFO -- : Verificando se existe o elemento buttonSignUp
I, [2019-06-19T14:33:16.073765 #5760]  INFO -- : Aguardou a existência do elemento buttonSignUp
I, [2019-06-19T14:33:16.468588 #5760]  INFO -- : Clicou no botão buttonSignUp
I, [2019-06-19T14:33:23.246597 #5760]  INFO -- : Preencheu o campo fullNameEditText com o valor Julieta
I, [2019-06-19T14:33:29.651652 #5760]  INFO -- : Preencheu o campo sign_up_edit_cpf com o valor 66696819924
I, [2019-06-19T14:33:36.155873 #5760]  INFO -- : Preencheu o campo sign_up_edit_birthday com o valor 07061958
I, [2019-06-19T14:33:42.693703 #5760]  INFO -- : Preencheu o campo emailEditText com o valor roland@hotmail.com
I, [2019-06-19T14:33:49.033213 #5760]  INFO -- : Preencheu o campo passwordEditText com o valor Senha123!
I, [2019-06-19T14:33:49.617212 #5760]  INFO -- : Verificando se existe o elemento sendButton
I, [2019-06-19T14:33:50.306907 #5760]  INFO -- : Aguardou a existência do elemento sendButton
I, [2019-06-19T14:33:50.506317 #5760]  INFO -- : Clicou no botão sendButton
I, [2019-06-19T14:33:50.508382 #5760]  INFO -- : Verificando se existe o elemento signUpEmail
E, [2019-06-19T14:33:51.745651 #5760] ERROR -- : Cadastro não deu certo!
I, [2019-06-19T14:33:53.238028 #5760]  INFO -- : Fim do Teste!
I, [2019-06-19T14:34:11.582772 #5820]  INFO -- : Início do teste...
I, [2019-06-19T14:34:11.584643 #5820]  INFO -- : Verificando se existe o elemento buttonSignUp
I, [2019-06-19T14:34:12.907121 #5820]  INFO -- : Aguardou a existência do elemento buttonSignUp
I, [2019-06-19T14:34:13.280877 #5820]  INFO -- : Clicou no botão buttonSignUp
I, [2019-06-19T14:34:19.676819 #5820]  INFO -- : Preencheu o campo fullNameEditText com o valor Alexandre
I, [2019-06-19T14:34:26.077325 #5820]  INFO -- : Preencheu o campo sign_up_edit_cpf com o valor 13331370282
I, [2019-06-19T14:34:32.527372 #5820]  INFO -- : Preencheu o campo sign_up_edit_birthday com o valor 21091938
I, [2019-06-19T14:34:39.083236 #5820]  INFO -- : Preencheu o campo emailEditText com o valor carma_blanda@gmail.com
I, [2019-06-19T14:34:45.425737 #5820]  INFO -- : Preencheu o campo passwordEditText com o valor Senha123!
I, [2019-06-19T14:34:46.031591 #5820]  INFO -- : Verificando se existe o elemento sendButton
I, [2019-06-19T14:34:46.738902 #5820]  INFO -- : Aguardou a existência do elemento sendButton
I, [2019-06-19T14:34:47.024280 #5820]  INFO -- : Clicou no botão sendButton
I, [2019-06-19T14:34:47.024815 #5820]  INFO -- : Verificando se existe o elemento signUpEmail
E, [2019-06-19T14:34:48.322123 #5820] ERROR -- : Cadastro não deu certo!
I, [2019-06-19T14:34:49.476535 #5820]  INFO -- : Fim do Teste!
I, [2019-06-19T14:36:09.695819 #5907]  INFO -- : Início do teste...
I, [2019-06-19T14:36:09.696889 #5907]  INFO -- : Verificando se existe o elemento buttonSignUp
I, [2019-06-19T14:36:11.304252 #5907]  INFO -- : Aguardou a existência do elemento buttonSignUp
I, [2019-06-19T14:36:11.816152 #5907]  INFO -- : Clicou no botão buttonSignUp
I, [2019-06-19T14:36:18.531456 #5907]  INFO -- : Preencheu o campo fullNameEditText com o valor Anieta
I, [2019-06-19T14:36:25.043103 #5907]  INFO -- : Preencheu o campo sign_up_edit_cpf com o valor 08074005216
I, [2019-06-19T14:36:31.830370 #5907]  INFO -- : Preencheu o campo sign_up_edit_birthday com o valor 05081980
I, [2019-06-19T14:36:38.679555 #5907]  INFO -- : Preencheu o campo emailEditText com o valor rickie.lindgren@gmail.com
I, [2019-06-19T14:36:45.082429 #5907]  INFO -- : Preencheu o campo passwordEditText com o valor Senha123!
I, [2019-06-19T14:36:45.679968 #5907]  INFO -- : Verificando se existe o elemento sendButton
I, [2019-06-19T14:36:46.378614 #5907]  INFO -- : Aguardou a existência do elemento sendButton
I, [2019-06-19T14:36:46.679325 #5907]  INFO -- : Clicou no botão sendButton
I, [2019-06-19T14:36:46.681035 #5907]  INFO -- : Verificando se existe o elemento signUpEmail
E, [2019-06-19T14:36:48.029655 #5907] ERROR -- : Cadastro não deu certo!
I, [2019-06-19T14:36:49.286721 #5907]  INFO -- : Fim do Teste!
I, [2019-06-19T14:37:55.787593 #5976]  INFO -- : Início do teste...
I, [2019-06-19T14:37:55.788451 #5976]  INFO -- : Verificando se existe o elemento btnEnterNoLogin
I, [2019-06-19T14:37:57.322105 #5976]  INFO -- : Aguardou a existência do elemento btnEnterNoLogin
I, [2019-06-19T14:37:57.669098 #5976]  INFO -- : Clicou no botão btnEnterNoLogin
I, [2019-06-19T14:37:57.671840 #5976]  INFO -- : Verificando se existe o elemento fragmentStartTxtGreetingTitle
I, [2019-06-19T14:37:59.649564 #5976]  INFO -- : Está buscando o texto do elemento fragmentStartTxtGreetingTitle
I, [2019-06-19T14:37:59.880471 #5976]  INFO -- : Acesso sem login com sucesso!
I, [2019-06-19T14:38:01.329695 #5976]  INFO -- : Fim do Teste!
I, [2019-06-19T14:40:43.606610 #6082]  INFO -- : Início do teste...
I, [2019-06-19T14:40:43.607629 #6082]  INFO -- : Verificando se existe o elemento btnEnterNoLogin
I, [2019-06-19T14:40:44.914739 #6082]  INFO -- : Aguardou a existência do elemento btnEnterNoLogin
I, [2019-06-19T14:40:45.149607 #6082]  INFO -- : Clicou no botão btnEnterNoLogin
I, [2019-06-19T14:40:45.151309 #6082]  INFO -- : Verificando se existe o elemento fragmentStartTxtGreetingTitle
I, [2019-06-19T14:40:46.997134 #6082]  INFO -- : Está buscando o texto do elemento fragmentStartTxtGreetingTitle
I, [2019-06-19T14:40:47.083877 #6082]  INFO -- : Acesso sem login com sucesso!
I, [2019-06-19T14:40:47.998389 #6082]  INFO -- : Fim do Teste!
I, [2019-06-19T14:41:12.604682 #6138]  INFO -- : Início do teste...
I, [2019-06-19T14:41:12.605689 #6138]  INFO -- : Verificando se existe o elemento btnEnterNoLogin
I, [2019-06-19T14:41:13.807914 #6138]  INFO -- : Aguardou a existência do elemento btnEnterNoLogin
I, [2019-06-19T14:41:14.048230 #6138]  INFO -- : Clicou no botão btnEnterNoLogin
I, [2019-06-19T14:41:14.049194 #6138]  INFO -- : Verificando se existe o elemento fragmentStartTxtGreetingTitle
I, [2019-06-19T14:41:16.097404 #6138]  INFO -- : Está buscando o texto do elemento fragmentStartTxtGreetingTitle
I, [2019-06-19T14:41:16.233212 #6138]  INFO -- : Acesso sem login com sucesso!
I, [2019-06-19T14:41:17.178882 #6138]  INFO -- : Fim do Teste!
I, [2019-06-19T14:41:31.917957 #6184]  INFO -- : Início do teste...
I, [2019-06-19T14:41:31.918841 #6184]  INFO -- : Verificando se existe o elemento btnEnterNoLogin
I, [2019-06-19T14:41:33.235641 #6184]  INFO -- : Aguardou a existência do elemento btnEnterNoLogin
I, [2019-06-19T14:41:33.467595 #6184]  INFO -- : Clicou no botão btnEnterNoLogin
I, [2019-06-19T14:41:33.468399 #6184]  INFO -- : Verificando se existe o elemento fragmentStartTxtGreetingTitle
I, [2019-06-19T14:41:35.768412 #6184]  INFO -- : Está buscando o texto do elemento fragmentStartTxtGreetingTitle
I, [2019-06-19T14:41:35.971844 #6184]  INFO -- : Acesso sem login com sucesso!
I, [2019-06-19T14:41:36.935848 #6184]  INFO -- : Fim do Teste!
I, [2019-06-19T14:43:03.403483 #6259]  INFO -- : Início do teste...
I, [2019-06-19T14:43:03.404588 #6259]  INFO -- : Verificando se existe o elemento btnEnterNoLogin
I, [2019-06-19T14:43:04.744306 #6259]  INFO -- : Aguardou a existência do elemento btnEnterNoLogin
I, [2019-06-19T14:43:04.966323 #6259]  INFO -- : Clicou no botão btnEnterNoLogin
I, [2019-06-19T14:43:04.968135 #6259]  INFO -- : Verificando se existe o elemento fragmentStartTxtGreetingTitle
I, [2019-06-19T14:43:06.748570 #6259]  INFO -- : Está buscando o texto do elemento fragmentStartTxtGreetingTitle
I, [2019-06-19T14:43:06.849370 #6259]  INFO -- : Acesso sem login com sucesso!
I, [2019-06-19T14:43:07.819995 #6259]  INFO -- : Fim do Teste!
I, [2019-06-19T14:43:27.433546 #6314]  INFO -- : Início do teste...
I, [2019-06-19T14:43:27.434630 #6314]  INFO -- : Verificando se existe o elemento btnEnterNoLogin
I, [2019-06-19T14:43:28.778403 #6314]  INFO -- : Aguardou a existência do elemento btnEnterNoLogin
I, [2019-06-19T14:43:29.003095 #6314]  INFO -- : Clicou no botão btnEnterNoLogin
I, [2019-06-19T14:43:29.004299 #6314]  INFO -- : Verificando se existe o elemento fragmentStartTxtGreetingTitle
I, [2019-06-19T14:43:31.450557 #6314]  INFO -- : Está buscando o texto do elemento fragmentStartTxtGreetingTitle
I, [2019-06-19T14:43:31.586468 #6314]  INFO -- : Acesso sem login com sucesso!
I, [2019-06-19T14:43:32.783015 #6314]  INFO -- : Fim do Teste!
I, [2019-06-19T14:44:12.686979 #6379]  INFO -- : Início do teste...
I, [2019-06-19T14:44:12.687867 #6379]  INFO -- : Verificando se existe o elemento buttonSignUp
I, [2019-06-19T14:44:13.962695 #6379]  INFO -- : Aguardou a existência do elemento buttonSignUp
I, [2019-06-19T14:44:14.329394 #6379]  INFO -- : Clicou no botão buttonSignUp
I, [2019-06-19T14:44:20.730286 #6379]  INFO -- : Preencheu o campo fullNameEditText com o valor Carole
I, [2019-06-19T14:44:27.015225 #6379]  INFO -- : Preencheu o campo sign_up_edit_cpf com o valor 58652120102
I, [2019-06-19T14:44:33.892087 #6379]  INFO -- : Preencheu o campo sign_up_edit_birthday com o valor 10041945
I, [2019-06-19T14:44:40.287938 #6379]  INFO -- : Preencheu o campo emailEditText com o valor azalee@gmail.com
I, [2019-06-19T14:44:46.754106 #6379]  INFO -- : Preencheu o campo passwordEditText com o valor Senha123!
I, [2019-06-19T14:44:47.330130 #6379]  INFO -- : Verificando se existe o elemento sendButton
I, [2019-06-19T14:44:48.231626 #6379]  INFO -- : Aguardou a existência do elemento sendButton
I, [2019-06-19T14:44:48.416455 #6379]  INFO -- : Clicou no botão sendButton
I, [2019-06-19T14:44:48.417251 #6379]  INFO -- : Verificando se existe o elemento signUpEmail
E, [2019-06-19T14:44:49.818303 #6379] ERROR -- : Cadastro não deu certo!
I, [2019-06-19T14:44:50.791374 #6379]  INFO -- : Fim do Teste!
I, [2019-06-19T14:45:36.936758 #6443]  INFO -- : Início do teste...
I, [2019-06-19T14:45:36.939314 #6443]  INFO -- : Verificando se existe o elemento buttonSignUp
I, [2019-06-19T14:45:38.248913 #6443]  INFO -- : Aguardou a existência do elemento buttonSignUp
I, [2019-06-19T14:45:38.616994 #6443]  INFO -- : Clicou no botão buttonSignUp
I, [2019-06-19T14:45:45.000350 #6443]  INFO -- : Preencheu o campo fullNameEditText com o valor Anedina
I, [2019-06-19T14:45:51.324129 #6443]  INFO -- : Preencheu o campo sign_up_edit_cpf com o valor 14462632907
I, [2019-06-19T14:45:57.729032 #6443]  INFO -- : Preencheu o campo sign_up_edit_birthday com o valor 07111953
I, [2019-06-19T14:46:04.127536 #6443]  INFO -- : Preencheu o campo emailEditText com o valor emeline@gmail.com
I, [2019-06-19T14:46:10.422295 #6443]  INFO -- : Preencheu o campo passwordEditText com o valor Senha123!
I, [2019-06-19T14:46:11.024883 #6443]  INFO -- : Verificando se existe o elemento sendButton
I, [2019-06-19T14:46:11.779201 #6443]  INFO -- : Aguardou a existência do elemento sendButton
I, [2019-06-19T14:46:12.120663 #6443]  INFO -- : Clicou no botão sendButton
I, [2019-06-19T14:46:12.121727 #6443]  INFO -- : Verificando se existe o elemento signUpEmail
E, [2019-06-19T14:46:13.398371 #6443] ERROR -- : Cadastro não deu certo!
I, [2019-06-19T14:46:14.826404 #6443]  INFO -- : Fim do Teste!
