# Logfile created on 2019-06-28 10:12:44 -0300 by logger.rb/66358
D, [2019-06-28T10:12:47.779741 #3909] DEBUG -- : Início do teste do cenário efetuar_login_com_sucesso...
I, [2019-06-28T10:12:47.781572 #3909]  INFO -- : Verificando se existe o elemento buttonSignIn
I, [2019-06-28T10:12:48.493344 #3909]  INFO -- : Verificando se existe o elemento buttonSignIn
I, [2019-06-28T10:12:49.273972 #3909]  INFO -- : Aguardou a existência do elemento buttonSignIn
I, [2019-06-28T10:12:49.606541 #3909]  INFO -- : Clicou no botão buttonSignIn
I, [2019-06-28T10:12:55.937034 #3909]  INFO -- : Preencheu o campo emailEditText com o valor frormm@gmail.com
I, [2019-06-28T10:13:02.121191 #3909]  INFO -- : Preencheu o campo editTextPassword com o valor thi0927
I, [2019-06-28T10:13:02.121321 #3909]  INFO -- : Verificando se existe o elemento buttonSignIn
I, [2019-06-28T10:13:02.706521 #3909]  INFO -- : Aguardou a existência do elemento buttonSignIn
I, [2019-06-28T10:13:03.033168 #3909]  INFO -- : Clicou no botão buttonSignIn
I, [2019-06-28T10:13:03.034970 #3909]  INFO -- : Verificando se existe o elemento fragmentStartTxtGreetingTitle
I, [2019-06-28T10:13:05.891984 #3909]  INFO -- : Loguei com sucesso - usuário frormm@gmail.com
I, [2019-06-28T10:13:05.932975 #3909]  INFO -- : Está buscando o texto do elemento fragmentStartTxtGreetingTitle
D, [2019-06-28T10:13:08.069927 #3909] DEBUG -- : Fim do Teste!
D, [2019-06-28T10:13:11.019029 #3909] DEBUG -- : Início do teste do cenário efetuar_login_com_email_nao_cadastrado...
I, [2019-06-28T10:13:11.021513 #3909]  INFO -- : Verificando se existe o elemento buttonSignIn
I, [2019-06-28T10:13:12.313942 #3909]  INFO -- : Aguardou a existência do elemento buttonSignIn
I, [2019-06-28T10:13:12.649426 #3909]  INFO -- : Clicou no botão buttonSignIn
I, [2019-06-28T10:13:19.153103 #3909]  INFO -- : Preencheu o campo emailEditText com o valor teste@descubra.com
I, [2019-06-28T10:13:25.319703 #3909]  INFO -- : Preencheu o campo editTextPassword com o valor thi0927
I, [2019-06-28T10:13:25.319858 #3909]  INFO -- : Verificando se existe o elemento buttonSignIn
I, [2019-06-28T10:13:25.878083 #3909]  INFO -- : Aguardou a existência do elemento buttonSignIn
I, [2019-06-28T10:13:26.193091 #3909]  INFO -- : Clicou no botão buttonSignIn
I, [2019-06-28T10:13:29.146590 #3909]  INFO -- : Está buscando o texto do elemento text_view_alert_title
D, [2019-06-28T10:13:31.274927 #3909] DEBUG -- : Fim do Teste!
D, [2019-06-28T10:13:34.483399 #3909] DEBUG -- : Início do teste do cenário efetuar_login_com_senha_incorreta...
I, [2019-06-28T10:13:34.484211 #3909]  INFO -- : Verificando se existe o elemento buttonSignIn
I, [2019-06-28T10:13:35.819897 #3909]  INFO -- : Aguardou a existência do elemento buttonSignIn
I, [2019-06-28T10:13:36.139540 #3909]  INFO -- : Clicou no botão buttonSignIn
I, [2019-06-28T10:13:42.625533 #3909]  INFO -- : Preencheu o campo emailEditText com o valor frormm@gmail.com
I, [2019-06-28T10:13:48.786478 #3909]  INFO -- : Preencheu o campo editTextPassword com o valor 123456
I, [2019-06-28T10:13:48.786609 #3909]  INFO -- : Verificando se existe o elemento buttonSignIn
I, [2019-06-28T10:13:49.434185 #3909]  INFO -- : Aguardou a existência do elemento buttonSignIn
I, [2019-06-28T10:13:49.786226 #3909]  INFO -- : Clicou no botão buttonSignIn
I, [2019-06-28T10:13:51.535727 #3909]  INFO -- : Está buscando o texto do elemento text_view_alert_title
D, [2019-06-28T10:13:54.644229 #3909] DEBUG -- : Fim do Teste!
