# Logfile created on 2019-06-28 17:05:41 -0300 by logger.rb/66358
D, [2019-06-28T17:05:45.452543 #11171] DEBUG -- : Início do teste do cenário #<Cucumber::Core::Test::Case:0x00007fbf13ba9030>...
I, [2019-06-28T17:05:45.462554 #11171]  INFO -- : Verificando se existe o elemento buttonSignIn
I, [2019-06-28T17:05:46.190525 #11171]  INFO -- : Verificando se existe o elemento buttonSignIn
I, [2019-06-28T17:05:47.002442 #11171]  INFO -- : Aguardou a existência do elemento buttonSignIn
I, [2019-06-28T17:05:47.362459 #11171]  INFO -- : Clicou no botão buttonSignIn
I, [2019-06-28T17:05:54.237422 #11171]  INFO -- : Preencheu o campo emailEditText com o valor frormm@gmail.com
I, [2019-06-28T17:06:00.440990 #11171]  INFO -- : Preencheu o campo editTextPassword com o valor thi0927
I, [2019-06-28T17:06:00.441156 #11171]  INFO -- : Verificando se existe o elemento buttonSignIn
I, [2019-06-28T17:06:01.010373 #11171]  INFO -- : Aguardou a existência do elemento buttonSignIn
I, [2019-06-28T17:06:01.352682 #11171]  INFO -- : Clicou no botão buttonSignIn
I, [2019-06-28T17:06:01.353595 #11171]  INFO -- : Verificando se existe o elemento fragmentStartTxtGreetingTitle
I, [2019-06-28T17:06:04.710562 #11171]  INFO -- : Loguei com sucesso - usuário frormm@gmail.com
I, [2019-06-28T17:06:04.760461 #11171]  INFO -- : Está buscando o texto do elemento fragmentStartTxtGreetingTitle
D, [2019-06-28T17:06:07.189449 #11171] DEBUG -- : Fim do teste do cenário #<Cucumber::Core::Test::Case:0x00007fbf13bb39e0>...
D, [2019-06-28T17:06:08.211107 #11171] DEBUG -- : Fim do Teste!
D, [2019-06-28T17:06:12.317213 #11171] DEBUG -- : Início do teste do cenário #<Cucumber::Core::Test::Case:0x00007fbf1340e190>...
I, [2019-06-28T17:06:12.320310 #11171]  INFO -- : Verificando se existe o elemento buttonSignIn
I, [2019-06-28T17:06:13.616023 #11171]  INFO -- : Aguardou a existência do elemento buttonSignIn
I, [2019-06-28T17:06:13.966057 #11171]  INFO -- : Clicou no botão buttonSignIn
I, [2019-06-28T17:06:20.912991 #11171]  INFO -- : Preencheu o campo emailEditText com o valor teste@descubra.com
I, [2019-06-28T17:06:27.115257 #11171]  INFO -- : Preencheu o campo editTextPassword com o valor thi0927
I, [2019-06-28T17:06:27.115449 #11171]  INFO -- : Verificando se existe o elemento buttonSignIn
I, [2019-06-28T17:06:27.668279 #11171]  INFO -- : Aguardou a existência do elemento buttonSignIn
I, [2019-06-28T17:06:28.064376 #11171]  INFO -- : Clicou no botão buttonSignIn
I, [2019-06-28T17:06:29.911254 #11171]  INFO -- : Está buscando o texto do elemento text_view_alert_title
I, [2019-06-28T17:06:30.021493 #11171]  INFO -- : Erro de login realizado com sucesso!
D, [2019-06-28T17:06:32.119389 #11171] DEBUG -- : Fim do teste do cenário #<Cucumber::Core::Test::Case:0x00007fbf1340c3b8>...
D, [2019-06-28T17:06:33.164513 #11171] DEBUG -- : Fim do Teste!
D, [2019-06-28T17:06:37.361367 #11171] DEBUG -- : Início do teste do cenário #<Cucumber::Core::Test::Case:0x00007fbf131782c8>...
I, [2019-06-28T17:06:37.362916 #11171]  INFO -- : Verificando se existe o elemento buttonSignIn
I, [2019-06-28T17:06:38.711424 #11171]  INFO -- : Aguardou a existência do elemento buttonSignIn
I, [2019-06-28T17:06:39.109826 #11171]  INFO -- : Clicou no botão buttonSignIn
I, [2019-06-28T17:06:45.968873 #11171]  INFO -- : Preencheu o campo emailEditText com o valor frormm@gmail.com
I, [2019-06-28T17:06:52.210712 #11171]  INFO -- : Preencheu o campo editTextPassword com o valor 123456
I, [2019-06-28T17:06:52.210851 #11171]  INFO -- : Verificando se existe o elemento buttonSignIn
I, [2019-06-28T17:06:52.810828 #11171]  INFO -- : Aguardou a existência do elemento buttonSignIn
I, [2019-06-28T17:06:53.211779 #11171]  INFO -- : Clicou no botão buttonSignIn
I, [2019-06-28T17:06:55.110423 #11171]  INFO -- : Está buscando o texto do elemento text_view_alert_title
I, [2019-06-28T17:06:55.174377 #11171]  INFO -- : Erro de login realizado com sucesso!
D, [2019-06-28T17:06:57.364785 #11171] DEBUG -- : Fim do teste do cenário #<Cucumber::Core::Test::Case:0x00007fbf158557b0>...
D, [2019-06-28T17:06:58.562364 #11171] DEBUG -- : Fim do Teste!
