# Logfile created on 2019-06-28 09:33:53 -0300 by logger.rb/66358
D, [2019-06-28T09:33:56.771857 #3031] DEBUG -- : Início do teste do cenário efetuar_login_com_sucesso...
I, [2019-06-28T09:33:56.774467 #3031]  INFO -- : Verificando se existe o elemento buttonSignIn
I, [2019-06-28T09:33:58.120228 #3031]  INFO -- : Aguardou a existência do elemento buttonSignIn
I, [2019-06-28T09:33:58.451643 #3031]  INFO -- : Clicou no botão buttonSignIn
I, [2019-06-28T09:34:05.344846 #3031]  INFO -- : Preencheu o campo emailEditText com o valor frormm@gmail.com
I, [2019-06-28T09:34:11.573464 #3031]  INFO -- : Preencheu o campo editTextPassword com o valor thi0927
I, [2019-06-28T09:34:11.573585 #3031]  INFO -- : Verificando se existe o elemento buttonSignIn
I, [2019-06-28T09:34:12.145413 #3031]  INFO -- : Aguardou a existência do elemento buttonSignIn
I, [2019-06-28T09:34:12.475473 #3031]  INFO -- : Clicou no botão buttonSignIn
I, [2019-06-28T09:34:12.476236 #3031]  INFO -- : Verificando se existe o elemento fragmentStartTxtGreetingTitle
I, [2019-06-28T09:34:13.670899 #3031]  INFO -- : Loguei com sucesso - usuário frormm@gmail.com
I, [2019-06-28T09:34:17.175429 #3031]  INFO -- : Está buscando o texto do elemento fragmentStartTxtGreetingTitle
D, [2019-06-28T09:34:19.092214 #3031] DEBUG -- : Fim do Teste!
D, [2019-06-28T09:34:22.147653 #3031] DEBUG -- : Início do teste do cenário efetuar_login_com_email_nao_cadastrado...
I, [2019-06-28T09:34:22.148460 #3031]  INFO -- : Verificando se existe o elemento buttonSignIn
I, [2019-06-28T09:34:22.892772 #3031]  INFO -- : Verificando se existe o elemento buttonSignIn
I, [2019-06-28T09:34:23.621919 #3031]  INFO -- : Aguardou a existência do elemento buttonSignIn
I, [2019-06-28T09:34:23.940408 #3031]  INFO -- : Clicou no botão buttonSignIn
I, [2019-06-28T09:34:30.407123 #3031]  INFO -- : Preencheu o campo emailEditText com o valor teste@descubra.com
I, [2019-06-28T09:34:36.640191 #3031]  INFO -- : Preencheu o campo editTextPassword com o valor thi0927
I, [2019-06-28T09:34:36.640321 #3031]  INFO -- : Verificando se existe o elemento buttonSignIn
I, [2019-06-28T09:34:37.239106 #3031]  INFO -- : Aguardou a existência do elemento buttonSignIn
I, [2019-06-28T09:34:37.594768 #3031]  INFO -- : Clicou no botão buttonSignIn
I, [2019-06-28T09:34:39.593248 #3031]  INFO -- : Está buscando o texto do elemento text_view_alert_title
D, [2019-06-28T09:34:42.792953 #3031] DEBUG -- : Fim do Teste!
D, [2019-06-28T09:34:47.405089 #3031] DEBUG -- : Início do teste do cenário efetuar_login_com_senha_incorreta...
I, [2019-06-28T09:34:47.405891 #3031]  INFO -- : Verificando se existe o elemento buttonSignIn
I, [2019-06-28T09:34:48.846213 #3031]  INFO -- : Aguardou a existência do elemento buttonSignIn
I, [2019-06-28T09:34:49.390345 #3031]  INFO -- : Clicou no botão buttonSignIn
I, [2019-06-28T09:34:56.444445 #3031]  INFO -- : Preencheu o campo emailEditText com o valor frormm@gmail.com
I, [2019-06-28T09:35:02.704602 #3031]  INFO -- : Preencheu o campo editTextPassword com o valor 123456
I, [2019-06-28T09:35:02.704712 #3031]  INFO -- : Verificando se existe o elemento buttonSignIn
I, [2019-06-28T09:35:03.291553 #3031]  INFO -- : Aguardou a existência do elemento buttonSignIn
I, [2019-06-28T09:35:03.641570 #3031]  INFO -- : Clicou no botão buttonSignIn
I, [2019-06-28T09:35:05.443785 #3031]  INFO -- : Está buscando o texto do elemento text_view_alert_title
D, [2019-06-28T09:35:08.747310 #3031] DEBUG -- : Fim do Teste!
