# Logfile created on 2019-06-28 09:31:58 -0300 by logger.rb/66358
D, [2019-06-28T09:32:01.950563 #2861] DEBUG -- : Início do teste do cenário efetuar_login_com_sucesso...
I, [2019-06-28T09:32:01.952305 #2861]  INFO -- : Verificando se existe o elemento buttonSignIn
I, [2019-06-28T09:32:03.332221 #2861]  INFO -- : Aguardou a existência do elemento buttonSignIn
I, [2019-06-28T09:32:03.675171 #2861]  INFO -- : Clicou no botão buttonSignIn
I, [2019-06-28T09:32:10.115899 #2861]  INFO -- : Preencheu o campo emailEditText com o valor frormm@gmail.com
I, [2019-06-28T09:32:16.291540 #2861]  INFO -- : Preencheu o campo editTextPassword com o valor thi0927
I, [2019-06-28T09:32:16.291659 #2861]  INFO -- : Verificando se existe o elemento buttonSignIn
I, [2019-06-28T09:32:16.872951 #2861]  INFO -- : Aguardou a existência do elemento buttonSignIn
I, [2019-06-28T09:32:17.195470 #2861]  INFO -- : Clicou no botão buttonSignIn
I, [2019-06-28T09:32:17.197070 #2861]  INFO -- : Verificando se existe o elemento fragmentStartTxtGreetingTitle
I, [2019-06-28T09:32:20.010303 #2861]  INFO -- : Loguei com sucesso - usuário frormm@gmail.com
I, [2019-06-28T09:32:20.059775 #2861]  INFO -- : Está buscando o texto do elemento fragmentStartTxtGreetingTitle
D, [2019-06-28T09:32:22.347000 #2861] DEBUG -- : Fim do Teste!
D, [2019-06-28T09:32:25.604574 #2861] DEBUG -- : Início do teste do cenário efetuar_login_com_email_nao_cadastrado...
I, [2019-06-28T09:32:25.605366 #2861]  INFO -- : Verificando se existe o elemento buttonSignIn
I, [2019-06-28T09:32:26.496600 #2861]  INFO -- : Verificando se existe o elemento buttonSignIn
I, [2019-06-28T09:32:27.068969 #2861]  INFO -- : Aguardou a existência do elemento buttonSignIn
I, [2019-06-28T09:32:27.411056 #2861]  INFO -- : Clicou no botão buttonSignIn
I, [2019-06-28T09:32:34.324637 #2861]  INFO -- : Preencheu o campo emailEditText com o valor teste@descubra.com
I, [2019-06-28T09:32:40.510673 #2861]  INFO -- : Preencheu o campo editTextPassword com o valor thi0927
I, [2019-06-28T09:32:40.510800 #2861]  INFO -- : Verificando se existe o elemento buttonSignIn
I, [2019-06-28T09:32:41.113188 #2861]  INFO -- : Aguardou a existência do elemento buttonSignIn
I, [2019-06-28T09:32:41.470462 #2861]  INFO -- : Clicou no botão buttonSignIn
I, [2019-06-28T09:32:43.162378 #2861]  INFO -- : Está buscando o texto do elemento text_view_alert_title
D, [2019-06-28T09:32:43.262839 #2861] DEBUG -- : Erro de login realizado com sucesso!
D, [2019-06-28T09:32:46.327056 #2861] DEBUG -- : Fim do Teste!
D, [2019-06-28T09:32:50.263585 #2861] DEBUG -- : Início do teste do cenário efetuar_login_com_senha_incorreta...
I, [2019-06-28T09:32:50.264125 #2861]  INFO -- : Verificando se existe o elemento buttonSignIn
I, [2019-06-28T09:32:50.963197 #2861]  INFO -- : Verificando se existe o elemento buttonSignIn
I, [2019-06-28T09:32:51.216225 #2861]  INFO -- : Verificando se existe o elemento buttonSignIn
I, [2019-06-28T09:32:51.515406 #2861]  INFO -- : Verificando se existe o elemento buttonSignIn
I, [2019-06-28T09:32:51.776773 #2861]  INFO -- : Verificando se existe o elemento buttonSignIn
I, [2019-06-28T09:32:52.562533 #2861]  INFO -- : Aguardou a existência do elemento buttonSignIn
I, [2019-06-28T09:32:52.911668 #2861]  INFO -- : Clicou no botão buttonSignIn
I, [2019-06-28T09:32:59.711744 #2861]  INFO -- : Preencheu o campo emailEditText com o valor frormm@gmail.com
I, [2019-06-28T09:33:05.911533 #2861]  INFO -- : Preencheu o campo editTextPassword com o valor 123456
I, [2019-06-28T09:33:05.911641 #2861]  INFO -- : Verificando se existe o elemento buttonSignIn
I, [2019-06-28T09:33:06.512588 #2861]  INFO -- : Aguardou a existência do elemento buttonSignIn
I, [2019-06-28T09:33:06.862054 #2861]  INFO -- : Clicou no botão buttonSignIn
I, [2019-06-28T09:33:08.610653 #2861]  INFO -- : Está buscando o texto do elemento text_view_alert_title
D, [2019-06-28T09:33:08.711685 #2861] DEBUG -- : Erro de login realizado com sucesso!
D, [2019-06-28T09:33:11.722317 #2861] DEBUG -- : Fim do Teste!
