# Logfile created on 2019-06-28 17:03:45 -0300 by logger.rb/66358
D, [2019-06-28T17:03:48.330604 #10916] DEBUG -- : Início do teste do cenário ...
I, [2019-06-28T17:03:48.334131 #10916]  INFO -- : Verificando se existe o elemento buttonSignIn
I, [2019-06-28T17:03:49.646702 #10916]  INFO -- : Aguardou a existência do elemento buttonSignIn
I, [2019-06-28T17:03:50.066081 #10916]  INFO -- : Clicou no botão buttonSignIn
I, [2019-06-28T17:03:57.075048 #10916]  INFO -- : Preencheu o campo emailEditText com o valor frormm@gmail.com
I, [2019-06-28T17:04:03.184871 #10916]  INFO -- : Preencheu o campo editTextPassword com o valor thi0927
I, [2019-06-28T17:04:03.187212 #10916]  INFO -- : Verificando se existe o elemento buttonSignIn
I, [2019-06-28T17:04:03.737046 #10916]  INFO -- : Aguardou a existência do elemento buttonSignIn
I, [2019-06-28T17:04:04.059111 #10916]  INFO -- : Clicou no botão buttonSignIn
I, [2019-06-28T17:04:04.060963 #10916]  INFO -- : Verificando se existe o elemento fragmentStartTxtGreetingTitle
I, [2019-06-28T17:04:05.633469 #10916]  INFO -- : Loguei com sucesso - usuário frormm@gmail.com
I, [2019-06-28T17:04:07.316267 #10916]  INFO -- : Está buscando o texto do elemento fragmentStartTxtGreetingTitle
D, [2019-06-28T17:04:09.632480 #10916] DEBUG -- : Fim do Teste!
D, [2019-06-28T17:04:13.250913 #10916] DEBUG -- : Início do teste do cenário ...
I, [2019-06-28T17:04:13.254348 #10916]  INFO -- : Verificando se existe o elemento buttonSignIn
I, [2019-06-28T17:04:14.555715 #10916]  INFO -- : Aguardou a existência do elemento buttonSignIn
I, [2019-06-28T17:04:14.948928 #10916]  INFO -- : Clicou no botão buttonSignIn
I, [2019-06-28T17:04:21.940762 #10916]  INFO -- : Preencheu o campo emailEditText com o valor teste@descubra.com
I, [2019-06-28T17:04:28.104037 #10916]  INFO -- : Preencheu o campo editTextPassword com o valor thi0927
I, [2019-06-28T17:04:28.104145 #10916]  INFO -- : Verificando se existe o elemento buttonSignIn
I, [2019-06-28T17:04:28.691265 #10916]  INFO -- : Aguardou a existência do elemento buttonSignIn
I, [2019-06-28T17:04:29.040131 #10916]  INFO -- : Clicou no botão buttonSignIn
I, [2019-06-28T17:04:30.855233 #10916]  INFO -- : Está buscando o texto do elemento text_view_alert_title
D, [2019-06-28T17:04:30.991313 #10916] DEBUG -- : Erro de login realizado com sucesso!
D, [2019-06-28T17:04:34.254327 #10916] DEBUG -- : Fim do Teste!
D, [2019-06-28T17:04:38.400034 #10916] DEBUG -- : Início do teste do cenário ...
I, [2019-06-28T17:04:38.402820 #10916]  INFO -- : Verificando se existe o elemento buttonSignIn
I, [2019-06-28T17:04:39.095027 #10916]  INFO -- : Verificando se existe o elemento buttonSignIn
I, [2019-06-28T17:04:39.940943 #10916]  INFO -- : Aguardou a existência do elemento buttonSignIn
I, [2019-06-28T17:04:40.290373 #10916]  INFO -- : Clicou no botão buttonSignIn
I, [2019-06-28T17:04:46.839884 #10916]  INFO -- : Preencheu o campo emailEditText com o valor frormm@gmail.com
I, [2019-06-28T17:04:53.040674 #10916]  INFO -- : Preencheu o campo editTextPassword com o valor 123456
I, [2019-06-28T17:04:53.042828 #10916]  INFO -- : Verificando se existe o elemento buttonSignIn
I, [2019-06-28T17:04:53.640606 #10916]  INFO -- : Aguardou a existência do elemento buttonSignIn
I, [2019-06-28T17:04:53.993975 #10916]  INFO -- : Clicou no botão buttonSignIn
I, [2019-06-28T17:04:55.853792 #10916]  INFO -- : Está buscando o texto do elemento text_view_alert_title
D, [2019-06-28T17:04:55.989373 #10916] DEBUG -- : Erro de login realizado com sucesso!
D, [2019-06-28T17:04:59.403990 #10916] DEBUG -- : Fim do Teste!
