# Logfile created on 2019-06-13 11:00:47 -0300 by logger.rb/66358
I, [2019-06-13T11:00:52.283741 #2510]  INFO -- : Início do teste...
I, [2019-06-13T11:00:52.286179 #2510]  INFO -- : Verificando se existe o elemento buttonSignIn
I, [2019-06-13T11:00:53.619644 #2510]  INFO -- : Aguardou a existência do elemento buttonSignIn
I, [2019-06-13T11:00:54.148399 #2510]  INFO -- : Clicou no botão buttonSignIn
I, [2019-06-13T11:01:00.926092 #2510]  INFO -- : Preencheu o campo emailEditText com o valor frormm@gmail.com
I, [2019-06-13T11:01:07.152386 #2510]  INFO -- : Preencheu o campo editTextPassword com o valor thi0927
I, [2019-06-13T11:01:07.152480 #2510]  INFO -- : Verificando se existe o elemento buttonSignIn
I, [2019-06-13T11:01:07.692466 #2510]  INFO -- : Aguardou a existência do elemento buttonSignIn
I, [2019-06-13T11:01:08.026917 #2510]  INFO -- : Clicou no botão buttonSignIn
I, [2019-06-13T11:01:08.027858 #2510]  INFO -- : Loguei com sucesso - usuário frormm@gmail.com
I, [2019-06-13T11:01:11.536734 #2510]  INFO -- : Está buscando o texto do elemento fragmentStartTxtGreetingTitle
I, [2019-06-13T11:01:12.620424 #2510]  INFO -- : Fim do Teste!
I, [2019-06-13T11:01:35.288808 #2588]  INFO -- : Início do teste...
I, [2019-06-13T11:01:35.290001 #2588]  INFO -- : Verificando se existe o elemento buttonSignIn
I, [2019-06-13T11:01:36.838627 #2588]  INFO -- : Verificando se existe o elemento buttonSignIn
I, [2019-06-13T11:01:36.898885 #2588]  INFO -- : Aguardou a existência do elemento buttonSignIn
I, [2019-06-13T11:01:37.297162 #2588]  INFO -- : Clicou no botão buttonSignIn
I, [2019-06-13T11:01:44.209823 #2588]  INFO -- : Preencheu o campo emailEditText com o valor frormm@gmail.com
I, [2019-06-13T11:01:50.471432 #2588]  INFO -- : Preencheu o campo editTextPassword com o valor thi0927
I, [2019-06-13T11:01:50.471609 #2588]  INFO -- : Verificando se existe o elemento buttonSignIn
I, [2019-06-13T11:01:51.024699 #2588]  INFO -- : Aguardou a existência do elemento buttonSignIn
I, [2019-06-13T11:01:51.353272 #2588]  INFO -- : Clicou no botão buttonSignIn
I, [2019-06-13T11:01:51.354760 #2588]  INFO -- : Loguei com sucesso - usuário frormm@gmail.com
I, [2019-06-13T11:01:53.938438 #2588]  INFO -- : Está buscando o texto do elemento fragmentStartTxtGreetingTitle
I, [2019-06-13T11:01:55.203366 #2588]  INFO -- : Fim do Teste!
I, [2019-06-13T11:02:04.775695 #2645]  INFO -- : Início do teste...
I, [2019-06-13T11:02:05.771029 #2645]  INFO -- : Fim do Teste!
I, [2019-06-13T11:02:55.637686 #2740]  INFO -- : Início do teste...
I, [2019-06-13T11:02:55.638678 #2740]  INFO -- : Verificando se existe o elemento btnEnterNoLogin
I, [2019-06-13T11:02:56.350610 #2740]  INFO -- : Verificando se existe o elemento btnEnterNoLogin
I, [2019-06-13T11:02:57.021435 #2740]  INFO -- : Aguardou a existência do elemento btnEnterNoLogin
I, [2019-06-13T11:02:57.403561 #2740]  INFO -- : Clicou no botão btnEnterNoLogin
I, [2019-06-13T11:02:57.403639 #2740]  INFO -- : Continuei sem login...
I, [2019-06-13T11:02:58.454420 #2740]  INFO -- : Fim do Teste!
I, [2019-06-13T11:03:53.514667 #2807]  INFO -- : Início do teste...
I, [2019-06-13T11:03:53.516866 #2807]  INFO -- : Verificando se existe o elemento btnEnterNoLogin
I, [2019-06-13T11:03:54.844701 #2807]  INFO -- : Aguardou a existência do elemento btnEnterNoLogin
I, [2019-06-13T11:03:55.087745 #2807]  INFO -- : Clicou no botão btnEnterNoLogin
I, [2019-06-13T11:03:55.087851 #2807]  INFO -- : Continuei sem login...
I, [2019-06-13T11:03:56.119658 #2807]  INFO -- : Fim do Teste!
I, [2019-06-13T11:04:40.800415 #2889]  INFO -- : Início do teste...
I, [2019-06-13T11:04:40.802148 #2889]  INFO -- : Verificando se existe o elemento btnEnterNoLogin
I, [2019-06-13T11:04:41.530831 #2889]  INFO -- : Verificando se existe o elemento btnEnterNoLogin
I, [2019-06-13T11:04:42.229911 #2889]  INFO -- : Aguardou a existência do elemento btnEnterNoLogin
I, [2019-06-13T11:04:42.499833 #2889]  INFO -- : Clicou no botão btnEnterNoLogin
I, [2019-06-13T11:04:42.501141 #2889]  INFO -- : Continuei sem login...
I, [2019-06-13T11:04:43.961996 #2889]  INFO -- : Está buscando o texto do elemento fragmentStartTxtGreetingTitle
I, [2019-06-13T11:04:45.003360 #2889]  INFO -- : Fim do Teste!
I, [2019-06-13T11:05:02.608820 #2941]  INFO -- : Início do teste...
I, [2019-06-13T11:05:03.562762 #2941]  INFO -- : Fim do Teste!
I, [2019-06-13T11:05:51.023055 #3030]  INFO -- : Início do teste...
I, [2019-06-13T11:05:51.988866 #3030]  INFO -- : Fim do Teste!
I, [2019-06-13T11:06:26.176622 #3099]  INFO -- : Início do teste...
I, [2019-06-13T11:06:27.106006 #3099]  INFO -- : Fim do Teste!
I, [2019-06-13T13:36:44.122841 #5125]  INFO -- : Início do teste...
I, [2019-06-13T13:36:45.083043 #5125]  INFO -- : Fim do Teste!
I, [2019-06-13T13:38:36.843001 #5325]  INFO -- : Início do teste...
I, [2019-06-13T13:38:37.742850 #5325]  INFO -- : Fim do Teste!
I, [2019-06-13T13:45:07.462980 #7024]  INFO -- : Início do teste...
I, [2019-06-13T13:45:08.432408 #7024]  INFO -- : Fim do Teste!
I, [2019-06-13T13:53:11.144422 #7260]  INFO -- : Início do teste...
I, [2019-06-13T13:53:12.558460 #7260]  INFO -- : Fim do Teste!
I, [2019-06-13T13:54:09.211694 #7334]  INFO -- : Início do teste...
I, [2019-06-13T13:54:09.213087 #7334]  INFO -- : Verificando se existe o elemento buttonSignUp
I, [2019-06-13T13:54:09.914793 #7334]  INFO -- : Verificando se existe o elemento buttonSignUp
I, [2019-06-13T13:54:10.184569 #7334]  INFO -- : Verificando se existe o elemento buttonSignUp
I, [2019-06-13T13:54:10.445594 #7334]  INFO -- : Verificando se existe o elemento buttonSignUp
I, [2019-06-13T13:54:10.713352 #7334]  INFO -- : Verificando se existe o elemento buttonSignUp
I, [2019-06-13T13:54:10.973252 #7334]  INFO -- : Verificando se existe o elemento buttonSignUp
I, [2019-06-13T13:54:11.236795 #7334]  INFO -- : Verificando se existe o elemento buttonSignUp
I, [2019-06-13T13:54:11.514053 #7334]  INFO -- : Verificando se existe o elemento buttonSignUp
I, [2019-06-13T13:54:11.772853 #7334]  INFO -- : Verificando se existe o elemento buttonSignUp
I, [2019-06-13T13:54:12.034510 #7334]  INFO -- : Verificando se existe o elemento buttonSignUp
I, [2019-06-13T13:54:12.300070 #7334]  INFO -- : Verificando se existe o elemento buttonSignUp
I, [2019-06-13T13:54:12.587271 #7334]  INFO -- : Verificando se existe o elemento buttonSignUp
I, [2019-06-13T13:54:12.848674 #7334]  INFO -- : Verificando se existe o elemento buttonSignUp
I, [2019-06-13T13:54:13.110002 #7334]  INFO -- : Verificando se existe o elemento buttonSignUp
I, [2019-06-13T13:54:13.371110 #7334]  INFO -- : Verificando se existe o elemento buttonSignUp
I, [2019-06-13T13:54:13.636719 #7334]  INFO -- : Verificando se existe o elemento buttonSignUp
I, [2019-06-13T13:54:13.902924 #7334]  INFO -- : Verificando se existe o elemento buttonSignUp
I, [2019-06-13T13:54:14.164818 #7334]  INFO -- : Verificando se existe o elemento buttonSignUp
I, [2019-06-13T13:54:14.421883 #7334]  INFO -- : Verificando se existe o elemento buttonSignUp
I, [2019-06-13T13:54:14.682988 #7334]  INFO -- : Verificando se existe o elemento buttonSignUp
I, [2019-06-13T13:54:14.944108 #7334]  INFO -- : Verificando se existe o elemento buttonSignUp
I, [2019-06-13T13:54:15.205414 #7334]  INFO -- : Verificando se existe o elemento buttonSignUp
I, [2019-06-13T13:54:15.486987 #7334]  INFO -- : Verificando se existe o elemento buttonSignUp
I, [2019-06-13T13:54:15.751073 #7334]  INFO -- : Verificando se existe o elemento buttonSignUp
I, [2019-06-13T13:54:16.014841 #7334]  INFO -- : Verificando se existe o elemento buttonSignUp
I, [2019-06-13T13:54:16.275998 #7334]  INFO -- : Verificando se existe o elemento buttonSignUp
I, [2019-06-13T13:54:16.530465 #7334]  INFO -- : Verificando se existe o elemento buttonSignUp
I, [2019-06-13T13:54:16.795959 #7334]  INFO -- : Verificando se existe o elemento buttonSignUp
I, [2019-06-13T13:54:17.059502 #7334]  INFO -- : Verificando se existe o elemento buttonSignUp
I, [2019-06-13T13:54:17.324094 #7334]  INFO -- : Verificando se existe o elemento buttonSignUp
I, [2019-06-13T13:54:17.587580 #7334]  INFO -- : Verificando se existe o elemento buttonSignUp
I, [2019-06-13T13:54:17.850923 #7334]  INFO -- : Verificando se existe o elemento buttonSignUp
I, [2019-06-13T13:54:18.111649 #7334]  INFO -- : Verificando se existe o elemento buttonSignUp
I, [2019-06-13T13:54:18.374834 #7334]  INFO -- : Verificando se existe o elemento buttonSignUp
I, [2019-06-13T13:54:18.635908 #7334]  INFO -- : Verificando se existe o elemento buttonSignUp
I, [2019-06-13T13:54:18.897236 #7334]  INFO -- : Verificando se existe o elemento buttonSignUp
I, [2019-06-13T13:54:19.155414 #7334]  INFO -- : Verificando se existe o elemento buttonSignUp
I, [2019-06-13T13:54:20.311967 #7334]  INFO -- : Fim do Teste!
I, [2019-06-13T13:54:27.088367 #7378]  INFO -- : Início do teste...
I, [2019-06-13T13:54:27.089469 #7378]  INFO -- : Verificando se existe o elemento buttonSignUp
I, [2019-06-13T13:54:27.795661 #7378]  INFO -- : Verificando se existe o elemento buttonSignUp
I, [2019-06-13T13:54:28.047353 #7378]  INFO -- : Verificando se existe o elemento buttonSignUp
I, [2019-06-13T13:54:28.311100 #7378]  INFO -- : Verificando se existe o elemento buttonSignUp
I, [2019-06-13T13:54:28.572451 #7378]  INFO -- : Verificando se existe o elemento buttonSignUp
I, [2019-06-13T13:54:28.838949 #7378]  INFO -- : Verificando se existe o elemento buttonSignUp
I, [2019-06-13T13:54:29.102032 #7378]  INFO -- : Verificando se existe o elemento buttonSignUp
I, [2019-06-13T13:54:29.372342 #7378]  INFO -- : Verificando se existe o elemento buttonSignUp
I, [2019-06-13T13:54:29.636095 #7378]  INFO -- : Verificando se existe o elemento buttonSignUp
I, [2019-06-13T13:54:29.898488 #7378]  INFO -- : Verificando se existe o elemento buttonSignUp
I, [2019-06-13T13:54:30.148026 #7378]  INFO -- : Verificando se existe o elemento buttonSignUp
I, [2019-06-13T13:54:30.409470 #7378]  INFO -- : Verificando se existe o elemento buttonSignUp
I, [2019-06-13T13:54:30.672833 #7378]  INFO -- : Verificando se existe o elemento buttonSignUp
I, [2019-06-13T13:54:30.938943 #7378]  INFO -- : Verificando se existe o elemento buttonSignUp
I, [2019-06-13T13:54:31.203359 #7378]  INFO -- : Verificando se existe o elemento buttonSignUp
I, [2019-06-13T13:54:31.468890 #7378]  INFO -- : Verificando se existe o elemento buttonSignUp
I, [2019-06-13T13:54:31.724613 #7378]  INFO -- : Verificando se existe o elemento buttonSignUp
I, [2019-06-13T13:54:31.983810 #7378]  INFO -- : Verificando se existe o elemento buttonSignUp
I, [2019-06-13T13:54:32.256163 #7378]  INFO -- : Verificando se existe o elemento buttonSignUp
I, [2019-06-13T13:54:32.520539 #7378]  INFO -- : Verificando se existe o elemento buttonSignUp
I, [2019-06-13T13:54:32.782303 #7378]  INFO -- : Verificando se existe o elemento buttonSignUp
I, [2019-06-13T13:54:33.049317 #7378]  INFO -- : Verificando se existe o elemento buttonSignUp
I, [2019-06-13T13:54:33.309822 #7378]  INFO -- : Verificando se existe o elemento buttonSignUp
I, [2019-06-13T13:54:33.575826 #7378]  INFO -- : Verificando se existe o elemento buttonSignUp
I, [2019-06-13T13:54:33.838771 #7378]  INFO -- : Verificando se existe o elemento buttonSignUp
I, [2019-06-13T13:54:34.096162 #7378]  INFO -- : Verificando se existe o elemento buttonSignUp
I, [2019-06-13T13:54:34.349569 #7378]  INFO -- : Verificando se existe o elemento buttonSignUp
I, [2019-06-13T13:54:34.616582 #7378]  INFO -- : Verificando se existe o elemento buttonSignUp
I, [2019-06-13T13:54:34.880322 #7378]  INFO -- : Verificando se existe o elemento buttonSignUp
I, [2019-06-13T13:54:35.146117 #7378]  INFO -- : Verificando se existe o elemento buttonSignUp
I, [2019-06-13T13:54:35.416459 #7378]  INFO -- : Verificando se existe o elemento buttonSignUp
I, [2019-06-13T13:54:35.683131 #7378]  INFO -- : Verificando se existe o elemento buttonSignUp
I, [2019-06-13T13:54:35.956205 #7378]  INFO -- : Verificando se existe o elemento buttonSignUp
I, [2019-06-13T13:54:36.220364 #7378]  INFO -- : Verificando se existe o elemento buttonSignUp
I, [2019-06-13T13:54:36.485737 #7378]  INFO -- : Verificando se existe o elemento buttonSignUp
I, [2019-06-13T13:54:36.760709 #7378]  INFO -- : Verificando se existe o elemento buttonSignUp
I, [2019-06-13T13:54:37.019751 #7378]  INFO -- : Verificando se existe o elemento buttonSignUp
I, [2019-06-13T13:54:38.175921 #7378]  INFO -- : Fim do Teste!
I, [2019-06-13T13:55:35.498938 #7434]  INFO -- : Início do teste...
I, [2019-06-13T13:55:35.500650 #7434]  INFO -- : Verificando se existe o elemento buttonSignUp
I, [2019-06-13T13:55:36.874262 #7434]  INFO -- : Aguardou a existência do elemento buttonSignUp
I, [2019-06-13T13:55:37.277531 #7434]  INFO -- : Clicou no botão buttonSignUp
I, [2019-06-13T13:55:44.154707 #7434]  INFO -- : Preencheu o campo fullNameEditText com o valor Antenor
I, [2019-06-13T13:55:50.823055 #7434]  INFO -- : Preencheu o campo sign_up_edit_cpf com o valor 68707709307
I, [2019-06-13T13:55:57.697249 #7434]  INFO -- : Preencheu o campo sign_up_edit_birthday com o valor 1969-09-08 14:32:27 +0000
I, [2019-06-13T13:56:05.407801 #7434]  INFO -- : Preencheu o campo emailEditText com o valor aron_abbott@yahoo.com
I, [2019-06-13T13:56:11.675842 #7434]  INFO -- : Preencheu o campo passwordEditText com o valor Senha123
I, [2019-06-13T13:56:11.675943 #7434]  INFO -- : Verificando se existe o elemento sendButton
I, [2019-06-13T13:56:12.614222 #7434]  INFO -- : Verificando se existe o elemento sendButton
I, [2019-06-13T13:56:13.019156 #7434]  INFO -- : Verificando se existe o elemento sendButton
I, [2019-06-13T13:56:13.413870 #7434]  INFO -- : Verificando se existe o elemento sendButton
I, [2019-06-13T13:56:13.785367 #7434]  INFO -- : Verificando se existe o elemento sendButton
I, [2019-06-13T13:56:14.149673 #7434]  INFO -- : Verificando se existe o elemento sendButton
I, [2019-06-13T13:56:14.489409 #7434]  INFO -- : Verificando se existe o elemento sendButton
I, [2019-06-13T13:56:14.865046 #7434]  INFO -- : Verificando se existe o elemento sendButton
I, [2019-06-13T13:56:15.202844 #7434]  INFO -- : Verificando se existe o elemento sendButton
I, [2019-06-13T13:56:15.670121 #7434]  INFO -- : Verificando se existe o elemento sendButton
I, [2019-06-13T13:56:16.019813 #7434]  INFO -- : Verificando se existe o elemento sendButton
I, [2019-06-13T13:56:16.430190 #7434]  INFO -- : Verificando se existe o elemento sendButton
I, [2019-06-13T13:56:16.802317 #7434]  INFO -- : Verificando se existe o elemento sendButton
I, [2019-06-13T13:56:17.162236 #7434]  INFO -- : Verificando se existe o elemento sendButton
I, [2019-06-13T13:56:17.480113 #7434]  INFO -- : Verificando se existe o elemento sendButton
I, [2019-06-13T13:56:17.848205 #7434]  INFO -- : Verificando se existe o elemento sendButton
I, [2019-06-13T13:56:18.907916 #7434]  INFO -- : Aguardou a existência do elemento sendButton
I, [2019-06-13T13:56:20.770889 #7434]  INFO -- : Clicou no botão sendButton
I, [2019-06-13T13:56:20.770973 #7434]  INFO -- : Cadastrei usuário com sucesso - Email: aron_abbott@yahoo.com - Senha: Senha123
I, [2019-06-13T13:56:21.781400 #7434]  INFO -- : Fim do Teste!
I, [2019-06-13T13:57:07.461623 #7521]  INFO -- : Início do teste...
I, [2019-06-13T13:57:07.462910 #7521]  INFO -- : Verificando se existe o elemento buttonSignUp
I, [2019-06-13T13:57:08.779449 #7521]  INFO -- : Aguardou a existência do elemento buttonSignUp
I, [2019-06-13T13:57:09.136480 #7521]  INFO -- : Clicou no botão buttonSignUp
I, [2019-06-13T13:57:15.408005 #7521]  INFO -- : Preencheu o campo fullNameEditText com o valor Fausto
I, [2019-06-13T13:57:21.747930 #7521]  INFO -- : Preencheu o campo sign_up_edit_cpf com o valor 73565361530
I, [2019-06-13T13:57:28.510482 #7521]  INFO -- : Preencheu o campo sign_up_edit_birthday com o valor 1957-01-14 19:25:05 +0000
I, [2019-06-13T13:57:35.761321 #7521]  INFO -- : Preencheu o campo emailEditText com o valor loree@hotmail.com
I, [2019-06-13T13:57:42.080011 #7521]  INFO -- : Preencheu o campo passwordEditText com o valor Senha123
I, [2019-06-13T13:57:42.080119 #7521]  INFO -- : Verificando se existe o elemento sendButton
I, [2019-06-13T13:57:42.983083 #7521]  INFO -- : Verificando se existe o elemento sendButton
I, [2019-06-13T13:57:43.393751 #7521]  INFO -- : Verificando se existe o elemento sendButton
I, [2019-06-13T13:57:43.844836 #7521]  INFO -- : Verificando se existe o elemento sendButton
I, [2019-06-13T13:57:44.235359 #7521]  INFO -- : Verificando se existe o elemento sendButton
I, [2019-06-13T13:57:44.606973 #7521]  INFO -- : Verificando se existe o elemento sendButton
I, [2019-06-13T13:57:45.005690 #7521]  INFO -- : Verificando se existe o elemento sendButton
I, [2019-06-13T13:57:45.477728 #7521]  INFO -- : Verificando se existe o elemento sendButton
I, [2019-06-13T13:57:45.908898 #7521]  INFO -- : Verificando se existe o elemento sendButton
I, [2019-06-13T13:57:46.342353 #7521]  INFO -- : Verificando se existe o elemento sendButton
I, [2019-06-13T13:57:46.718298 #7521]  INFO -- : Verificando se existe o elemento sendButton
I, [2019-06-13T13:57:47.133151 #7521]  INFO -- : Verificando se existe o elemento sendButton
I, [2019-06-13T13:57:47.484875 #7521]  INFO -- : Verificando se existe o elemento sendButton
I, [2019-06-13T13:57:47.909051 #7521]  INFO -- : Verificando se existe o elemento sendButton
I, [2019-06-13T13:57:48.281445 #7521]  INFO -- : Verificando se existe o elemento sendButton
I, [2019-06-13T13:57:48.669116 #7521]  INFO -- : Verificando se existe o elemento sendButton
I, [2019-06-13T13:57:49.075026 #7521]  INFO -- : Verificando se existe o elemento sendButton
I, [2019-06-13T13:57:49.445067 #7521]  INFO -- : Verificando se existe o elemento sendButton
I, [2019-06-13T13:57:49.895046 #7521]  INFO -- : Verificando se existe o elemento sendButton
I, [2019-06-13T13:57:50.316051 #7521]  INFO -- : Verificando se existe o elemento sendButton
I, [2019-06-13T13:57:50.713594 #7521]  INFO -- : Verificando se existe o elemento sendButton
I, [2019-06-13T13:57:51.131235 #7521]  INFO -- : Verificando se existe o elemento sendButton
I, [2019-06-13T13:57:51.593294 #7521]  INFO -- : Verificando se existe o elemento sendButton
I, [2019-06-13T13:57:51.961613 #7521]  INFO -- : Verificando se existe o elemento sendButton
I, [2019-06-13T13:57:53.431051 #7521]  INFO -- : Fim do Teste!
I, [2019-06-13T14:05:26.702434 #7750]  INFO -- : Início do teste...
I, [2019-06-13T14:05:26.705107 #7750]  INFO -- : Verificando se existe o elemento buttonSignUp
I, [2019-06-13T14:05:28.134612 #7750]  INFO -- : Aguardou a existência do elemento buttonSignUp
I, [2019-06-13T14:05:28.502799 #7750]  INFO -- : Clicou no botão buttonSignUp
I, [2019-06-13T14:05:34.900056 #7750]  INFO -- : Preencheu o campo fullNameEditText com o valor Zenaide
I, [2019-06-13T14:05:41.202205 #7750]  INFO -- : Preencheu o campo sign_up_edit_cpf com o valor 93611459160
I, [2019-06-13T14:05:47.521374 #7750]  INFO -- : Preencheu o campo sign_up_edit_birthday com o valor 1975
I, [2019-06-13T14:05:54.615823 #7750]  INFO -- : Preencheu o campo emailEditText com o valor leatha@hotmail.com
I, [2019-06-13T14:06:00.920995 #7750]  INFO -- : Preencheu o campo passwordEditText com o valor Senha123
I, [2019-06-13T14:06:00.921164 #7750]  INFO -- : Verificando se existe o elemento sendButton
I, [2019-06-13T14:06:01.882570 #7750]  INFO -- : Verificando se existe o elemento sendButton
I, [2019-06-13T14:06:02.229178 #7750]  INFO -- : Verificando se existe o elemento sendButton
I, [2019-06-13T14:06:02.658751 #7750]  INFO -- : Verificando se existe o elemento sendButton
I, [2019-06-13T14:06:03.068085 #7750]  INFO -- : Verificando se existe o elemento sendButton
I, [2019-06-13T14:06:03.500626 #7750]  INFO -- : Verificando se existe o elemento sendButton
I, [2019-06-13T14:06:03.866127 #7750]  INFO -- : Verificando se existe o elemento sendButton
I, [2019-06-13T14:06:04.244408 #7750]  INFO -- : Verificando se existe o elemento sendButton
I, [2019-06-13T14:06:04.617151 #7750]  INFO -- : Verificando se existe o elemento sendButton
I, [2019-06-13T14:06:04.961839 #7750]  INFO -- : Verificando se existe o elemento sendButton
I, [2019-06-13T14:06:05.329498 #7750]  INFO -- : Verificando se existe o elemento sendButton
I, [2019-06-13T14:06:05.717753 #7750]  INFO -- : Verificando se existe o elemento sendButton
I, [2019-06-13T14:06:06.070386 #7750]  INFO -- : Verificando se existe o elemento sendButton
I, [2019-06-13T14:06:06.443443 #7750]  INFO -- : Verificando se existe o elemento sendButton
I, [2019-06-13T14:06:06.826541 #7750]  INFO -- : Verificando se existe o elemento sendButton
I, [2019-06-13T14:06:07.224351 #7750]  INFO -- : Verificando se existe o elemento sendButton
I, [2019-06-13T14:06:07.620678 #7750]  INFO -- : Verificando se existe o elemento sendButton
I, [2019-06-13T14:06:08.003542 #7750]  INFO -- : Verificando se existe o elemento sendButton
I, [2019-06-13T14:06:08.430681 #7750]  INFO -- : Verificando se existe o elemento sendButton
I, [2019-06-13T14:06:08.811825 #7750]  INFO -- : Verificando se existe o elemento sendButton
I, [2019-06-13T14:06:09.218961 #7750]  INFO -- : Verificando se existe o elemento sendButton
I, [2019-06-13T14:06:09.567697 #7750]  INFO -- : Verificando se existe o elemento sendButton
I, [2019-06-13T14:06:09.964777 #7750]  INFO -- : Verificando se existe o elemento sendButton
I, [2019-06-13T14:06:10.384739 #7750]  INFO -- : Verificando se existe o elemento sendButton
I, [2019-06-13T14:06:10.824493 #7750]  INFO -- : Verificando se existe o elemento sendButton
I, [2019-06-13T14:06:12.255136 #7750]  INFO -- : Fim do Teste!
I, [2019-06-13T14:06:48.095290 #7856]  INFO -- : Início do teste...
I, [2019-06-13T14:06:48.096652 #7856]  INFO -- : Verificando se existe o elemento buttonSignUp
I, [2019-06-13T14:06:48.834135 #7856]  INFO -- : Verificando se existe o elemento buttonSignUp
I, [2019-06-13T14:06:49.486089 #7856]  INFO -- : Aguardou a existência do elemento buttonSignUp
I, [2019-06-13T14:06:49.854753 #7856]  INFO -- : Clicou no botão buttonSignUp
I, [2019-06-13T14:06:56.287501 #7856]  INFO -- : Preencheu o campo fullNameEditText com o valor Kauani
I, [2019-06-13T14:07:02.609259 #7856]  INFO -- : Preencheu o campo sign_up_edit_cpf com o valor 95588401301
I, [2019-06-13T14:07:08.921965 #7856]  INFO -- : Preencheu o campo sign_up_edit_birthday com o valor 1990
I, [2019-06-13T14:07:16.194704 #7856]  INFO -- : Preencheu o campo emailEditText com o valor amy.hauck@gmail.com
I, [2019-06-13T14:07:22.407990 #7856]  INFO -- : Preencheu o campo passwordEditText com o valor Senha123
I, [2019-06-13T14:07:22.408096 #7856]  INFO -- : Verificando se existe o elemento sendButton
I, [2019-06-13T14:07:23.267241 #7856]  INFO -- : Verificando se existe o elemento sendButton
I, [2019-06-13T14:07:23.652311 #7856]  INFO -- : Verificando se existe o elemento sendButton
I, [2019-06-13T14:07:24.011965 #7856]  INFO -- : Verificando se existe o elemento sendButton
I, [2019-06-13T14:07:24.332455 #7856]  INFO -- : Verificando se existe o elemento sendButton
I, [2019-06-13T14:07:24.706018 #7856]  INFO -- : Verificando se existe o elemento sendButton
I, [2019-06-13T14:07:25.038710 #7856]  INFO -- : Verificando se existe o elemento sendButton
I, [2019-06-13T14:07:25.473800 #7856]  INFO -- : Verificando se existe o elemento sendButton
I, [2019-06-13T14:07:25.824617 #7856]  INFO -- : Verificando se existe o elemento sendButton
I, [2019-06-13T14:07:26.253794 #7856]  INFO -- : Verificando se existe o elemento sendButton
I, [2019-06-13T14:07:26.594322 #7856]  INFO -- : Verificando se existe o elemento sendButton
I, [2019-06-13T14:07:26.934870 #7856]  INFO -- : Verificando se existe o elemento sendButton
I, [2019-06-13T14:07:27.259663 #7856]  INFO -- : Verificando se existe o elemento sendButton
I, [2019-06-13T14:07:27.605915 #7856]  INFO -- : Verificando se existe o elemento sendButton
I, [2019-06-13T14:07:27.965764 #7856]  INFO -- : Verificando se existe o elemento sendButton
I, [2019-06-13T14:07:28.388812 #7856]  INFO -- : Verificando se existe o elemento sendButton
I, [2019-06-13T14:07:28.795210 #7856]  INFO -- : Verificando se existe o elemento sendButton
I, [2019-06-13T14:07:29.181504 #7856]  INFO -- : Verificando se existe o elemento sendButton
I, [2019-06-13T14:07:29.659246 #7856]  INFO -- : Verificando se existe o elemento sendButton
I, [2019-06-13T14:07:30.065272 #7856]  INFO -- : Verificando se existe o elemento sendButton
I, [2019-06-13T14:07:30.466840 #7856]  INFO -- : Verificando se existe o elemento sendButton
I, [2019-06-13T14:07:30.865227 #7856]  INFO -- : Verificando se existe o elemento sendButton
I, [2019-06-13T14:07:31.247897 #7856]  INFO -- : Verificando se existe o elemento sendButton
I, [2019-06-13T14:07:31.645977 #7856]  INFO -- : Verificando se existe o elemento sendButton
I, [2019-06-13T14:07:32.029145 #7856]  INFO -- : Verificando se existe o elemento sendButton
I, [2019-06-13T14:07:32.364181 #7856]  INFO -- : Verificando se existe o elemento sendButton
I, [2019-06-13T14:07:33.780317 #7856]  INFO -- : Fim do Teste!
I, [2019-06-13T14:08:37.893699 #7960]  INFO -- : Início do teste...
I, [2019-06-13T14:08:37.895684 #7960]  INFO -- : Verificando se existe o elemento buttonSignUp
I, [2019-06-13T14:08:39.154723 #7960]  INFO -- : Aguardou a existência do elemento buttonSignUp
I, [2019-06-13T14:08:39.532433 #7960]  INFO -- : Clicou no botão buttonSignUp
I, [2019-06-13T14:08:46.260468 #7960]  INFO -- : Preencheu o campo fullNameEditText com o valor Caio
I, [2019-06-13T14:08:52.662944 #7960]  INFO -- : Preencheu o campo sign_up_edit_cpf com o valor 71343246644
I, [2019-06-13T14:08:58.859337 #7960]  INFO -- : Preencheu o campo sign_up_edit_birthday com o valor #{dia}#{mes}#{ano}
I, [2019-06-13T14:09:06.408064 #7960]  INFO -- : Preencheu o campo emailEditText com o valor shawanna@gmail.com
I, [2019-06-13T14:09:12.747791 #7960]  INFO -- : Preencheu o campo passwordEditText com o valor Senha123
I, [2019-06-13T14:09:12.750699 #7960]  INFO -- : Verificando se existe o elemento sendButton
I, [2019-06-13T14:09:13.671839 #7960]  INFO -- : Verificando se existe o elemento sendButton
I, [2019-06-13T14:09:14.070602 #7960]  INFO -- : Verificando se existe o elemento sendButton
I, [2019-06-13T14:09:14.497639 #7960]  INFO -- : Verificando se existe o elemento sendButton
I, [2019-06-13T14:09:14.925988 #7960]  INFO -- : Verificando se existe o elemento sendButton
I, [2019-06-13T14:09:15.284521 #7960]  INFO -- : Verificando se existe o elemento sendButton
I, [2019-06-13T14:09:15.657610 #7960]  INFO -- : Verificando se existe o elemento sendButton
I, [2019-06-13T14:09:16.053084 #7960]  INFO -- : Verificando se existe o elemento sendButton
I, [2019-06-13T14:09:16.501987 #7960]  INFO -- : Verificando se existe o elemento sendButton
I, [2019-06-13T14:09:16.845285 #7960]  INFO -- : Verificando se existe o elemento sendButton
I, [2019-06-13T14:09:17.231477 #7960]  INFO -- : Verificando se existe o elemento sendButton
I, [2019-06-13T14:09:17.616518 #7960]  INFO -- : Verificando se existe o elemento sendButton
I, [2019-06-13T14:09:17.969717 #7960]  INFO -- : Verificando se existe o elemento sendButton
I, [2019-06-13T14:09:18.352188 #7960]  INFO -- : Verificando se existe o elemento sendButton
I, [2019-06-13T14:09:18.733094 #7960]  INFO -- : Verificando se existe o elemento sendButton
I, [2019-06-13T14:09:19.143954 #7960]  INFO -- : Verificando se existe o elemento sendButton
I, [2019-06-13T14:09:19.545227 #7960]  INFO -- : Verificando se existe o elemento sendButton
I, [2019-06-13T14:09:19.968257 #7960]  INFO -- : Verificando se existe o elemento sendButton
I, [2019-06-13T14:09:20.346897 #7960]  INFO -- : Verificando se existe o elemento sendButton
I, [2019-06-13T14:09:20.682945 #7960]  INFO -- : Verificando se existe o elemento sendButton
I, [2019-06-13T14:09:21.050386 #7960]  INFO -- : Verificando se existe o elemento sendButton
I, [2019-06-13T14:09:21.434149 #7960]  INFO -- : Verificando se existe o elemento sendButton
I, [2019-06-13T14:09:21.785886 #7960]  INFO -- : Verificando se existe o elemento sendButton
I, [2019-06-13T14:09:22.201015 #7960]  INFO -- : Verificando se existe o elemento sendButton
I, [2019-06-13T14:09:22.601036 #7960]  INFO -- : Verificando se existe o elemento sendButton
I, [2019-06-13T14:09:24.050894 #7960]  INFO -- : Fim do Teste!
I, [2019-06-13T14:09:44.903598 #8049]  INFO -- : Início do teste...
I, [2019-06-13T14:09:44.904780 #8049]  INFO -- : Verificando se existe o elemento buttonSignUp
I, [2019-06-13T14:09:45.625364 #8049]  INFO -- : Verificando se existe o elemento buttonSignUp
I, [2019-06-13T14:09:45.897387 #8049]  INFO -- : Verificando se existe o elemento buttonSignUp
I, [2019-06-13T14:09:46.617036 #8049]  INFO -- : Aguardou a existência do elemento buttonSignUp
I, [2019-06-13T14:09:46.974769 #8049]  INFO -- : Clicou no botão buttonSignUp
I, [2019-06-13T14:09:53.311655 #8049]  INFO -- : Preencheu o campo fullNameEditText com o valor Irene
I, [2019-06-13T14:09:59.642731 #8049]  INFO -- : Preencheu o campo sign_up_edit_cpf com o valor 09722263897
I, [2019-06-13T14:10:05.913486 #8049]  INFO -- : Preencheu o campo sign_up_edit_birthday com o valor #{dia}#{mes}#{ano}
I, [2019-06-13T14:10:13.049290 #8049]  INFO -- : Preencheu o campo emailEditText com o valor tanesha_nader@yahoo.com
I, [2019-06-13T14:10:19.408653 #8049]  INFO -- : Preencheu o campo passwordEditText com o valor Senha123
I, [2019-06-13T14:10:19.409720 #8049]  INFO -- : Verificando se existe o elemento sendButton
I, [2019-06-13T14:10:20.356102 #8049]  INFO -- : Verificando se existe o elemento sendButton
I, [2019-06-13T14:10:20.705871 #8049]  INFO -- : Verificando se existe o elemento sendButton
I, [2019-06-13T14:10:21.082503 #8049]  INFO -- : Verificando se existe o elemento sendButton
I, [2019-06-13T14:10:21.473776 #8049]  INFO -- : Verificando se existe o elemento sendButton
I, [2019-06-13T14:10:21.829128 #8049]  INFO -- : Verificando se existe o elemento sendButton
I, [2019-06-13T14:10:22.229120 #8049]  INFO -- : Verificando se existe o elemento sendButton
I, [2019-06-13T14:10:22.655814 #8049]  INFO -- : Verificando se existe o elemento sendButton
I, [2019-06-13T14:10:23.029539 #8049]  INFO -- : Verificando se existe o elemento sendButton
I, [2019-06-13T14:10:23.406632 #8049]  INFO -- : Verificando se existe o elemento sendButton
I, [2019-06-13T14:10:23.779390 #8049]  INFO -- : Verificando se existe o elemento sendButton
I, [2019-06-13T14:10:24.229040 #8049]  INFO -- : Verificando se existe o elemento sendButton
I, [2019-06-13T14:10:24.656587 #8049]  INFO -- : Verificando se existe o elemento sendButton
I, [2019-06-13T14:10:25.107405 #8049]  INFO -- : Verificando se existe o elemento sendButton
I, [2019-06-13T14:10:25.560111 #8049]  INFO -- : Verificando se existe o elemento sendButton
I, [2019-06-13T14:10:25.909064 #8049]  INFO -- : Verificando se existe o elemento sendButton
I, [2019-06-13T14:10:26.332611 #8049]  INFO -- : Verificando se existe o elemento sendButton
I, [2019-06-13T14:10:26.727432 #8049]  INFO -- : Verificando se existe o elemento sendButton
I, [2019-06-13T14:10:27.176149 #8049]  INFO -- : Verificando se existe o elemento sendButton
I, [2019-06-13T14:10:27.564127 #8049]  INFO -- : Verificando se existe o elemento sendButton
I, [2019-06-13T14:10:27.912386 #8049]  INFO -- : Verificando se existe o elemento sendButton
I, [2019-06-13T14:10:28.362230 #8049]  INFO -- : Verificando se existe o elemento sendButton
I, [2019-06-13T14:10:28.720154 #8049]  INFO -- : Verificando se existe o elemento sendButton
I, [2019-06-13T14:10:29.111341 #8049]  INFO -- : Verificando se existe o elemento sendButton
I, [2019-06-13T14:10:30.568411 #8049]  INFO -- : Fim do Teste!
I, [2019-06-13T14:10:36.969691 #8126]  INFO -- : Início do teste...
I, [2019-06-13T14:10:36.970912 #8126]  INFO -- : Verificando se existe o elemento buttonSignUp
I, [2019-06-13T14:10:37.778646 #8126]  INFO -- : Verificando se existe o elemento buttonSignUp
I, [2019-06-13T14:10:38.363892 #8126]  INFO -- : Aguardou a existência do elemento buttonSignUp
I, [2019-06-13T14:10:38.764456 #8126]  INFO -- : Clicou no botão buttonSignUp
I, [2019-06-13T14:10:45.662786 #8126]  INFO -- : Preencheu o campo fullNameEditText com o valor Edelvita
I, [2019-06-13T14:10:52.068433 #8126]  INFO -- : Preencheu o campo sign_up_edit_cpf com o valor 52382375299
I, [2019-06-13T14:13:22.748736 #8237]  INFO -- : Início do teste...
I, [2019-06-13T14:13:22.750043 #8237]  INFO -- : Verificando se existe o elemento buttonSignUp
I, [2019-06-13T14:13:23.481222 #8237]  INFO -- : Verificando se existe o elemento buttonSignUp
I, [2019-06-13T14:13:24.192175 #8237]  INFO -- : Aguardou a existência do elemento buttonSignUp
I, [2019-06-13T14:13:24.537993 #8237]  INFO -- : Clicou no botão buttonSignUp
I, [2019-06-13T14:13:25.628756 #8237]  INFO -- : Fim do Teste!
I, [2019-06-13T14:14:03.108912 #8313]  INFO -- : Início do teste...
I, [2019-06-13T14:14:03.110772 #8313]  INFO -- : Verificando se existe o elemento buttonSignUp
I, [2019-06-13T14:14:04.386088 #8313]  INFO -- : Aguardou a existência do elemento buttonSignUp
I, [2019-06-13T14:14:04.717798 #8313]  INFO -- : Clicou no botão buttonSignUp
I, [2019-06-13T14:14:05.653610 #8313]  INFO -- : Fim do Teste!
I, [2019-06-13T14:14:26.916241 #8373]  INFO -- : Início do teste...
I, [2019-06-13T14:14:26.917120 #8373]  INFO -- : Verificando se existe o elemento buttonSignUp
I, [2019-06-13T14:14:27.654360 #8373]  INFO -- : Verificando se existe o elemento buttonSignUp
I, [2019-06-13T14:14:28.533426 #8373]  INFO -- : Aguardou a existência do elemento buttonSignUp
I, [2019-06-13T14:14:28.937838 #8373]  INFO -- : Clicou no botão buttonSignUp
I, [2019-06-13T14:14:29.935037 #8373]  INFO -- : Fim do Teste!
I, [2019-06-13T14:15:14.156758 #8444]  INFO -- : Início do teste...
I, [2019-06-13T14:15:14.157810 #8444]  INFO -- : Verificando se existe o elemento buttonSignUp
I, [2019-06-13T14:15:15.439485 #8444]  INFO -- : Aguardou a existência do elemento buttonSignUp
I, [2019-06-13T14:15:15.861306 #8444]  INFO -- : Clicou no botão buttonSignUp
I, [2019-06-13T14:15:16.949478 #8444]  INFO -- : Fim do Teste!
I, [2019-06-13T14:16:05.222565 #8518]  INFO -- : Início do teste...
I, [2019-06-13T14:16:05.223891 #8518]  INFO -- : Verificando se existe o elemento buttonSignUp
I, [2019-06-13T14:16:06.737281 #8518]  INFO -- : Verificando se existe o elemento buttonSignUp
I, [2019-06-13T14:16:06.772504 #8518]  INFO -- : Aguardou a existência do elemento buttonSignUp
I, [2019-06-13T14:16:07.139576 #8518]  INFO -- : Clicou no botão buttonSignUp
I, [2019-06-13T14:16:08.060170 #8518]  INFO -- : Fim do Teste!
I, [2019-06-13T14:16:24.956292 #8577]  INFO -- : Início do teste...
I, [2019-06-13T14:16:24.957513 #8577]  INFO -- : Verificando se existe o elemento buttonSignUp
I, [2019-06-13T14:16:25.712052 #8577]  INFO -- : Verificando se existe o elemento buttonSignUp
I, [2019-06-13T14:16:25.974384 #8577]  INFO -- : Verificando se existe o elemento buttonSignUp
I, [2019-06-13T14:16:26.237831 #8577]  INFO -- : Verificando se existe o elemento buttonSignUp
I, [2019-06-13T14:16:26.509954 #8577]  INFO -- : Verificando se existe o elemento buttonSignUp
I, [2019-06-13T14:16:26.766896 #8577]  INFO -- : Verificando se existe o elemento buttonSignUp
I, [2019-06-13T14:16:27.035197 #8577]  INFO -- : Verificando se existe o elemento buttonSignUp
I, [2019-06-13T14:16:27.299406 #8577]  INFO -- : Verificando se existe o elemento buttonSignUp
I, [2019-06-13T14:16:27.560343 #8577]  INFO -- : Verificando se existe o elemento buttonSignUp
I, [2019-06-13T14:16:27.824705 #8577]  INFO -- : Verificando se existe o elemento buttonSignUp
I, [2019-06-13T14:16:28.094559 #8577]  INFO -- : Verificando se existe o elemento buttonSignUp
I, [2019-06-13T14:16:28.357256 #8577]  INFO -- : Verificando se existe o elemento buttonSignUp
I, [2019-06-13T14:16:28.624341 #8577]  INFO -- : Verificando se existe o elemento buttonSignUp
I, [2019-06-13T14:16:28.890927 #8577]  INFO -- : Verificando se existe o elemento buttonSignUp
I, [2019-06-13T14:16:29.151028 #8577]  INFO -- : Verificando se existe o elemento buttonSignUp
I, [2019-06-13T14:16:29.410808 #8577]  INFO -- : Verificando se existe o elemento buttonSignUp
I, [2019-06-13T14:16:29.671208 #8577]  INFO -- : Verificando se existe o elemento buttonSignUp
I, [2019-06-13T14:16:29.934769 #8577]  INFO -- : Verificando se existe o elemento buttonSignUp
I, [2019-06-13T14:16:30.192586 #8577]  INFO -- : Verificando se existe o elemento buttonSignUp
I, [2019-06-13T14:16:30.472821 #8577]  INFO -- : Verificando se existe o elemento buttonSignUp
I, [2019-06-13T14:16:30.740232 #8577]  INFO -- : Verificando se existe o elemento buttonSignUp
I, [2019-06-13T14:16:30.999971 #8577]  INFO -- : Verificando se existe o elemento buttonSignUp
I, [2019-06-13T14:16:31.259762 #8577]  INFO -- : Verificando se existe o elemento buttonSignUp
I, [2019-06-13T14:16:31.525272 #8577]  INFO -- : Verificando se existe o elemento buttonSignUp
I, [2019-06-13T14:16:31.794743 #8577]  INFO -- : Verificando se existe o elemento buttonSignUp
I, [2019-06-13T14:16:32.053553 #8577]  INFO -- : Verificando se existe o elemento buttonSignUp
I, [2019-06-13T14:16:32.306956 #8577]  INFO -- : Verificando se existe o elemento buttonSignUp
I, [2019-06-13T14:16:32.564492 #8577]  INFO -- : Verificando se existe o elemento buttonSignUp
I, [2019-06-13T14:16:32.835651 #8577]  INFO -- : Verificando se existe o elemento buttonSignUp
I, [2019-06-13T14:16:33.110155 #8577]  INFO -- : Verificando se existe o elemento buttonSignUp
I, [2019-06-13T14:16:33.368358 #8577]  INFO -- : Verificando se existe o elemento buttonSignUp
I, [2019-06-13T14:16:33.638282 #8577]  INFO -- : Verificando se existe o elemento buttonSignUp
I, [2019-06-13T14:16:33.908527 #8577]  INFO -- : Verificando se existe o elemento buttonSignUp
I, [2019-06-13T14:16:34.175038 #8577]  INFO -- : Verificando se existe o elemento buttonSignUp
I, [2019-06-13T14:16:34.437777 #8577]  INFO -- : Verificando se existe o elemento buttonSignUp
I, [2019-06-13T14:16:34.688415 #8577]  INFO -- : Verificando se existe o elemento buttonSignUp
I, [2019-06-13T14:16:34.947628 #8577]  INFO -- : Verificando se existe o elemento buttonSignUp
I, [2019-06-13T14:16:36.057095 #8577]  INFO -- : Fim do Teste!
I, [2019-06-13T14:16:42.908040 #8620]  INFO -- : Início do teste...
I, [2019-06-13T14:16:42.909291 #8620]  INFO -- : Verificando se existe o elemento buttonSignUp
I, [2019-06-13T14:16:43.650288 #8620]  INFO -- : Verificando se existe o elemento buttonSignUp
I, [2019-06-13T14:16:43.912685 #8620]  INFO -- : Verificando se existe o elemento buttonSignUp
I, [2019-06-13T14:16:44.179701 #8620]  INFO -- : Verificando se existe o elemento buttonSignUp
I, [2019-06-13T14:16:44.442548 #8620]  INFO -- : Verificando se existe o elemento buttonSignUp
I, [2019-06-13T14:16:44.702140 #8620]  INFO -- : Verificando se existe o elemento buttonSignUp
I, [2019-06-13T14:16:44.984647 #8620]  INFO -- : Verificando se existe o elemento buttonSignUp
I, [2019-06-13T14:16:45.247785 #8620]  INFO -- : Verificando se existe o elemento buttonSignUp
I, [2019-06-13T14:16:45.509824 #8620]  INFO -- : Verificando se existe o elemento buttonSignUp
I, [2019-06-13T14:16:45.785968 #8620]  INFO -- : Verificando se existe o elemento buttonSignUp
I, [2019-06-13T14:16:46.052602 #8620]  INFO -- : Verificando se existe o elemento buttonSignUp
I, [2019-06-13T14:16:46.315971 #8620]  INFO -- : Verificando se existe o elemento buttonSignUp
I, [2019-06-13T14:16:47.109210 #8620]  INFO -- : Aguardou a existência do elemento buttonSignUp
I, [2019-06-13T14:16:47.482503 #8620]  INFO -- : Clicou no botão buttonSignUp
I, [2019-06-13T14:16:54.264309 #8620]  INFO -- : Preencheu o campo fullNameEditText com o valor Norman
I, [2019-06-13T14:17:00.606242 #8620]  INFO -- : Preencheu o campo sign_up_edit_cpf com o valor 01699248079
I, [2019-06-13T14:17:06.600285 #8620]  INFO -- : Preencheu o campo sign_up_edit_birthday com o valor 2000
I, [2019-06-13T14:17:08.657412 #8620]  INFO -- : Fim do Teste!
I, [2019-06-13T14:18:49.161493 #8710]  INFO -- : Início do teste...
I, [2019-06-13T14:18:49.164807 #8710]  INFO -- : Verificando se existe o elemento buttonSignUp
I, [2019-06-13T14:18:49.771880 #8710]  INFO -- : Verificando se existe o elemento buttonSignUp
I, [2019-06-13T14:18:50.040289 #8710]  INFO -- : Verificando se existe o elemento buttonSignUp
I, [2019-06-13T14:19:18.799151 #8766]  INFO -- : Início do teste...
I, [2019-06-13T14:19:18.800660 #8766]  INFO -- : Verificando se existe o elemento buttonSignUp
I, [2019-06-13T14:19:20.369058 #8766]  INFO -- : Verificando se existe o elemento buttonSignUp
I, [2019-06-13T14:19:20.416967 #8766]  INFO -- : Aguardou a existência do elemento buttonSignUp
I, [2019-06-13T14:19:20.802350 #8766]  INFO -- : Clicou no botão buttonSignUp
I, [2019-06-13T14:23:02.884225 #8766]  INFO -- : Preencheu o campo fullNameEditText com o valor Adelmo
I, [2019-06-13T14:23:12.190700 #8906]  INFO -- : Início do teste...
I, [2019-06-13T14:23:12.192131 #8906]  INFO -- : Verificando se existe o elemento buttonSignUp
I, [2019-06-13T14:23:13.456942 #8906]  INFO -- : Aguardou a existência do elemento buttonSignUp
I, [2019-06-13T14:23:13.855449 #8906]  INFO -- : Clicou no botão buttonSignUp
I, [2019-06-13T14:23:14.850743 #8906]  INFO -- : Fim do Teste!
I, [2019-06-13T14:23:36.026383 #8973]  INFO -- : Início do teste...
I, [2019-06-13T14:23:36.027413 #8973]  INFO -- : Verificando se existe o elemento buttonSignUp
I, [2019-06-13T14:23:37.335372 #8973]  INFO -- : Aguardou a existência do elemento buttonSignUp
I, [2019-06-13T14:23:37.681938 #8973]  INFO -- : Clicou no botão buttonSignUp
I, [2019-06-13T14:23:38.607445 #8973]  INFO -- : Fim do Teste!
I, [2019-06-13T14:24:19.356999 #9035]  INFO -- : Início do teste...
I, [2019-06-13T14:24:19.357958 #9035]  INFO -- : Verificando se existe o elemento buttonSignUp
I, [2019-06-13T14:24:20.684500 #9035]  INFO -- : Aguardou a existência do elemento buttonSignUp
I, [2019-06-13T14:24:21.058456 #9035]  INFO -- : Clicou no botão buttonSignUp
I, [2019-06-13T14:24:48.909595 #9035]  INFO -- : Preencheu o campo fullNameEditText com o valor Abel
I, [2019-06-13T14:24:55.293135 #9035]  INFO -- : Preencheu o campo sign_up_edit_cpf com o valor 54428382928
I, [2019-06-13T14:25:01.795091 #9035]  INFO -- : Preencheu o campo sign_up_edit_birthday com o valor 11061989
I, [2019-06-13T14:25:08.435944 #9035]  INFO -- : Preencheu o campo emailEditText com o valor danielle.wintheiser@hotmail.com
I, [2019-06-13T14:25:14.738525 #9035]  INFO -- : Preencheu o campo passwordEditText com o valor Senha123
I, [2019-06-13T14:25:14.738793 #9035]  INFO -- : Verificando se existe o elemento sendButton
I, [2019-06-13T14:25:15.657869 #9035]  INFO -- : Verificando se existe o elemento sendButton
I, [2019-06-13T14:25:16.013087 #9035]  INFO -- : Verificando se existe o elemento sendButton
I, [2019-06-13T14:25:16.378462 #9035]  INFO -- : Verificando se existe o elemento sendButton
I, [2019-06-13T14:25:16.779224 #9035]  INFO -- : Verificando se existe o elemento sendButton
I, [2019-06-13T14:25:17.152418 #9035]  INFO -- : Verificando se existe o elemento sendButton
I, [2019-06-13T14:25:17.527623 #9035]  INFO -- : Verificando se existe o elemento sendButton
I, [2019-06-13T14:25:17.866548 #9035]  INFO -- : Verificando se existe o elemento sendButton
I, [2019-06-13T14:25:18.226188 #9035]  INFO -- : Verificando se existe o elemento sendButton
I, [2019-06-13T14:25:18.599233 #9035]  INFO -- : Verificando se existe o elemento sendButton
I, [2019-06-13T14:25:18.975827 #9035]  INFO -- : Verificando se existe o elemento sendButton
I, [2019-06-13T14:25:19.377090 #9035]  INFO -- : Verificando se existe o elemento sendButton
I, [2019-06-13T14:25:19.702142 #9035]  INFO -- : Verificando se existe o elemento sendButton
I, [2019-06-13T14:25:20.063270 #9035]  INFO -- : Verificando se existe o elemento sendButton
I, [2019-06-13T14:25:20.455212 #9035]  INFO -- : Verificando se existe o elemento sendButton
I, [2019-06-13T14:25:20.832081 #9035]  INFO -- : Verificando se existe o elemento sendButton
I, [2019-06-13T14:25:21.175012 #9035]  INFO -- : Verificando se existe o elemento sendButton
I, [2019-06-13T14:25:21.584812 #9035]  INFO -- : Verificando se existe o elemento sendButton
I, [2019-06-13T14:25:21.979592 #9035]  INFO -- : Verificando se existe o elemento sendButton
I, [2019-06-13T14:25:22.386875 #9035]  INFO -- : Verificando se existe o elemento sendButton
I, [2019-06-13T14:25:22.788782 #9035]  INFO -- : Verificando se existe o elemento sendButton
I, [2019-06-13T14:25:23.210236 #9035]  INFO -- : Verificando se existe o elemento sendButton
I, [2019-06-13T14:25:23.623791 #9035]  INFO -- : Verificando se existe o elemento sendButton
I, [2019-06-13T14:25:24.046098 #9035]  INFO -- : Verificando se existe o elemento sendButton
I, [2019-06-13T14:25:24.360079 #9035]  INFO -- : Verificando se existe o elemento sendButton
I, [2019-06-13T14:25:24.698785 #9035]  INFO -- : Verificando se existe o elemento sendButton
I, [2019-06-13T14:25:26.143943 #9035]  INFO -- : Fim do Teste!
I, [2019-06-13T14:26:08.396082 #9134]  INFO -- : Início do teste...
I, [2019-06-13T14:26:08.397589 #9134]  INFO -- : Verificando se existe o elemento buttonSignUp
I, [2019-06-13T14:26:09.801933 #9134]  INFO -- : Aguardou a existência do elemento buttonSignUp
I, [2019-06-13T14:26:10.272460 #9134]  INFO -- : Clicou no botão buttonSignUp
I, [2019-06-13T14:26:16.582328 #9134]  INFO -- : Preencheu o campo fullNameEditText com o valor Sérgio
I, [2019-06-13T14:26:22.629740 #9134]  INFO -- : Preencheu o campo sign_up_edit_cpf com o valor 68299656834
I, [2019-06-13T14:26:29.196060 #9134]  INFO -- : Preencheu o campo sign_up_edit_birthday com o valor 15111980
I, [2019-06-13T14:26:35.690544 #9134]  INFO -- : Preencheu o campo emailEditText com o valor lilly@hotmail.com
I, [2019-06-13T14:26:42.091167 #9134]  INFO -- : Preencheu o campo passwordEditText com o valor Senha123
I, [2019-06-13T14:26:42.091324 #9134]  INFO -- : Verificando se existe o elemento sendButton
I, [2019-06-13T14:26:42.993655 #9134]  INFO -- : Verificando se existe o elemento sendButton
I, [2019-06-13T14:26:43.395942 #9134]  INFO -- : Verificando se existe o elemento sendButton
I, [2019-06-13T14:26:43.804463 #9134]  INFO -- : Verificando se existe o elemento sendButton
I, [2019-06-13T14:26:44.244883 #9134]  INFO -- : Verificando se existe o elemento sendButton
I, [2019-06-13T14:26:44.596609 #9134]  INFO -- : Verificando se existe o elemento sendButton
I, [2019-06-13T14:26:45.044009 #9134]  INFO -- : Verificando se existe o elemento sendButton
I, [2019-06-13T14:26:45.446080 #9134]  INFO -- : Verificando se existe o elemento sendButton
I, [2019-06-13T14:26:45.841408 #9134]  INFO -- : Verificando se existe o elemento sendButton
I, [2019-06-13T14:26:46.293460 #9134]  INFO -- : Verificando se existe o elemento sendButton
I, [2019-06-13T14:26:46.744668 #9134]  INFO -- : Verificando se existe o elemento sendButton
I, [2019-06-13T14:26:47.839535 #9134]  INFO -- : Aguardou a existência do elemento sendButton
I, [2019-06-13T14:26:51.039123 #9134]  INFO -- : Clicou no botão sendButton
I, [2019-06-13T14:26:51.039209 #9134]  INFO -- : Cadastrei usuário com sucesso - Email: lilly@hotmail.com - Senha: Senha123
I, [2019-06-13T14:26:52.191759 #9134]  INFO -- : Fim do Teste!
I, [2019-06-13T14:27:10.953989 #9223]  INFO -- : Início do teste...
I, [2019-06-13T14:27:10.958181 #9223]  INFO -- : Verificando se existe o elemento buttonSignUp
I, [2019-06-13T14:27:11.794210 #9223]  INFO -- : Verificando se existe o elemento buttonSignUp
I, [2019-06-13T14:27:12.439912 #9223]  INFO -- : Aguardou a existência do elemento buttonSignUp
I, [2019-06-13T14:27:12.888262 #9223]  INFO -- : Clicou no botão buttonSignUp
I, [2019-06-13T14:27:19.588503 #9223]  INFO -- : Preencheu o campo fullNameEditText com o valor Edênia
I, [2019-06-13T14:27:25.898211 #9223]  INFO -- : Preencheu o campo sign_up_edit_cpf com o valor 33127350503
I, [2019-06-13T14:27:32.487480 #9223]  INFO -- : Preencheu o campo sign_up_edit_birthday com o valor 05021949
I, [2019-06-13T14:27:38.987940 #9223]  INFO -- : Preencheu o campo emailEditText com o valor kaleigh@hotmail.com
I, [2019-06-13T14:27:45.487560 #9223]  INFO -- : Preencheu o campo passwordEditText com o valor Senha123!
I, [2019-06-13T14:27:45.487715 #9223]  INFO -- : Verificando se existe o elemento sendButton
I, [2019-06-13T14:27:46.292275 #9223]  INFO -- : Verificando se existe o elemento sendButton
I, [2019-06-13T14:27:46.690768 #9223]  INFO -- : Verificando se existe o elemento sendButton
I, [2019-06-13T14:27:47.146617 #9223]  INFO -- : Verificando se existe o elemento sendButton
I, [2019-06-13T14:27:47.491827 #9223]  INFO -- : Verificando se existe o elemento sendButton
I, [2019-06-13T14:27:47.891499 #9223]  INFO -- : Verificando se existe o elemento sendButton
I, [2019-06-13T14:27:48.340536 #9223]  INFO -- : Verificando se existe o elemento sendButton
I, [2019-06-13T14:27:48.697672 #9223]  INFO -- : Verificando se existe o elemento sendButton
I, [2019-06-13T14:27:49.043923 #9223]  INFO -- : Verificando se existe o elemento sendButton
I, [2019-06-13T14:27:49.489271 #9223]  INFO -- : Verificando se existe o elemento sendButton
I, [2019-06-13T14:27:49.894992 #9223]  INFO -- : Verificando se existe o elemento sendButton
I, [2019-06-13T14:27:50.289760 #9223]  INFO -- : Verificando se existe o elemento sendButton
I, [2019-06-13T14:27:50.691497 #9223]  INFO -- : Verificando se existe o elemento sendButton
I, [2019-06-13T14:27:51.093204 #9223]  INFO -- : Verificando se existe o elemento sendButton
I, [2019-06-13T14:27:51.536976 #9223]  INFO -- : Verificando se existe o elemento sendButton
I, [2019-06-13T14:27:51.941428 #9223]  INFO -- : Verificando se existe o elemento sendButton
I, [2019-06-13T14:27:53.436611 #9223]  INFO -- : Aguardou a existência do elemento sendButton
I, [2019-06-13T14:27:55.247561 #9223]  INFO -- : Clicou no botão sendButton
I, [2019-06-13T14:27:55.247665 #9223]  INFO -- : Cadastrei usuário com sucesso - Email: kaleigh@hotmail.com - Senha: Senha123!
I, [2019-06-13T14:27:56.338419 #9223]  INFO -- : Fim do Teste!
I, [2019-06-13T14:28:15.944140 #9296]  INFO -- : Início do teste...
I, [2019-06-13T14:28:15.945786 #9296]  INFO -- : Verificando se existe o elemento buttonSignUp
I, [2019-06-13T14:28:17.286683 #9296]  INFO -- : Aguardou a existência do elemento buttonSignUp
I, [2019-06-13T14:28:17.741134 #9296]  INFO -- : Clicou no botão buttonSignUp
I, [2019-06-13T14:28:24.636300 #9296]  INFO -- : Preencheu o campo fullNameEditText com o valor Abimael
I, [2019-06-13T14:28:30.986751 #9296]  INFO -- : Preencheu o campo sign_up_edit_cpf com o valor 25183383227
I, [2019-06-13T14:28:37.436537 #9296]  INFO -- : Preencheu o campo sign_up_edit_birthday com o valor 01121946
I, [2019-06-13T14:28:44.487065 #9296]  INFO -- : Preencheu o campo emailEditText com o valor patrick.treutel@hotmail.com
I, [2019-06-13T14:28:50.834420 #9296]  INFO -- : Preencheu o campo passwordEditText com o valor Senha123!
I, [2019-06-13T14:28:50.834509 #9296]  INFO -- : Fechou o teclado virtual
I, [2019-06-13T14:28:50.834564 #9296]  INFO -- : Verificando se existe o elemento sendButton
I, [2019-06-13T14:28:51.735484 #9296]  INFO -- : Verificando se existe o elemento sendButton
I, [2019-06-13T14:28:52.132290 #9296]  INFO -- : Verificando se existe o elemento sendButton
I, [2019-06-13T14:28:52.531217 #9296]  INFO -- : Verificando se existe o elemento sendButton
I, [2019-06-13T14:28:52.885584 #9296]  INFO -- : Verificando se existe o elemento sendButton
I, [2019-06-13T14:28:53.232247 #9296]  INFO -- : Verificando se existe o elemento sendButton
I, [2019-06-13T14:28:53.631846 #9296]  INFO -- : Verificando se existe o elemento sendButton
I, [2019-06-13T14:28:53.981382 #9296]  INFO -- : Verificando se existe o elemento sendButton
I, [2019-06-13T14:28:54.381122 #9296]  INFO -- : Verificando se existe o elemento sendButton
I, [2019-06-13T14:28:54.783970 #9296]  INFO -- : Verificando se existe o elemento sendButton
I, [2019-06-13T14:28:55.202369 #9296]  INFO -- : Verificando se existe o elemento sendButton
I, [2019-06-13T14:28:55.552337 #9296]  INFO -- : Verificando se existe o elemento sendButton
I, [2019-06-13T14:28:55.978491 #9296]  INFO -- : Verificando se existe o elemento sendButton
I, [2019-06-13T14:28:56.349211 #9296]  INFO -- : Verificando se existe o elemento sendButton
I, [2019-06-13T14:28:56.784582 #9296]  INFO -- : Verificando se existe o elemento sendButton
I, [2019-06-13T14:28:57.198467 #9296]  INFO -- : Verificando se existe o elemento sendButton
I, [2019-06-13T14:28:57.580612 #9296]  INFO -- : Verificando se existe o elemento sendButton
I, [2019-06-13T14:28:57.930861 #9296]  INFO -- : Verificando se existe o elemento sendButton
I, [2019-06-13T14:28:58.379830 #9296]  INFO -- : Verificando se existe o elemento sendButton
I, [2019-06-13T14:28:58.787221 #9296]  INFO -- : Verificando se existe o elemento sendButton
I, [2019-06-13T14:28:59.180800 #9296]  INFO -- : Verificando se existe o elemento sendButton
I, [2019-06-13T14:28:59.599094 #9296]  INFO -- : Verificando se existe o elemento sendButton
I, [2019-06-13T14:28:59.987605 #9296]  INFO -- : Verificando se existe o elemento sendButton
I, [2019-06-13T14:29:00.379405 #9296]  INFO -- : Verificando se existe o elemento sendButton
I, [2019-06-13T14:29:00.737543 #9296]  INFO -- : Verificando se existe o elemento sendButton
I, [2019-06-13T14:29:02.182593 #9296]  INFO -- : Fim do Teste!
I, [2019-06-13T14:36:01.511701 #9510]  INFO -- : Início do teste...
I, [2019-06-13T14:36:01.512960 #9510]  INFO -- : Verificando se existe o elemento buttonSignUp
I, [2019-06-13T14:36:02.798116 #9510]  INFO -- : Aguardou a existência do elemento buttonSignUp
I, [2019-06-13T14:36:03.180919 #9510]  INFO -- : Clicou no botão buttonSignUp
I, [2019-06-13T14:36:09.900377 #9510]  INFO -- : Preencheu o campo fullNameEditText com o valor Alícia
I, [2019-06-13T14:36:15.756074 #9510]  INFO -- : Preencheu o campo sign_up_edit_cpf com o valor 79524131714
I, [2019-06-13T14:36:22.290259 #9510]  INFO -- : Preencheu o campo sign_up_edit_birthday com o valor 28081996
I, [2019-06-13T14:36:28.691180 #9510]  INFO -- : Preencheu o campo emailEditText com o valor darcey@yahoo.com
I, [2019-06-13T14:36:35.016324 #9510]  INFO -- : Preencheu o campo passwordEditText com o valor Senha123!
I, [2019-06-13T14:36:35.016501 #9510]  INFO -- : Fechou o teclado virtual
I, [2019-06-13T14:36:35.016643 #9510]  INFO -- : Verificando se existe o elemento sendButton
I, [2019-06-13T14:36:35.872827 #9510]  INFO -- : Verificando se existe o elemento sendButton
I, [2019-06-13T14:36:36.268090 #9510]  INFO -- : Verificando se existe o elemento sendButton
I, [2019-06-13T14:36:36.679787 #9510]  INFO -- : Verificando se existe o elemento sendButton
I, [2019-06-13T14:36:37.090009 #9510]  INFO -- : Verificando se existe o elemento sendButton
I, [2019-06-13T14:36:37.440873 #9510]  INFO -- : Verificando se existe o elemento sendButton
I, [2019-06-13T14:36:37.818600 #9510]  INFO -- : Verificando se existe o elemento sendButton
I, [2019-06-13T14:36:38.168398 #9510]  INFO -- : Verificando se existe o elemento sendButton
I, [2019-06-13T14:36:38.518974 #9510]  INFO -- : Verificando se existe o elemento sendButton
I, [2019-06-13T14:36:38.939112 #9510]  INFO -- : Verificando se existe o elemento sendButton
I, [2019-06-13T14:36:39.320659 #9510]  INFO -- : Verificando se existe o elemento sendButton
I, [2019-06-13T14:36:39.744415 #9510]  INFO -- : Verificando se existe o elemento sendButton
I, [2019-06-13T14:36:40.172948 #9510]  INFO -- : Verificando se existe o elemento sendButton
I, [2019-06-13T14:36:40.571573 #9510]  INFO -- : Verificando se existe o elemento sendButton
I, [2019-06-13T14:36:40.922585 #9510]  INFO -- : Verificando se existe o elemento sendButton
I, [2019-06-13T14:36:41.336521 #9510]  INFO -- : Verificando se existe o elemento sendButton
I, [2019-06-13T14:36:41.746677 #9510]  INFO -- : Verificando se existe o elemento sendButton
I, [2019-06-13T14:36:42.130897 #9510]  INFO -- : Verificando se existe o elemento sendButton
I, [2019-06-13T14:36:42.522652 #9510]  INFO -- : Verificando se existe o elemento sendButton
I, [2019-06-13T14:36:42.922464 #9510]  INFO -- : Verificando se existe o elemento sendButton
I, [2019-06-13T14:36:43.477140 #9510]  INFO -- : Verificando se existe o elemento sendButton
I, [2019-06-13T14:36:43.824231 #9510]  INFO -- : Verificando se existe o elemento sendButton
I, [2019-06-13T14:36:44.187099 #9510]  INFO -- : Verificando se existe o elemento sendButton
I, [2019-06-13T14:36:44.576946 #9510]  INFO -- : Verificando se existe o elemento sendButton
I, [2019-06-13T14:36:44.978211 #9510]  INFO -- : Verificando se existe o elemento sendButton
I, [2019-06-13T14:36:46.526905 #9510]  INFO -- : Fim do Teste!
I, [2019-06-13T14:37:19.483684 #9589]  INFO -- : Início do teste...
I, [2019-06-13T14:37:19.484499 #9589]  INFO -- : Verificando se existe o elemento buttonSignUp
I, [2019-06-13T14:37:20.821014 #9589]  INFO -- : Aguardou a existência do elemento buttonSignUp
I, [2019-06-13T14:37:21.192710 #9589]  INFO -- : Clicou no botão buttonSignUp
I, [2019-06-13T14:37:27.543228 #9589]  INFO -- : Preencheu o campo fullNameEditText com o valor Julieta
I, [2019-06-13T14:37:33.867008 #9589]  INFO -- : Preencheu o campo sign_up_edit_cpf com o valor 53914670126
I, [2019-06-13T14:37:40.315083 #9589]  INFO -- : Preencheu o campo sign_up_edit_birthday com o valor 17011996
I, [2019-06-13T14:37:46.828260 #9589]  INFO -- : Preencheu o campo emailEditText com o valor clarence@hotmail.com
I, [2019-06-13T14:37:53.178649 #9589]  INFO -- : Preencheu o campo passwordEditText com o valor Senha123!
I, [2019-06-13T14:37:53.529485 #9589]  INFO -- : Verificando se existe o elemento sendButton
I, [2019-06-13T14:37:54.270130 #9589]  INFO -- : Aguardou a existência do elemento sendButton
I, [2019-06-13T14:37:54.480417 #9589]  INFO -- : Clicou no botão sendButton
I, [2019-06-13T14:37:54.480505 #9589]  INFO -- : Cadastrei usuário com sucesso - Email: clarence@hotmail.com - Senha: Senha123!
I, [2019-06-13T14:37:55.829376 #9589]  INFO -- : Fim do Teste!
I, [2019-06-13T14:41:16.746458 #9722]  INFO -- : Início do teste...
I, [2019-06-13T14:41:16.747717 #9722]  INFO -- : Verificando se existe o elemento buttonSignUp
I, [2019-06-13T14:41:17.955199 #9722]  INFO -- : Aguardou a existência do elemento buttonSignUp
I, [2019-06-13T14:41:18.315147 #9722]  INFO -- : Clicou no botão buttonSignUp
I, [2019-06-13T14:41:24.553754 #9722]  INFO -- : Preencheu o campo fullNameEditText com o valor Mel
I, [2019-06-13T14:41:30.921401 #9722]  INFO -- : Preencheu o campo sign_up_edit_cpf com o valor 86297472262
I, [2019-06-13T14:41:37.426158 #9722]  INFO -- : Preencheu o campo sign_up_edit_birthday com o valor 22021968
I, [2019-06-13T14:41:44.070704 #9722]  INFO -- : Preencheu o campo emailEditText com o valor delaine_rodriguez@hotmail.com
I, [2019-06-13T14:41:50.425670 #9722]  INFO -- : Preencheu o campo passwordEditText com o valor Senha123!
I, [2019-06-13T14:41:50.808339 #9722]  INFO -- : Verificando se existe o elemento sendButton
I, [2019-06-13T14:41:51.527957 #9722]  INFO -- : Aguardou a existência do elemento sendButton
I, [2019-06-13T14:41:51.689614 #9722]  INFO -- : Clicou no botão sendButton
I, [2019-06-13T14:41:51.689745 #9722]  INFO -- : Cadastrei usuário com sucesso - Email: delaine_rodriguez@hotmail.com - Senha: Senha123!
I, [2019-06-13T14:41:52.733327 #9722]  INFO -- : Fim do Teste!
I, [2019-06-13T14:42:04.110020 #9795]  INFO -- : Início do teste...
I, [2019-06-13T14:42:04.111633 #9795]  INFO -- : Verificando se existe o elemento buttonSignUp
I, [2019-06-13T14:42:05.716915 #9795]  INFO -- : Aguardou a existência do elemento buttonSignUp
I, [2019-06-13T14:42:06.937758 #9795]  INFO -- : Clicou no botão buttonSignUp
I, [2019-06-13T14:42:13.908788 #9795]  INFO -- : Preencheu o campo fullNameEditText com o valor Tales
I, [2019-06-13T14:42:20.207884 #9795]  INFO -- : Preencheu o campo sign_up_edit_cpf com o valor 91436791456
I, [2019-06-13T14:42:26.708453 #9795]  INFO -- : Preencheu o campo sign_up_edit_birthday com o valor 14011938
I, [2019-06-13T14:42:33.157732 #9795]  INFO -- : Preencheu o campo emailEditText com o valor fransisca@gmail.com
I, [2019-06-13T14:42:39.458693 #9795]  INFO -- : Preencheu o campo passwordEditText com o valor Senha123!
I, [2019-06-13T14:42:39.458833 #9795]  INFO -- : Fechou o teclado virtual
I, [2019-06-13T14:42:39.458910 #9795]  INFO -- : Verificando se existe o elemento sendButton
I, [2019-06-13T14:42:40.361870 #9795]  INFO -- : Verificando se existe o elemento sendButton
I, [2019-06-13T14:42:40.710059 #9795]  INFO -- : Verificando se existe o elemento sendButton
I, [2019-06-13T14:42:41.060738 #9795]  INFO -- : Verificando se existe o elemento sendButton
I, [2019-06-13T14:42:41.461868 #9795]  INFO -- : Verificando se existe o elemento sendButton
I, [2019-06-13T14:42:41.861083 #9795]  INFO -- : Verificando se existe o elemento sendButton
I, [2019-06-13T14:42:42.211950 #9795]  INFO -- : Verificando se existe o elemento sendButton
I, [2019-06-13T14:42:42.558548 #9795]  INFO -- : Verificando se existe o elemento sendButton
I, [2019-06-13T14:42:42.912016 #9795]  INFO -- : Verificando se existe o elemento sendButton
I, [2019-06-13T14:42:43.310717 #9795]  INFO -- : Verificando se existe o elemento sendButton
I, [2019-06-13T14:42:43.711475 #9795]  INFO -- : Verificando se existe o elemento sendButton
I, [2019-06-13T14:42:44.060671 #9795]  INFO -- : Verificando se existe o elemento sendButton
I, [2019-06-13T14:42:44.412012 #9795]  INFO -- : Verificando se existe o elemento sendButton
I, [2019-06-13T14:42:44.809867 #9795]  INFO -- : Verificando se existe o elemento sendButton
I, [2019-06-13T14:42:45.262582 #9795]  INFO -- : Verificando se existe o elemento sendButton
I, [2019-06-13T14:42:45.708551 #9795]  INFO -- : Verificando se existe o elemento sendButton
I, [2019-06-13T14:42:46.110229 #9795]  INFO -- : Verificando se existe o elemento sendButton
I, [2019-06-13T14:42:46.458462 #9795]  INFO -- : Verificando se existe o elemento sendButton
I, [2019-06-13T14:42:46.911223 #9795]  INFO -- : Verificando se existe o elemento sendButton
I, [2019-06-13T14:42:47.607344 #9795]  INFO -- : Aguardou a existência do elemento sendButton
I, [2019-06-13T14:42:47.807683 #9795]  INFO -- : Clicou no botão sendButton
I, [2019-06-13T14:42:47.807771 #9795]  INFO -- : Cadastrei usuário com sucesso - Email: fransisca@gmail.com - Senha: Senha123!
I, [2019-06-13T14:42:48.957602 #9795]  INFO -- : Fim do Teste!
I, [2019-06-13T14:43:19.803474 #9880]  INFO -- : Início do teste...
I, [2019-06-13T14:43:19.804895 #9880]  INFO -- : Verificando se existe o elemento buttonSignUp
I, [2019-06-13T14:43:21.078954 #9880]  INFO -- : Aguardou a existência do elemento buttonSignUp
I, [2019-06-13T14:43:21.563046 #9880]  INFO -- : Clicou no botão buttonSignUp
I, [2019-06-13T14:43:27.925130 #9880]  INFO -- : Preencheu o campo fullNameEditText com o valor Berta
I, [2019-06-13T14:43:34.263333 #9880]  INFO -- : Preencheu o campo sign_up_edit_cpf com o valor 84616178607
I, [2019-06-13T14:43:40.670052 #9880]  INFO -- : Preencheu o campo sign_up_edit_birthday com o valor 04011980
I, [2019-06-13T14:43:47.244923 #9880]  INFO -- : Preencheu o campo emailEditText com o valor jung_trantow@hotmail.com
I, [2019-06-13T14:43:53.613534 #9880]  INFO -- : Preencheu o campo passwordEditText com o valor Senha123!
I, [2019-06-13T14:43:54.228138 #9880]  INFO -- : Verificando se existe o elemento sendButton
I, [2019-06-13T14:43:54.974865 #9880]  INFO -- : Aguardou a existência do elemento sendButton
I, [2019-06-13T14:43:55.160234 #9880]  INFO -- : Clicou no botão sendButton
I, [2019-06-13T14:43:55.160305 #9880]  INFO -- : Cadastrei usuário com sucesso - Email: jung_trantow@hotmail.com - Senha: Senha123!
I, [2019-06-13T14:43:56.170461 #9880]  INFO -- : Fim do Teste!
I, [2019-06-13T15:48:03.118038 #11110]  INFO -- : Início do teste...
I, [2019-06-13T15:48:03.119352 #11110]  INFO -- : Verificando se existe o elemento buttonSignUp
I, [2019-06-13T15:48:04.564828 #11110]  INFO -- : Aguardou a existência do elemento buttonSignUp
I, [2019-06-13T15:48:04.961033 #11110]  INFO -- : Clicou no botão buttonSignUp
I, [2019-06-13T15:48:11.685191 #11110]  INFO -- : Preencheu o campo fullNameEditText com o valor Jane
I, [2019-06-13T15:48:18.019260 #11110]  INFO -- : Preencheu o campo sign_up_edit_cpf com o valor 36164123585
I, [2019-06-13T15:48:24.494281 #11110]  INFO -- : Preencheu o campo sign_up_edit_birthday com o valor 11081982
I, [2019-06-13T15:48:31.034084 #11110]  INFO -- : Preencheu o campo emailEditText com o valor jolynn.ortiz@gmail.com
I, [2019-06-13T15:48:37.319541 #11110]  INFO -- : Preencheu o campo passwordEditText com o valor Senha123!
I, [2019-06-13T15:48:37.935809 #11110]  INFO -- : Verificando se existe o elemento sendButton
I, [2019-06-13T15:48:38.642310 #11110]  INFO -- : Aguardou a existência do elemento sendButton
I, [2019-06-13T15:48:38.818259 #11110]  INFO -- : Clicou no botão sendButton
I, [2019-06-13T15:48:38.818335 #11110]  INFO -- : Cadastrei usuário com sucesso - Email: jolynn.ortiz@gmail.com - Senha: Senha123!
I, [2019-06-13T15:49:22.667892 #11110]  INFO -- : Está buscando o texto do elemento signUpEmail
I, [2019-06-13T15:49:44.568714 #11110]  INFO -- : Está buscando o texto do elemento signUpEmail
I, [2019-06-13T15:49:45.645121 #11110]  INFO -- : Fim do Teste!
I, [2019-06-13T15:49:52.499886 #11201]  INFO -- : Início do teste...
I, [2019-06-13T15:49:52.501273 #11201]  INFO -- : Verificando se existe o elemento buttonSignUp
I, [2019-06-13T15:49:53.770900 #11201]  INFO -- : Aguardou a existência do elemento buttonSignUp
I, [2019-06-13T15:49:54.169845 #11201]  INFO -- : Clicou no botão buttonSignUp
I, [2019-06-13T15:50:01.006634 #11201]  INFO -- : Preencheu o campo fullNameEditText com o valor Telmo
I, [2019-06-13T15:50:07.461846 #11201]  INFO -- : Preencheu o campo sign_up_edit_cpf com o valor 60413217027
I, [2019-06-13T15:50:13.914895 #11201]  INFO -- : Preencheu o campo sign_up_edit_birthday com o valor 20071962
I, [2019-06-13T15:50:20.609636 #11201]  INFO -- : Preencheu o campo emailEditText com o valor fredricka.krajcik@hotmail.com
I, [2019-06-13T15:50:26.907018 #11201]  INFO -- : Preencheu o campo passwordEditText com o valor Senha123!
I, [2019-06-13T15:50:27.509833 #11201]  INFO -- : Verificando se existe o elemento sendButton
I, [2019-06-13T15:50:28.206778 #11201]  INFO -- : Aguardou a existência do elemento sendButton
I, [2019-06-13T15:50:28.389107 #11201]  INFO -- : Clicou no botão sendButton
I, [2019-06-13T15:50:28.389222 #11201]  INFO -- : Cadastrei usuário com sucesso - Email: fredricka.krajcik@hotmail.com - Senha: Senha123!
I, [2019-06-13T15:50:47.789991 #11201]  INFO -- : Está buscando o texto do elemento signUpEmail
I, [2019-06-13T15:50:48.784130 #11201]  INFO -- : Fim do Teste!
I, [2019-06-13T15:54:06.466203 #11350]  INFO -- : Início do teste...
I, [2019-06-13T15:54:06.467554 #11350]  INFO -- : Verificando se existe o elemento buttonSignUp
I, [2019-06-13T15:54:08.295032 #11350]  INFO -- : Aguardou a existência do elemento buttonSignUp
I, [2019-06-13T15:54:08.664227 #11350]  INFO -- : Clicou no botão buttonSignUp
I, [2019-06-13T15:54:15.152325 #11350]  INFO -- : Preencheu o campo fullNameEditText com o valor Dalila
I, [2019-06-13T15:54:22.311259 #11350]  INFO -- : Preencheu o campo sign_up_edit_cpf com o valor 78782540799
I, [2019-06-13T15:54:30.477081 #11350]  INFO -- : Preencheu o campo sign_up_edit_birthday com o valor 23081962
I, [2019-06-13T15:54:38.327115 #11350]  INFO -- : Preencheu o campo emailEditText com o valor lynne_schamberger@gmail.com
I, [2019-06-13T15:54:45.826001 #11350]  INFO -- : Preencheu o campo passwordEditText com o valor Senha123!
I, [2019-06-13T15:54:46.378100 #11350]  INFO -- : Verificando se existe o elemento sendButton
I, [2019-06-13T15:54:47.126188 #11350]  INFO -- : Aguardou a existência do elemento sendButton
I, [2019-06-13T15:54:47.380161 #11350]  INFO -- : Clicou no botão sendButton
I, [2019-06-13T15:54:47.380420 #11350]  INFO -- : Cadastrei usuário com sucesso - Email: lynne_schamberger@gmail.com - Senha: Senha123!
I, [2019-06-13T15:54:57.977609 #11350]  INFO -- : Está buscando o texto do elemento signUpEmail
I, [2019-06-13T15:54:58.285261 #11350]  INFO -- : Está buscando o texto do elemento title
I, [2019-06-13T15:55:01.224443 #11350]  INFO -- : Fim do Teste!
I, [2019-06-13T16:02:37.925227 #11595]  INFO -- : Início do teste...
I, [2019-06-13T16:02:37.927021 #11595]  INFO -- : Verificando se existe o elemento buttonSignUp
I, [2019-06-13T16:02:39.266831 #11595]  INFO -- : Aguardou a existência do elemento buttonSignUp
I, [2019-06-13T16:02:39.716191 #11595]  INFO -- : Clicou no botão buttonSignUp
I, [2019-06-13T16:02:46.577278 #11595]  INFO -- : Preencheu o campo fullNameEditText com o valor Darci
I, [2019-06-13T16:02:52.966068 #11595]  INFO -- : Preencheu o campo sign_up_edit_cpf com o valor 73101903432
I, [2019-06-13T16:02:59.830014 #11595]  INFO -- : Preencheu o campo sign_up_edit_birthday com o valor 09011934
I, [2019-06-13T16:03:06.367214 #11595]  INFO -- : Preencheu o campo emailEditText com o valor else@hotmail.com
I, [2019-06-13T16:03:12.665073 #11595]  INFO -- : Preencheu o campo passwordEditText com o valor Senha123!
I, [2019-06-13T16:03:13.265046 #11595]  INFO -- : Verificando se existe o elemento sendButton
I, [2019-06-13T16:03:13.965382 #11595]  INFO -- : Aguardou a existência do elemento sendButton
I, [2019-06-13T16:03:14.165239 #11595]  INFO -- : Clicou no botão sendButton
I, [2019-06-13T16:03:14.165316 #11595]  INFO -- : Cadastrei usuário com sucesso - Email: else@hotmail.com - Senha: Senha123!
I, [2019-06-13T16:03:16.415714 #11595]  INFO -- : Está buscando o texto do elemento signUpEmail
I, [2019-06-13T16:03:16.578079 #11595]  INFO -- : Está buscando o texto do elemento title
I, [2019-06-13T16:03:16.667718 #11595]  INFO -- : Assert de Cadastro passou!
I, [2019-06-13T16:03:18.019413 #11595]  INFO -- : Fim do Teste!
I, [2019-06-13T16:04:01.331159 #11676]  INFO -- : Início do teste...
I, [2019-06-13T16:04:01.333669 #11676]  INFO -- : Verificando se existe o elemento buttonSignUp
I, [2019-06-13T16:04:02.708948 #11676]  INFO -- : Aguardou a existência do elemento buttonSignUp
I, [2019-06-13T16:04:03.202388 #11676]  INFO -- : Clicou no botão buttonSignUp
I, [2019-06-13T16:04:10.248865 #11676]  INFO -- : Preencheu o campo fullNameEditText com o valor Melina
I, [2019-06-13T16:04:17.094798 #11676]  INFO -- : Preencheu o campo sign_up_edit_cpf com o valor 34205931719
I, [2019-06-13T16:04:24.292821 #11676]  INFO -- : Preencheu o campo sign_up_edit_birthday com o valor 12011957
I, [2019-06-13T16:04:31.051812 #11676]  INFO -- : Preencheu o campo emailEditText com o valor wei.lehner@yahoo.com
I, [2019-06-13T16:04:37.388062 #11676]  INFO -- : Preencheu o campo passwordEditText com o valor Senha123!
I, [2019-06-13T16:04:37.986769 #11676]  INFO -- : Verificando se existe o elemento sendButton
I, [2019-06-13T16:04:38.687206 #11676]  INFO -- : Aguardou a existência do elemento sendButton
I, [2019-06-13T16:04:38.889195 #11676]  INFO -- : Clicou no botão sendButton
I, [2019-06-13T16:04:38.889338 #11676]  INFO -- : Cadastrei usuário com sucesso - Email: wei.lehner@yahoo.com - Senha: Senha123!
I, [2019-06-13T16:04:41.399476 #11676]  INFO -- : Está buscando o texto do elemento signUpEmail
I, [2019-06-13T16:04:41.547573 #11676]  INFO -- : Está buscando o texto do elemento title
I, [2019-06-13T16:04:41.690870 #11676]  INFO -- : Assert de Cadastro passou!
I, [2019-06-13T16:04:42.887487 #11676]  INFO -- : Fim do Teste!
I, [2019-06-13T16:06:06.764268 #11775]  INFO -- : Início do teste...
I, [2019-06-13T16:06:06.765599 #11775]  INFO -- : Verificando se existe o elemento buttonSignUp
I, [2019-06-13T16:06:08.150393 #11775]  INFO -- : Aguardou a existência do elemento buttonSignUp
I, [2019-06-13T16:06:08.554436 #11775]  INFO -- : Clicou no botão buttonSignUp
I, [2019-06-13T16:06:14.952841 #11775]  INFO -- : Preencheu o campo fullNameEditText com o valor Nelsa
I, [2019-06-13T16:06:21.292000 #11775]  INFO -- : Preencheu o campo sign_up_edit_cpf com o valor 69791285748
I, [2019-06-13T16:06:27.731503 #11775]  INFO -- : Preencheu o campo sign_up_edit_birthday com o valor 01021978
I, [2019-06-13T16:06:34.371833 #11775]  INFO -- : Preencheu o campo emailEditText com o valor cherrie_padberg@gmail.com
I, [2019-06-13T16:06:40.773642 #11775]  INFO -- : Preencheu o campo passwordEditText com o valor Senha123!
I, [2019-06-13T16:06:41.379641 #11775]  INFO -- : Verificando se existe o elemento sendButton
I, [2019-06-13T16:06:42.064156 #11775]  INFO -- : Aguardou a existência do elemento sendButton
I, [2019-06-13T16:06:42.266690 #11775]  INFO -- : Clicou no botão sendButton
I, [2019-06-13T16:06:42.266830 #11775]  INFO -- : Cadastrei usuário com sucesso - Email: cherrie_padberg@gmail.com - Senha: Senha123!
I, [2019-06-13T16:06:44.429242 #11775]  INFO -- : Está buscando o texto do elemento signUpEmail
I, [2019-06-13T16:06:44.517847 #11775]  INFO -- : Assert de Cadastro passou!
I, [2019-06-13T16:06:45.729592 #11775]  INFO -- : Fim do Teste!
I, [2019-06-13T16:07:15.668951 #11849]  INFO -- : Início do teste...
I, [2019-06-13T16:07:15.671065 #11849]  INFO -- : Verificando se existe o elemento buttonSignUp
I, [2019-06-13T16:07:17.220815 #11849]  INFO -- : Aguardou a existência do elemento buttonSignUp
I, [2019-06-13T16:07:18.263558 #11849]  INFO -- : Clicou no botão buttonSignUp
I, [2019-06-13T16:07:25.176125 #11849]  INFO -- : Preencheu o campo fullNameEditText com o valor Paulino
I, [2019-06-13T16:07:31.515350 #11849]  INFO -- : Preencheu o campo sign_up_edit_cpf com o valor 74241070469
I, [2019-06-13T16:07:38.113910 #11849]  INFO -- : Preencheu o campo sign_up_edit_birthday com o valor 27011979
I, [2019-06-13T16:07:44.575507 #11849]  INFO -- : Preencheu o campo emailEditText com o valor frankie@hotmail.com
I, [2019-06-13T16:07:51.013661 #11849]  INFO -- : Preencheu o campo passwordEditText com o valor Senha123!
I, [2019-06-13T16:07:51.613836 #11849]  INFO -- : Verificando se existe o elemento sendButton
I, [2019-06-13T16:07:52.265060 #11849]  INFO -- : Aguardou a existência do elemento sendButton
I, [2019-06-13T16:07:52.464164 #11849]  INFO -- : Clicou no botão sendButton
I, [2019-06-13T16:07:52.464239 #11849]  INFO -- : Cadastrei usuário com sucesso - Email: frankie@hotmail.com - Senha: Senha123!
I, [2019-06-13T16:08:00.922188 #11849]  INFO -- : Está buscando o texto do elemento signUpEmail
I, [2019-06-13T16:08:12.072215 #11849]  INFO -- : Está buscando o texto do elemento title
I, [2019-06-13T16:08:21.408686 #11849]  INFO -- : Está buscando o texto do elemento signUpEmail
I, [2019-06-13T16:08:31.002177 #11849]  INFO -- : Está buscando o texto do elemento signUpEmail
I, [2019-06-13T16:08:31.021657 #11849]  INFO -- : Assert de Cadastro passou!
I, [2019-06-13T16:08:32.056295 #11849]  INFO -- : Fim do Teste!
I, [2019-06-13T16:49:22.945613 #12515]  INFO -- : Início do teste...
I, [2019-06-13T16:49:22.947233 #12515]  INFO -- : Verificando se existe o elemento buttonSignUp
I, [2019-06-13T16:49:24.278604 #12515]  INFO -- : Aguardou a existência do elemento buttonSignUp
I, [2019-06-13T16:49:24.689222 #12515]  INFO -- : Clicou no botão buttonSignUp
I, [2019-06-13T16:49:31.113482 #12515]  INFO -- : Preencheu o campo fullNameEditText com o valor Aldenora
I, [2019-06-13T16:49:37.565456 #12515]  INFO -- : Preencheu o campo sign_up_edit_cpf com o valor 95398483692
I, [2019-06-13T16:49:43.935735 #12515]  INFO -- : Preencheu o campo sign_up_edit_birthday com o valor 19101992
I, [2019-06-13T16:49:50.424303 #12515]  INFO -- : Preencheu o campo emailEditText com o valor tomika@yahoo.com
I, [2019-06-13T16:49:56.702105 #12515]  INFO -- : Preencheu o campo passwordEditText com o valor Senha123!
I, [2019-06-13T16:49:57.303662 #12515]  INFO -- : Verificando se existe o elemento sendButton
I, [2019-06-13T16:49:57.981263 #12515]  INFO -- : Aguardou a existência do elemento sendButton
I, [2019-06-13T16:49:58.180244 #12515]  INFO -- : Clicou no botão sendButton
I, [2019-06-13T16:49:58.180316 #12515]  INFO -- : Cadastrei usuário com sucesso - Email: tomika@yahoo.com - Senha: Senha123!
I, [2019-06-13T16:50:00.576573 #12515]  INFO -- : Está buscando o texto do elemento signUpEmail
I, [2019-06-13T16:50:00.660629 #12515]  INFO -- : Está buscando o texto do elemento title
I, [2019-06-13T16:50:00.702927 #12515]  INFO -- : Assert de Cadastro passou!
I, [2019-06-13T16:50:01.880465 #12515]  INFO -- : Fim do Teste!
I, [2019-06-13T16:53:31.034120 #12613]  INFO -- : Início do teste...
I, [2019-06-13T16:53:31.035342 #12613]  INFO -- : Verificando se existe o elemento buttonSignUp
I, [2019-06-13T16:53:32.415444 #12613]  INFO -- : Aguardou a existência do elemento buttonSignUp
I, [2019-06-13T16:53:32.806189 #12613]  INFO -- : Clicou no botão buttonSignUp
I, [2019-06-13T16:53:39.195846 #12613]  INFO -- : Preencheu o campo fullNameEditText com o valor Adelina
I, [2019-06-13T16:53:45.513941 #12613]  INFO -- : Preencheu o campo sign_up_edit_cpf com o valor 17791423154
I, [2019-06-13T16:53:51.994773 #12613]  INFO -- : Preencheu o campo sign_up_edit_birthday com o valor 20011980
I, [2019-06-13T16:53:58.432643 #12613]  INFO -- : Preencheu o campo emailEditText com o valor tessa@hotmail.com
I, [2019-06-13T16:54:04.683805 #12613]  INFO -- : Preencheu o campo passwordEditText com o valor Senha123!
I, [2019-06-13T16:54:05.277966 #12613]  INFO -- : Verificando se existe o elemento sendButton
I, [2019-06-13T16:54:05.956468 #12613]  INFO -- : Aguardou a existência do elemento sendButton
I, [2019-06-13T16:54:06.129338 #12613]  INFO -- : Clicou no botão sendButton
I, [2019-06-13T16:54:06.129418 #12613]  INFO -- : Cadastrei usuário com sucesso - Email: tessa@hotmail.com - Senha: Senha123!
I, [2019-06-13T16:54:08.305302 #12613]  INFO -- : Está buscando o texto do elemento signUpEmail
I, [2019-06-13T16:54:08.380421 #12613]  INFO -- : Está buscando o texto do elemento title
I, [2019-06-13T16:54:08.418266 #12613]  INFO -- : Assert de Cadastro passou!
I, [2019-06-13T16:54:09.532231 #12613]  INFO -- : Fim do Teste!
I, [2019-06-13T17:16:53.873179 #13063]  INFO -- : Início do teste...
I, [2019-06-13T17:16:53.876346 #13063]  INFO -- : Verificando se existe o elemento buttonSignUp
I, [2019-06-13T17:16:55.279782 #13063]  INFO -- : Aguardou a existência do elemento buttonSignUp
I, [2019-06-13T17:16:55.712048 #13063]  INFO -- : Clicou no botão buttonSignUp
I, [2019-06-13T17:17:02.392309 #13063]  INFO -- : Preencheu o campo fullNameEditText com o valor Piedade
I, [2019-06-13T17:17:08.829180 #13063]  INFO -- : Preencheu o campo sign_up_edit_cpf com o valor 34650528038
I, [2019-06-13T17:17:15.281611 #13063]  INFO -- : Preencheu o campo sign_up_edit_birthday com o valor 07121997
I, [2019-06-13T17:17:21.681051 #13063]  INFO -- : Preencheu o campo emailEditText com o valor debbie@gmail.com
I, [2019-06-13T17:17:28.040267 #13063]  INFO -- : Preencheu o campo passwordEditText com o valor Senha123!
I, [2019-06-13T17:17:28.648572 #13063]  INFO -- : Verificando se existe o elemento sendButton
I, [2019-06-13T17:17:29.392235 #13063]  INFO -- : Aguardou a existência do elemento sendButton
I, [2019-06-13T17:17:29.636379 #13063]  INFO -- : Clicou no botão sendButton
I, [2019-06-13T17:17:29.636472 #13063]  INFO -- : Cadastrei usuário com sucesso - Email: debbie@gmail.com - Senha: Senha123!
I, [2019-06-13T17:17:29.636501 #13063]  INFO -- : Assert de Cadastro passou!
I, [2019-06-13T17:17:30.793765 #13063]  INFO -- : Fim do Teste!
I, [2019-06-13T17:18:09.056173 #13144]  INFO -- : Início do teste...
I, [2019-06-13T17:18:09.058342 #13144]  INFO -- : Verificando se existe o elemento buttonSignUp
I, [2019-06-13T17:18:09.762316 #13144]  INFO -- : Verificando se existe o elemento buttonSignUp
I, [2019-06-13T17:18:10.713396 #13144]  INFO -- : Aguardou a existência do elemento buttonSignUp
I, [2019-06-13T17:18:11.159472 #13144]  INFO -- : Clicou no botão buttonSignUp
I, [2019-06-13T17:18:18.162908 #13144]  INFO -- : Preencheu o campo fullNameEditText com o valor Izabel
I, [2019-06-13T17:18:24.497304 #13144]  INFO -- : Preencheu o campo sign_up_edit_cpf com o valor 96146200301
I, [2019-06-13T17:18:31.147398 #13144]  INFO -- : Preencheu o campo sign_up_edit_birthday com o valor 15101994
I, [2019-06-13T17:18:37.597457 #13144]  INFO -- : Preencheu o campo emailEditText com o valor lashawna@yahoo.com
I, [2019-06-13T17:18:43.983783 #13144]  INFO -- : Preencheu o campo passwordEditText com o valor Senha123!
I, [2019-06-13T17:18:44.582718 #13144]  INFO -- : Verificando se existe o elemento sendButton
I, [2019-06-13T17:18:45.188799 #13144]  INFO -- : Aguardou a existência do elemento sendButton
I, [2019-06-13T17:18:45.384314 #13144]  INFO -- : Clicou no botão sendButton
I, [2019-06-13T17:18:45.384431 #13144]  INFO -- : Cadastrei usuário com sucesso - Email: lashawna@yahoo.com - Senha: Senha123!
I, [2019-06-13T17:18:46.584945 #13144]  INFO -- : Fim do Teste!
I, [2019-06-13T17:24:20.680777 #13288]  INFO -- : Início do teste...
I, [2019-06-13T17:24:20.682475 #13288]  INFO -- : Verificando se existe o elemento buttonSignUp
I, [2019-06-13T17:24:22.045115 #13288]  INFO -- : Aguardou a existência do elemento buttonSignUp
I, [2019-06-13T17:24:22.545604 #13288]  INFO -- : Clicou no botão buttonSignUp
I, [2019-06-13T17:24:29.530784 #13288]  INFO -- : Preencheu o campo fullNameEditText com o valor Benilde
I, [2019-06-13T17:24:35.849477 #13288]  INFO -- : Preencheu o campo sign_up_edit_cpf com o valor 35063772722
I, [2019-06-13T17:24:42.288290 #13288]  INFO -- : Preencheu o campo sign_up_edit_birthday com o valor 23101937
I, [2019-06-13T17:24:48.851673 #13288]  INFO -- : Preencheu o campo emailEditText com o valor yvone_wyman@yahoo.com
I, [2019-06-13T17:24:55.117079 #13288]  INFO -- : Preencheu o campo passwordEditText com o valor Senha123!
I, [2019-06-13T17:24:55.745429 #13288]  INFO -- : Verificando se existe o elemento sendButton
I, [2019-06-13T17:24:56.446820 #13288]  INFO -- : Aguardou a existência do elemento sendButton
I, [2019-06-13T17:24:56.597948 #13288]  INFO -- : Clicou no botão sendButton
I, [2019-06-13T17:24:56.598036 #13288]  INFO -- : Cadastrei usuário com sucesso - Email: yvone_wyman@yahoo.com - Senha: Senha123!
I, [2019-06-13T17:24:57.800962 #13288]  INFO -- : Fim do Teste!
I, [2019-06-13T17:28:59.482086 #13452]  INFO -- : Início do teste...
I, [2019-06-13T17:28:59.484655 #13452]  INFO -- : Verificando se existe o elemento buttonSignUp
I, [2019-06-13T17:29:00.824885 #13452]  INFO -- : Aguardou a existência do elemento buttonSignUp
I, [2019-06-13T17:29:01.262062 #13452]  INFO -- : Clicou no botão buttonSignUp
I, [2019-06-13T17:29:08.142694 #13452]  INFO -- : Preencheu o campo fullNameEditText com o valor Aluisa
I, [2019-06-13T17:29:14.909900 #13452]  INFO -- : Preencheu o campo sign_up_edit_cpf com o valor 63235876880
I, [2019-06-13T17:29:21.335596 #13452]  INFO -- : Preencheu o campo sign_up_edit_birthday com o valor 09031941
I, [2019-06-13T17:29:27.910598 #13452]  INFO -- : Preencheu o campo emailEditText com o valor doug.treutel@gmail.com
I, [2019-06-13T17:29:34.280396 #13452]  INFO -- : Preencheu o campo passwordEditText com o valor Senha123!
I, [2019-06-13T17:29:35.908594 #13452]  INFO -- : Fim do Teste!
I, [2019-06-13T17:31:04.359762 #13542]  INFO -- : Início do teste...
I, [2019-06-13T17:31:04.360926 #13542]  INFO -- : Verificando se existe o elemento buttonSignUp
I, [2019-06-13T17:31:05.981103 #13542]  INFO -- : Verificando se existe o elemento buttonSignUp
I, [2019-06-13T17:31:06.042183 #13542]  INFO -- : Aguardou a existência do elemento buttonSignUp
I, [2019-06-13T17:31:06.441733 #13542]  INFO -- : Clicou no botão buttonSignUp
I, [2019-06-13T17:31:13.212073 #13542]  INFO -- : Preencheu o campo fullNameEditText com o valor India
I, [2019-06-13T17:31:19.556326 #13542]  INFO -- : Preencheu o campo sign_up_edit_cpf com o valor 08313242361
I, [2019-06-13T17:31:26.036840 #13542]  INFO -- : Preencheu o campo sign_up_edit_birthday com o valor 19031987
I, [2019-06-13T17:31:32.420661 #13542]  INFO -- : Preencheu o campo emailEditText com o valor magan@yahoo.com
I, [2019-06-13T17:31:38.767606 #13542]  INFO -- : Preencheu o campo passwordEditText com o valor Senha123!
I, [2019-06-13T17:31:39.818402 #13542]  INFO -- : Fim do Teste!
I, [2019-06-13T17:33:29.988841 #13682]  INFO -- : Início do teste...
I, [2019-06-13T17:33:29.990364 #13682]  INFO -- : Verificando se existe o elemento buttonSignUp
I, [2019-06-13T17:33:31.337764 #13682]  INFO -- : Aguardou a existência do elemento buttonSignUp
I, [2019-06-13T17:33:31.707965 #13682]  INFO -- : Clicou no botão buttonSignUp
I, [2019-06-13T17:33:38.440538 #13682]  INFO -- : Preencheu o campo fullNameEditText com o valor Almir
I, [2019-06-13T17:33:44.759750 #13682]  INFO -- : Preencheu o campo sign_up_edit_cpf com o valor 02314462920
I, [2019-06-13T17:33:51.314972 #13682]  INFO -- : Preencheu o campo sign_up_edit_birthday com o valor 02011978
I, [2019-06-13T17:33:57.816032 #13682]  INFO -- : Preencheu o campo emailEditText com o valor faustino@gmail.com
I, [2019-06-13T17:34:04.264043 #13682]  INFO -- : Preencheu o campo passwordEditText com o valor Senha123!
I, [2019-06-13T17:34:04.865196 #13682]  INFO -- : Verificando se existe o elemento sendButton
I, [2019-06-13T17:34:05.533954 #13682]  INFO -- : Aguardou a existência do elemento sendButton
I, [2019-06-13T17:34:05.713651 #13682]  INFO -- : Clicou no botão sendButton
I, [2019-06-13T17:34:05.713753 #13682]  INFO -- : Cadastrei usuário com sucesso - Email: faustino@gmail.com - Senha: Senha123!
I, [2019-06-13T17:34:06.966221 #13682]  INFO -- : Fim do Teste!
I, [2019-06-13T17:34:28.731236 #13756]  INFO -- : Início do teste...
I, [2019-06-13T17:34:28.732266 #13756]  INFO -- : Verificando se existe o elemento buttonSignUp
I, [2019-06-13T17:34:30.026142 #13756]  INFO -- : Aguardou a existência do elemento buttonSignUp
I, [2019-06-13T17:34:30.413223 #13756]  INFO -- : Clicou no botão buttonSignUp
I, [2019-06-13T17:34:37.164462 #13756]  INFO -- : Preencheu o campo fullNameEditText com o valor Renata
I, [2019-06-13T17:34:43.525819 #13756]  INFO -- : Preencheu o campo sign_up_edit_cpf com o valor 43963270560
I, [2019-06-13T17:34:50.328063 #13756]  INFO -- : Preencheu o campo sign_up_edit_birthday com o valor 25092000
I, [2019-06-13T17:34:56.974885 #13756]  INFO -- : Preencheu o campo emailEditText com o valor na_greenfelder@yahoo.com
I, [2019-06-13T17:35:03.224362 #13756]  INFO -- : Preencheu o campo passwordEditText com o valor Senha123!
I, [2019-06-13T17:35:03.825585 #13756]  INFO -- : Verificando se existe o elemento sendButton
I, [2019-06-13T17:35:04.524307 #13756]  INFO -- : Aguardou a existência do elemento sendButton
I, [2019-06-13T17:35:04.728447 #13756]  INFO -- : Clicou no botão sendButton
I, [2019-06-13T17:35:04.728538 #13756]  INFO -- : Cadastrei usuário com sucesso - Email: na_greenfelder@yahoo.com - Senha: Senha123!
I, [2019-06-13T17:35:06.873219 #13756]  INFO -- : Está buscando o texto do elemento signUpEmail
I, [2019-06-13T17:35:07.023129 #13756]  INFO -- : Está buscando o texto do elemento title
I, [2019-06-13T17:35:07.085384 #13756]  INFO -- : Assert de Cadastro passou!
I, [2019-06-13T17:35:08.327741 #13756]  INFO -- : Fim do Teste!
I, [2019-06-13T17:37:48.176350 #13858]  INFO -- : Início do teste...
I, [2019-06-13T17:37:48.177787 #13858]  INFO -- : Verificando se existe o elemento buttonSignIn
I, [2019-06-13T17:37:48.899866 #13858]  INFO -- : Verificando se existe o elemento buttonSignIn
I, [2019-06-13T17:37:49.813056 #13858]  INFO -- : Aguardou a existência do elemento buttonSignIn
I, [2019-06-13T17:37:50.171406 #13858]  INFO -- : Clicou no botão buttonSignIn
I, [2019-06-13T17:37:56.690707 #13858]  INFO -- : Preencheu o campo emailEditText com o valor frormm@gmail.com
I, [2019-06-13T17:38:02.893502 #13858]  INFO -- : Preencheu o campo editTextPassword com o valor thi0927
I, [2019-06-13T17:38:02.893672 #13858]  INFO -- : Verificando se existe o elemento buttonSignIn
I, [2019-06-13T17:38:03.447754 #13858]  INFO -- : Aguardou a existência do elemento buttonSignIn
I, [2019-06-13T17:38:03.792829 #13858]  INFO -- : Clicou no botão buttonSignIn
I, [2019-06-13T17:38:03.795225 #13858]  INFO -- : Loguei com sucesso - usuário frormm@gmail.com
I, [2019-06-13T17:38:08.630495 #13858]  INFO -- : Está buscando o texto do elemento fragmentStartTxtGreetingTitle
I, [2019-06-13T17:38:08.733014 #13858]  INFO -- : Assert de Login passou!
I, [2019-06-13T17:38:09.832139 #13858]  INFO -- : Fim do Teste!
I, [2019-06-13T17:38:13.212559 #13858]  INFO -- : Início do teste...
I, [2019-06-13T17:38:13.213391 #13858]  INFO -- : Verificando se existe o elemento btnEnterNoLogin
I, [2019-06-13T17:38:14.553357 #13858]  INFO -- : Aguardou a existência do elemento btnEnterNoLogin
I, [2019-06-13T17:38:14.912781 #13858]  INFO -- : Clicou no botão btnEnterNoLogin
I, [2019-06-13T17:38:14.913599 #13858]  INFO -- : Continuei sem login...
I, [2019-06-13T17:38:16.409590 #13858]  INFO -- : Está buscando o texto do elemento fragmentStartTxtGreetingTitle
I, [2019-06-13T17:38:16.509243 #13858]  INFO -- : Assert sem Login passou!
I, [2019-06-13T17:38:17.706340 #13858]  INFO -- : Fim do Teste!
I, [2019-06-13T17:38:22.009240 #13858]  INFO -- : Início do teste...
I, [2019-06-13T17:38:22.010175 #13858]  INFO -- : Verificando se existe o elemento buttonSignUp
I, [2019-06-13T17:38:23.254188 #13858]  INFO -- : Aguardou a existência do elemento buttonSignUp
I, [2019-06-13T17:38:23.754609 #13858]  INFO -- : Clicou no botão buttonSignUp
I, [2019-06-13T17:38:30.755465 #13858]  INFO -- : Preencheu o campo fullNameEditText com o valor Andressa
I, [2019-06-13T17:38:37.218756 #13858]  INFO -- : Preencheu o campo sign_up_edit_cpf com o valor 38956135924
I, [2019-06-13T17:38:43.804281 #13858]  INFO -- : Preencheu o campo sign_up_edit_birthday com o valor 06021955
I, [2019-06-13T17:38:50.355919 #13858]  INFO -- : Preencheu o campo emailEditText com o valor lewis@gmail.com
I, [2019-06-13T17:38:56.756217 #13858]  INFO -- : Preencheu o campo passwordEditText com o valor Senha123!
I, [2019-06-13T17:38:57.357161 #13858]  INFO -- : Verificando se existe o elemento sendButton
I, [2019-06-13T17:38:58.060357 #13858]  INFO -- : Aguardou a existência do elemento sendButton
I, [2019-06-13T17:38:58.255492 #13858]  INFO -- : Clicou no botão sendButton
I, [2019-06-13T17:38:58.255618 #13858]  INFO -- : Cadastrei usuário com sucesso - Email: lewis@gmail.com - Senha: Senha123!
I, [2019-06-13T17:39:00.713805 #13858]  INFO -- : Está buscando o texto do elemento signUpEmail
I, [2019-06-13T17:39:00.863557 #13858]  INFO -- : Está buscando o texto do elemento title
I, [2019-06-13T17:39:00.915498 #13858]  INFO -- : Assert de Cadastro passou!
I, [2019-06-13T17:39:02.104236 #13858]  INFO -- : Fim do Teste!
