# Logfile created on 2019-07-16 14:21:59 -0300 by logger.rb/66358
D, [2019-07-16T14:22:09.304177 #7288] DEBUG -- : Início do teste do cenário mudar_notificações_com_sucesso...
I, [2019-07-16T14:22:09.305996 #7288]  INFO -- : Verificando se existe o elemento buttonSignIn
I, [2019-07-16T14:22:09.794285 #7288]  INFO -- : Verificando se existe o elemento buttonSignIn
I, [2019-07-16T14:22:10.034660 #7288]  INFO -- : Verificando se existe o elemento buttonSignIn
I, [2019-07-16T14:22:10.265336 #7288]  INFO -- : Verificando se existe o elemento buttonSignIn
I, [2019-07-16T14:22:10.692905 #7288]  INFO -- : Verificando se existe o elemento buttonSignIn
I, [2019-07-16T14:22:10.990468 #7288]  INFO -- : Verificando se existe o elemento buttonSignIn
I, [2019-07-16T14:22:11.396572 #7288]  INFO -- : Aguardou a existência do elemento buttonSignIn
I, [2019-07-16T14:22:11.523962 #7288]  INFO -- : Clicou no botão buttonSignIn
I, [2019-07-16T14:22:11.525192 #7288]  INFO -- : Verificando se existe o elemento emailEditText
I, [2019-07-16T14:22:12.298943 #7288]  INFO -- : Verificando se existe o elemento emailEditText
I, [2019-07-16T14:22:12.728058 #7288]  INFO -- : Aguardou a existência do elemento emailEditText
I, [2019-07-16T14:22:14.033012 #7288]  INFO -- : Preencheu o campo emailEditText com o valor frormm@gmail.com
I, [2019-07-16T14:22:14.033142 #7288]  INFO -- : Verificando se existe o elemento editTextPassword
I, [2019-07-16T14:22:14.551492 #7288]  INFO -- : Aguardou a existência do elemento editTextPassword
I, [2019-07-16T14:22:15.844583 #7288]  INFO -- : Preencheu o campo editTextPassword com o valor thi0927
I, [2019-07-16T14:22:15.844738 #7288]  INFO -- : Verificando se existe o elemento buttonSignIn
I, [2019-07-16T14:22:16.359062 #7288]  INFO -- : Aguardou a existência do elemento buttonSignIn
I, [2019-07-16T14:22:16.422500 #7288]  INFO -- : Clicou no botão buttonSignIn
I, [2019-07-16T14:22:16.423379 #7288]  INFO -- : Verificando se existe o elemento bottom_navigation_container
I, [2019-07-16T14:22:16.866262 #7288]  INFO -- : Verificando se existe o elemento bottom_navigation_container
I, [2019-07-16T14:22:17.515314 #7288]  INFO -- : Verificando se existe o elemento bottom_navigation_container
I, [2019-07-16T14:22:17.749707 #7288]  INFO -- : Verificando se existe o elemento bottom_navigation_container
I, [2019-07-16T14:22:17.985148 #7288]  INFO -- : Verificando se existe o elemento bottom_navigation_container
I, [2019-07-16T14:22:18.230162 #7288]  INFO -- : Verificando se existe o elemento bottom_navigation_container
I, [2019-07-16T14:22:18.467462 #7288]  INFO -- : Verificando se existe o elemento bottom_navigation_container
I, [2019-07-16T14:22:18.702263 #7288]  INFO -- : Verificando se existe o elemento bottom_navigation_container
I, [2019-07-16T14:22:18.936134 #7288]  INFO -- : Verificando se existe o elemento bottom_navigation_container
I, [2019-07-16T14:22:20.751838 #7288]  INFO -- : Aguardou a existência do elemento bottom_navigation_container
I, [2019-07-16T14:22:21.583378 #7288]  INFO -- : Clicou no indice 3 do elemento bottom_navigation_container
I, [2019-07-16T14:22:21.585550 #7288]  INFO -- : Verificando se existe o elemento notificationSwitch
I, [2019-07-16T14:22:22.003747 #7288]  INFO -- : Aguardou a existência do elemento notificationSwitch
I, [2019-07-16T14:22:22.629984 #7288]  INFO -- : Clicou no botão notificationSwitch
I, [2019-07-16T14:22:23.514257 #7288]  INFO -- : Está buscando o texto do elemento notificationSwitch
D, [2019-07-16T14:22:23.831918 #7288] DEBUG -- : Fim do teste do cenário #<Cucumber::Core::Test::Case:0x00007f8d7832f7c8>...
D, [2019-07-16T14:22:24.393598 #7288] DEBUG -- : Fim dos Testes!
