# Logfile created on 2019-06-28 16:31:26 -0300 by logger.rb/66358
D, [2019-06-28T16:31:30.906659 #9679] DEBUG -- : Início do teste do cenário ...
I, [2019-06-28T16:31:30.909227 #9679]  INFO -- : Verificando se existe o elemento buttonSignIn
I, [2019-06-28T16:31:32.225604 #9679]  INFO -- : Aguardou a existência do elemento buttonSignIn
I, [2019-06-28T16:31:32.532225 #9679]  INFO -- : Clicou no botão buttonSignIn
I, [2019-06-28T16:31:39.478069 #9679]  INFO -- : Preencheu o campo emailEditText com o valor frormm@gmail.com
I, [2019-06-28T16:31:45.678505 #9679]  INFO -- : Preencheu o campo editTextPassword com o valor thi0927
I, [2019-06-28T16:31:45.678608 #9679]  INFO -- : Verificando se existe o elemento buttonSignIn
I, [2019-06-28T16:31:46.233098 #9679]  INFO -- : Aguardou a existência do elemento buttonSignIn
I, [2019-06-28T16:31:46.565669 #9679]  INFO -- : Clicou no botão buttonSignIn
I, [2019-06-28T16:31:46.567593 #9679]  INFO -- : Verificando se existe o elemento fragmentStartTxtGreetingTitle
I, [2019-06-28T16:31:50.209085 #9679]  INFO -- : Loguei com sucesso - usuário frormm@gmail.com
I, [2019-06-28T16:31:50.277343 #9679]  INFO -- : Está buscando o texto do elemento fragmentStartTxtGreetingTitle
D, [2019-06-28T16:31:52.178158 #9679] DEBUG -- : Fim do Teste!
D, [2019-06-28T16:31:55.208146 #9679] DEBUG -- : Início do teste do cenário ...
I, [2019-06-28T16:31:55.209055 #9679]  INFO -- : Verificando se existe o elemento buttonSignIn
I, [2019-06-28T16:31:55.947380 #9679]  INFO -- : Verificando se existe o elemento buttonSignIn
I, [2019-06-28T16:31:56.888960 #9679]  INFO -- : Aguardou a existência do elemento buttonSignIn
I, [2019-06-28T16:31:57.198508 #9679]  INFO -- : Clicou no botão buttonSignIn
I, [2019-06-28T16:32:03.741866 #9679]  INFO -- : Preencheu o campo emailEditText com o valor teste@descubra.com
I, [2019-06-28T16:32:09.894714 #9679]  INFO -- : Preencheu o campo editTextPassword com o valor thi0927
I, [2019-06-28T16:32:09.894820 #9679]  INFO -- : Verificando se existe o elemento buttonSignIn
I, [2019-06-28T16:32:10.445435 #9679]  INFO -- : Aguardou a existência do elemento buttonSignIn
I, [2019-06-28T16:32:10.762408 #9679]  INFO -- : Clicou no botão buttonSignIn
I, [2019-06-28T16:32:12.558265 #9679]  INFO -- : Está buscando o texto do elemento text_view_alert_title
D, [2019-06-28T16:32:13.643640 #9679] DEBUG -- : Fim do Teste!
D, [2019-06-28T16:32:17.161728 #9679] DEBUG -- : Início do teste do cenário ...
I, [2019-06-28T16:32:17.162241 #9679]  INFO -- : Verificando se existe o elemento buttonSignIn
I, [2019-06-28T16:32:18.405978 #9679]  INFO -- : Aguardou a existência do elemento buttonSignIn
I, [2019-06-28T16:32:18.804628 #9679]  INFO -- : Clicou no botão buttonSignIn
I, [2019-06-28T16:32:25.305312 #9679]  INFO -- : Preencheu o campo emailEditText com o valor frormm@gmail.com
I, [2019-06-28T16:32:31.556041 #9679]  INFO -- : Preencheu o campo editTextPassword com o valor 123456
I, [2019-06-28T16:32:31.556167 #9679]  INFO -- : Verificando se existe o elemento buttonSignIn
I, [2019-06-28T16:32:32.108631 #9679]  INFO -- : Aguardou a existência do elemento buttonSignIn
I, [2019-06-28T16:32:32.463322 #9679]  INFO -- : Clicou no botão buttonSignIn
I, [2019-06-28T16:32:34.153601 #9679]  INFO -- : Está buscando o texto do elemento text_view_alert_title
D, [2019-06-28T16:32:35.255108 #9679] DEBUG -- : Fim do Teste!
