# Logfile created on 2019-06-28 16:33:01 -0300 by logger.rb/66358
D, [2019-06-28T16:33:04.899242 #9866] DEBUG -- : Início do teste do cenário ...
I, [2019-06-28T16:33:04.900645 #9866]  INFO -- : Verificando se existe o elemento buttonSignIn
I, [2019-06-28T16:33:06.197622 #9866]  INFO -- : Aguardou a existência do elemento buttonSignIn
I, [2019-06-28T16:33:06.511231 #9866]  INFO -- : Clicou no botão buttonSignIn
I, [2019-06-28T16:33:13.445956 #9866]  INFO -- : Preencheu o campo emailEditText com o valor frormm@gmail.com
I, [2019-06-28T16:33:19.657333 #9866]  INFO -- : Preencheu o campo editTextPassword com o valor thi0927
I, [2019-06-28T16:33:19.657488 #9866]  INFO -- : Verificando se existe o elemento buttonSignIn
I, [2019-06-28T16:33:20.205543 #9866]  INFO -- : Aguardou a existência do elemento buttonSignIn
I, [2019-06-28T16:33:20.524460 #9866]  INFO -- : Clicou no botão buttonSignIn
I, [2019-06-28T16:33:20.526265 #9866]  INFO -- : Verificando se existe o elemento fragmentStartTxtGreetingTitle
I, [2019-06-28T16:33:21.621359 #9866]  INFO -- : Loguei com sucesso - usuário frormm@gmail.com
I, [2019-06-28T16:33:25.403146 #9866]  INFO -- : Está buscando o texto do elemento fragmentStartTxtGreetingTitle
D, [2019-06-28T16:33:28.055210 #9866] DEBUG -- : Fim do Teste!
D, [2019-06-28T16:33:31.606589 #9866] DEBUG -- : Início do teste do cenário ...
I, [2019-06-28T16:33:31.607403 #9866]  INFO -- : Verificando se existe o elemento buttonSignIn
I, [2019-06-28T16:33:32.810699 #9866]  INFO -- : Aguardou a existência do elemento buttonSignIn
I, [2019-06-28T16:33:33.153125 #9866]  INFO -- : Clicou no botão buttonSignIn
I, [2019-06-28T16:33:40.103808 #9866]  INFO -- : Preencheu o campo emailEditText com o valor teste@descubra.com
I, [2019-06-28T16:33:46.255263 #9866]  INFO -- : Preencheu o campo editTextPassword com o valor thi0927
I, [2019-06-28T16:33:46.255381 #9866]  INFO -- : Verificando se existe o elemento buttonSignIn
I, [2019-06-28T16:33:46.802365 #9866]  INFO -- : Aguardou a existência do elemento buttonSignIn
I, [2019-06-28T16:33:47.158103 #9866]  INFO -- : Clicou no botão buttonSignIn
I, [2019-06-28T16:33:52.601484 #9866]  INFO -- : Está buscando o texto do elemento text_view_alert_title
D, [2019-06-28T16:33:56.652291 #9866] DEBUG -- : Fim do Teste!
D, [2019-06-28T16:34:00.808782 #9866] DEBUG -- : Início do teste do cenário ...
I, [2019-06-28T16:34:00.809473 #9866]  INFO -- : Verificando se existe o elemento buttonSignIn
I, [2019-06-28T16:34:01.460332 #9866]  INFO -- : Verificando se existe o elemento buttonSignIn
I, [2019-06-28T16:34:01.806649 #9866]  INFO -- : Verificando se existe o elemento buttonSignIn
I, [2019-06-28T16:34:02.511678 #9866]  INFO -- : Aguardou a existência do elemento buttonSignIn
I, [2019-06-28T16:34:02.900771 #9866]  INFO -- : Clicou no botão buttonSignIn
I, [2019-06-28T16:34:09.452604 #9866]  INFO -- : Preencheu o campo emailEditText com o valor frormm@gmail.com
I, [2019-06-28T16:34:15.706062 #9866]  INFO -- : Preencheu o campo editTextPassword com o valor 123456
I, [2019-06-28T16:34:15.709386 #9866]  INFO -- : Verificando se existe o elemento buttonSignIn
I, [2019-06-28T16:34:16.258451 #9866]  INFO -- : Aguardou a existência do elemento buttonSignIn
I, [2019-06-28T16:34:16.608872 #9866]  INFO -- : Clicou no botão buttonSignIn
I, [2019-06-28T16:34:18.351767 #9866]  INFO -- : Está buscando o texto do elemento text_view_alert_title
D, [2019-06-28T16:34:21.656718 #9866] DEBUG -- : Fim do Teste!
