# Logfile created on 2019-06-28 14:30:22 -0300 by logger.rb/66358
D, [2019-06-28T14:30:25.405954 #6186] DEBUG -- : Início do teste do cenário efetuar_login_com_sucesso...
I, [2019-06-28T14:30:25.407396 #6186]  INFO -- : Verificando se existe o elemento buttonSignIn
I, [2019-06-28T14:30:26.108793 #6186]  INFO -- : Verificando se existe o elemento buttonSignIn
I, [2019-06-28T14:30:26.443036 #6186]  INFO -- : Verificando se existe o elemento buttonSignIn
I, [2019-06-28T14:30:26.715255 #6186]  INFO -- : Verificando se existe o elemento buttonSignIn
I, [2019-06-28T14:30:26.989445 #6186]  INFO -- : Verificando se existe o elemento buttonSignIn
I, [2019-06-28T14:30:27.255669 #6186]  INFO -- : Verificando se existe o elemento buttonSignIn
I, [2019-06-28T14:30:27.510510 #6186]  INFO -- : Verificando se existe o elemento buttonSignIn
I, [2019-06-28T14:30:27.776558 #6186]  INFO -- : Verificando se existe o elemento buttonSignIn
I, [2019-06-28T14:30:28.703759 #6186]  INFO -- : Aguardou a existência do elemento buttonSignIn
I, [2019-06-28T14:30:29.105945 #6186]  INFO -- : Clicou no botão buttonSignIn
I, [2019-06-28T14:30:35.997055 #6186]  INFO -- : Preencheu o campo emailEditText com o valor frormm@gmail.com
I, [2019-06-28T14:30:42.156587 #6186]  INFO -- : Preencheu o campo editTextPassword com o valor thi0927
I, [2019-06-28T14:30:42.156709 #6186]  INFO -- : Verificando se existe o elemento buttonSignIn
I, [2019-06-28T14:30:42.693288 #6186]  INFO -- : Aguardou a existência do elemento buttonSignIn
I, [2019-06-28T14:30:43.034549 #6186]  INFO -- : Clicou no botão buttonSignIn
I, [2019-06-28T14:30:43.037093 #6186]  INFO -- : Verificando se existe o elemento fragmentStartTxtGreetingTitle
I, [2019-06-28T14:30:44.008059 #6186]  INFO -- : Loguei com sucesso - usuário frormm@gmail.com
I, [2019-06-28T14:30:45.292458 #6186]  INFO -- : Está buscando o texto do elemento fragmentStartTxtGreetingTitle
D, [2019-06-28T14:30:47.806268 #6186] DEBUG -- : Fim do Teste!
D, [2019-06-28T14:30:51.142070 #6186] DEBUG -- : Início do teste do cenário efetuar_login_com_email_nao_cadastrado...
I, [2019-06-28T14:30:51.143974 #6186]  INFO -- : Verificando se existe o elemento buttonSignIn
I, [2019-06-28T14:30:52.351770 #6186]  INFO -- : Aguardou a existência do elemento buttonSignIn
I, [2019-06-28T14:30:52.707916 #6186]  INFO -- : Clicou no botão buttonSignIn
I, [2019-06-28T14:30:59.742315 #6186]  INFO -- : Preencheu o campo emailEditText com o valor teste@descubra.com
I, [2019-06-28T14:31:05.905982 #6186]  INFO -- : Preencheu o campo editTextPassword com o valor thi0927
I, [2019-06-28T14:31:05.906160 #6186]  INFO -- : Verificando se existe o elemento buttonSignIn
I, [2019-06-28T14:31:06.493344 #6186]  INFO -- : Aguardou a existência do elemento buttonSignIn
I, [2019-06-28T14:31:06.849232 #6186]  INFO -- : Clicou no botão buttonSignIn
I, [2019-06-28T14:31:08.692743 #6186]  INFO -- : Está buscando o texto do elemento text_view_alert_title
D, [2019-06-28T14:31:11.994564 #6186] DEBUG -- : Fim do Teste!
D, [2019-06-28T14:31:16.295817 #6186] DEBUG -- : Início do teste do cenário efetuar_login_com_senha_incorreta...
I, [2019-06-28T14:31:16.296478 #6186]  INFO -- : Verificando se existe o elemento buttonSignIn
I, [2019-06-28T14:31:17.503414 #6186]  INFO -- : Aguardou a existência do elemento buttonSignIn
I, [2019-06-28T14:31:17.891767 #6186]  INFO -- : Clicou no botão buttonSignIn
I, [2019-06-28T14:31:24.794299 #6186]  INFO -- : Preencheu o campo emailEditText com o valor frormm@gmail.com
I, [2019-06-28T14:31:31.043834 #6186]  INFO -- : Preencheu o campo editTextPassword com o valor 123456
I, [2019-06-28T14:31:31.043936 #6186]  INFO -- : Verificando se existe o elemento buttonSignIn
I, [2019-06-28T14:31:31.642569 #6186]  INFO -- : Aguardou a existência do elemento buttonSignIn
I, [2019-06-28T14:31:31.991636 #6186]  INFO -- : Clicou no botão buttonSignIn
I, [2019-06-28T14:31:34.841287 #6186]  INFO -- : Está buscando o texto do elemento text_view_alert_title
D, [2019-06-28T14:31:38.398059 #6186] DEBUG -- : Fim do Teste!
