# Logfile created on 2019-06-28 10:04:24 -0300 by logger.rb/66358
D, [2019-06-28T10:04:27.550923 #3701] DEBUG -- : Início do teste do cenário efetuar_login_com_sucesso...
I, [2019-06-28T10:04:27.552814 #3701]  INFO -- : Verificando se existe o elemento buttonSignIn
I, [2019-06-28T10:04:28.257360 #3701]  INFO -- : Verificando se existe o elemento buttonSignIn
I, [2019-06-28T10:04:28.515351 #3701]  INFO -- : Verificando se existe o elemento buttonSignIn
I, [2019-06-28T10:04:29.353013 #3701]  INFO -- : Aguardou a existência do elemento buttonSignIn
I, [2019-06-28T10:04:29.665760 #3701]  INFO -- : Clicou no botão buttonSignIn
I, [2019-06-28T10:04:36.168308 #3701]  INFO -- : Preencheu o campo emailEditText com o valor frormm@gmail.com
I, [2019-06-28T10:04:42.334134 #3701]  INFO -- : Preencheu o campo editTextPassword com o valor thi0927
I, [2019-06-28T10:04:42.334265 #3701]  INFO -- : Verificando se existe o elemento buttonSignIn
I, [2019-06-28T10:04:42.885245 #3701]  INFO -- : Aguardou a existência do elemento buttonSignIn
I, [2019-06-28T10:04:43.202627 #3701]  INFO -- : Clicou no botão buttonSignIn
I, [2019-06-28T10:04:43.204613 #3701]  INFO -- : Verificando se existe o elemento fragmentStartTxtGreetingTitle
I, [2019-06-28T10:04:46.172743 #3701]  INFO -- : Loguei com sucesso - usuário frormm@gmail.com
I, [2019-06-28T10:04:46.209862 #3701]  INFO -- : Está buscando o texto do elemento fragmentStartTxtGreetingTitle
D, [2019-06-28T10:04:48.247686 #3701] DEBUG -- : Fim do Teste!
D, [2019-06-28T10:04:51.324892 #3701] DEBUG -- : Início do teste do cenário efetuar_login_com_email_nao_cadastrado...
I, [2019-06-28T10:04:51.326639 #3701]  INFO -- : Verificando se existe o elemento buttonSignIn
I, [2019-06-28T10:04:52.609583 #3701]  INFO -- : Aguardou a existência do elemento buttonSignIn
I, [2019-06-28T10:04:52.917182 #3701]  INFO -- : Clicou no botão buttonSignIn
I, [2019-06-28T10:04:59.900959 #3701]  INFO -- : Preencheu o campo emailEditText com o valor teste@descubra.com
I, [2019-06-28T10:05:06.083354 #3701]  INFO -- : Preencheu o campo editTextPassword com o valor thi0927
I, [2019-06-28T10:05:06.086606 #3701]  INFO -- : Verificando se existe o elemento buttonSignIn
I, [2019-06-28T10:05:06.645012 #3701]  INFO -- : Aguardou a existência do elemento buttonSignIn
I, [2019-06-28T10:05:06.989785 #3701]  INFO -- : Clicou no botão buttonSignIn
I, [2019-06-28T10:05:08.790669 #3701]  INFO -- : Está buscando o texto do elemento text_view_alert_title
D, [2019-06-28T10:05:10.641120 #3701] DEBUG -- : Fim do Teste!
D, [2019-06-28T10:05:14.211184 #3701] DEBUG -- : Início do teste do cenário efetuar_login_com_senha_incorreta...
I, [2019-06-28T10:05:14.212107 #3701]  INFO -- : Verificando se existe o elemento buttonSignIn
I, [2019-06-28T10:05:15.470774 #3701]  INFO -- : Aguardou a existência do elemento buttonSignIn
I, [2019-06-28T10:05:15.798180 #3701]  INFO -- : Clicou no botão buttonSignIn
I, [2019-06-28T10:05:22.218966 #3701]  INFO -- : Preencheu o campo emailEditText com o valor frormm@gmail.com
I, [2019-06-28T10:05:28.364478 #3701]  INFO -- : Preencheu o campo editTextPassword com o valor 123456
I, [2019-06-28T10:05:28.364584 #3701]  INFO -- : Verificando se existe o elemento buttonSignIn
I, [2019-06-28T10:05:28.912632 #3701]  INFO -- : Aguardou a existência do elemento buttonSignIn
I, [2019-06-28T10:05:29.266844 #3701]  INFO -- : Clicou no botão buttonSignIn
I, [2019-06-28T10:05:30.918330 #3701]  INFO -- : Está buscando o texto do elemento text_view_alert_title
D, [2019-06-28T10:05:33.722099 #3701] DEBUG -- : Fim do Teste!
