# Logfile created on 2019-06-18 16:32:31 -0300 by logger.rb/66358
I, [2019-06-18T16:32:43.632790 #4935]  INFO -- : Início do teste...
I, [2019-06-18T16:32:43.634034 #4935]  INFO -- : Verificando se existe o elemento btnEnterNoLogin
I, [2019-06-18T16:32:45.120468 #4935]  INFO -- : Aguardou a existência do elemento btnEnterNoLogin
I, [2019-06-18T16:32:45.567803 #4935]  INFO -- : Clicou no botão btnEnterNoLogin
I, [2019-06-18T16:32:45.568996 #4935]  INFO -- : Verificando se existe o elemento fragmentStartTxtGreetingTitle
I, [2019-06-18T16:32:47.517168 #4935]  INFO -- : Está buscando o texto do elemento fragmentStartTxtGreetingTitle
I, [2019-06-18T16:32:47.768426 #4935]  INFO -- : Acesso sem login com sucesso!
I, [2019-06-18T16:32:49.321546 #4935]  INFO -- : Fim do Teste!
I, [2019-06-18T16:36:45.276694 #5072]  INFO -- : Início do teste...
I, [2019-06-18T16:36:45.277855 #5072]  INFO -- : Verificando se existe o elemento btnEnterNoLogin
I, [2019-06-18T16:36:46.017997 #5072]  INFO -- : Verificando se existe o elemento btnEnterNoLogin
I, [2019-06-18T16:36:46.293556 #5072]  INFO -- : Verificando se existe o elemento btnEnterNoLogin
I, [2019-06-18T16:36:46.556857 #5072]  INFO -- : Verificando se existe o elemento btnEnterNoLogin
I, [2019-06-18T16:36:46.825549 #5072]  INFO -- : Verificando se existe o elemento btnEnterNoLogin
I, [2019-06-18T16:36:47.965343 #5072]  INFO -- : Verificando se existe o elemento btnEnterNoLogin
I, [2019-06-18T16:36:48.021428 #5072]  INFO -- : Aguardou a existência do elemento btnEnterNoLogin
I, [2019-06-18T16:36:48.266865 #5072]  INFO -- : Clicou no botão btnEnterNoLogin
I, [2019-06-18T16:36:48.268122 #5072]  INFO -- : Verificando se existe o elemento fragmentStartTxtGreetingTitle
I, [2019-06-18T16:36:50.293843 #5072]  INFO -- : Está buscando o texto do elemento fragmentStartTxtGreetingTitle
I, [2019-06-18T16:36:50.361512 #5072]  INFO -- : Acesso sem login com sucesso!
I, [2019-06-18T16:36:51.217707 #5072]  INFO -- : Fim do Teste!
I, [2019-06-18T16:37:16.801806 #5122]  INFO -- : Início do teste...
I, [2019-06-18T16:37:16.802725 #5122]  INFO -- : Verificando se existe o elemento btnEnterNoLogin
I, [2019-06-18T16:37:18.118152 #5122]  INFO -- : Aguardou a existência do elemento btnEnterNoLogin
I, [2019-06-18T16:37:18.364664 #5122]  INFO -- : Clicou no botão btnEnterNoLogin
I, [2019-06-18T16:37:18.365512 #5122]  INFO -- : Verificando se existe o elemento fragmentStartTxtGreetingTitle
I, [2019-06-18T16:37:20.094138 #5122]  INFO -- : Está buscando o texto do elemento fragmentStartTxtGreetingTitle
I, [2019-06-18T16:37:20.178446 #5122]  INFO -- : Acesso sem login com sucesso!
I, [2019-06-18T16:37:21.091842 #5122]  INFO -- : Fim do Teste!
I, [2019-06-18T16:38:42.655439 #5210]  INFO -- : Início do teste...
I, [2019-06-18T16:38:42.656875 #5210]  INFO -- : Verificando se existe o elemento buttonSignIn
I, [2019-06-18T16:38:43.400088 #5210]  INFO -- : Verificando se existe o elemento buttonSignIn
I, [2019-06-18T16:38:44.238656 #5210]  INFO -- : Aguardou a existência do elemento buttonSignIn
I, [2019-06-18T16:38:44.604362 #5210]  INFO -- : Clicou no botão buttonSignIn
I, [2019-06-18T16:38:51.456153 #5210]  INFO -- : Preencheu o campo emailEditText com o valor frormm@gmail.com
I, [2019-06-18T16:38:57.767111 #5210]  INFO -- : Preencheu o campo editTextPassword com o valor thi0927
I, [2019-06-18T16:38:57.768081 #5210]  INFO -- : Verificando se existe o elemento buttonSignIn
I, [2019-06-18T16:38:58.342432 #5210]  INFO -- : Aguardou a existência do elemento buttonSignIn
I, [2019-06-18T16:38:58.670874 #5210]  INFO -- : Clicou no botão buttonSignIn
I, [2019-06-18T16:38:58.672694 #5210]  INFO -- : Verificando se existe o elemento fragmentStartTxtGreetingTitle
E, [2019-06-18T16:38:59.696338 #5210] ERROR -- : Login não deu certo - erro!
I, [2019-06-18T16:39:01.017245 #5210]  INFO -- : Fim do Teste!
I, [2019-06-18T16:39:04.171099 #5210]  INFO -- : Início do teste...
I, [2019-06-18T16:39:04.171742 #5210]  INFO -- : Verificando se existe o elemento buttonSignIn
I, [2019-06-18T16:39:05.414588 #5210]  INFO -- : Aguardou a existência do elemento buttonSignIn
I, [2019-06-18T16:39:05.755986 #5210]  INFO -- : Clicou no botão buttonSignIn
I, [2019-06-18T16:39:12.317069 #5210]  INFO -- : Preencheu o campo emailEditText com o valor teste@descubra.com
I, [2019-06-18T16:39:18.571309 #5210]  INFO -- : Preencheu o campo editTextPassword com o valor thi0927
I, [2019-06-18T16:39:18.572287 #5210]  INFO -- : Verificando se existe o elemento buttonSignIn
I, [2019-06-18T16:39:19.165728 #5210]  INFO -- : Aguardou a existência do elemento buttonSignIn
I, [2019-06-18T16:39:19.527713 #5210]  INFO -- : Clicou no botão buttonSignIn
I, [2019-06-18T16:39:21.914662 #5210]  INFO -- : Está buscando o texto do elemento text_view_alert_title
I, [2019-06-18T16:39:22.018262 #5210]  INFO -- : Erro no Login com sucesso
I, [2019-06-18T16:39:23.215890 #5210]  INFO -- : Fim do Teste!
I, [2019-06-18T16:39:27.775091 #5210]  INFO -- : Início do teste...
I, [2019-06-18T16:39:27.775856 #5210]  INFO -- : Verificando se existe o elemento buttonSignIn
I, [2019-06-18T16:39:29.015370 #5210]  INFO -- : Aguardou a existência do elemento buttonSignIn
I, [2019-06-18T16:39:29.364459 #5210]  INFO -- : Clicou no botão buttonSignIn
I, [2019-06-18T16:39:36.273055 #5210]  INFO -- : Preencheu o campo emailEditText com o valor frormm@gmail.com
I, [2019-06-18T16:39:42.465901 #5210]  INFO -- : Preencheu o campo editTextPassword com o valor 123456
I, [2019-06-18T16:39:42.466022 #5210]  INFO -- : Verificando se existe o elemento buttonSignIn
I, [2019-06-18T16:39:43.070799 #5210]  INFO -- : Aguardou a existência do elemento buttonSignIn
I, [2019-06-18T16:39:43.526644 #5210]  INFO -- : Clicou no botão buttonSignIn
I, [2019-06-18T16:39:46.214593 #5210]  INFO -- : Está buscando o texto do elemento text_view_alert_title
I, [2019-06-18T16:39:46.314176 #5210]  INFO -- : Erro no Login com sucesso
I, [2019-06-18T16:39:47.367342 #5210]  INFO -- : Fim do Teste!
I, [2019-06-18T16:39:51.620219 #5210]  INFO -- : Início do teste...
I, [2019-06-18T16:39:51.620858 #5210]  INFO -- : Verificando se existe o elemento btnEnterNoLogin
I, [2019-06-18T16:39:53.165557 #5210]  INFO -- : Verificando se existe o elemento btnEnterNoLogin
I, [2019-06-18T16:39:53.214597 #5210]  INFO -- : Aguardou a existência do elemento btnEnterNoLogin
I, [2019-06-18T16:39:53.665062 #5210]  INFO -- : Clicou no botão btnEnterNoLogin
I, [2019-06-18T16:39:53.675305 #5210]  INFO -- : Verificando se existe o elemento fragmentStartTxtGreetingTitle
I, [2019-06-18T16:39:55.315521 #5210]  INFO -- : Está buscando o texto do elemento fragmentStartTxtGreetingTitle
I, [2019-06-18T16:39:55.416299 #5210]  INFO -- : Acesso sem login com sucesso!
I, [2019-06-18T16:39:56.414412 #5210]  INFO -- : Fim do Teste!
I, [2019-06-18T16:40:00.473753 #5210]  INFO -- : Início do teste...
I, [2019-06-18T16:40:00.474459 #5210]  INFO -- : Verificando se existe o elemento buttonSignUp
I, [2019-06-18T16:40:01.367049 #5210]  INFO -- : Verificando se existe o elemento buttonSignUp
I, [2019-06-18T16:40:02.021204 #5210]  INFO -- : Aguardou a existência do elemento buttonSignUp
I, [2019-06-18T16:40:02.614258 #5210]  INFO -- : Clicou no botão buttonSignUp
I, [2019-06-18T16:40:09.562433 #5210]  INFO -- : Preencheu o campo fullNameEditText com o valor Roseli
I, [2019-06-18T16:40:15.865999 #5210]  INFO -- : Preencheu o campo sign_up_edit_cpf com o valor 96019453189
I, [2019-06-18T16:40:22.362546 #5210]  INFO -- : Preencheu o campo sign_up_edit_birthday com o valor 10091966
I, [2019-06-18T16:40:28.911274 #5210]  INFO -- : Preencheu o campo emailEditText com o valor kathlene@gmail.com
I, [2019-06-18T16:40:35.229389 #5210]  INFO -- : Preencheu o campo passwordEditText com o valor Senha123!
I, [2019-06-18T16:40:35.828434 #5210]  INFO -- : Verificando se existe o elemento sendButton
I, [2019-06-18T16:40:36.503655 #5210]  INFO -- : Aguardou a existência do elemento sendButton
I, [2019-06-18T16:40:36.676583 #5210]  INFO -- : Clicou no botão sendButton
I, [2019-06-18T16:40:36.677420 #5210]  INFO -- : Verificando se existe o elemento signUpEmail
E, [2019-06-18T16:40:37.925946 #5210] ERROR -- : Cadastro não deu certo!
I, [2019-06-18T16:40:38.982293 #5210]  INFO -- : Fim do Teste!
I, [2019-06-18T16:41:24.836464 #5505]  INFO -- : Início do teste...
I, [2019-06-18T16:41:24.837474 #5505]  INFO -- : Verificando se existe o elemento btnEnterNoLogin
I, [2019-06-18T16:41:26.094403 #5505]  INFO -- : Aguardou a existência do elemento btnEnterNoLogin
I, [2019-06-18T16:41:26.329820 #5505]  INFO -- : Clicou no botão btnEnterNoLogin
I, [2019-06-18T16:41:26.331626 #5505]  INFO -- : Verificando se existe o elemento fragmentStartTxtGreetingTitle
I, [2019-06-18T16:41:28.060037 #5505]  INFO -- : Está buscando o texto do elemento fragmentStartTxtGreetingTitle
I, [2019-06-18T16:41:28.194626 #5505]  INFO -- : Acesso sem login com sucesso!
I, [2019-06-18T16:41:29.139827 #5505]  INFO -- : Fim do Teste!
I, [2019-06-18T16:43:44.927852 #5604]  INFO -- : Início do teste...
I, [2019-06-18T16:43:44.928833 #5604]  INFO -- : Verificando se existe o elemento buttonSignIn
I, [2019-06-18T16:43:46.506166 #5604]  INFO -- : Verificando se existe o elemento buttonSignIn
I, [2019-06-18T16:43:46.564418 #5604]  INFO -- : Aguardou a existência do elemento buttonSignIn
I, [2019-06-18T16:43:46.884763 #5604]  INFO -- : Clicou no botão buttonSignIn
I, [2019-06-18T16:43:53.756619 #5604]  INFO -- : Preencheu o campo emailEditText com o valor frormm@gmail.com
I, [2019-06-18T16:43:59.915738 #5604]  INFO -- : Preencheu o campo editTextPassword com o valor thi0927
I, [2019-06-18T16:43:59.915868 #5604]  INFO -- : Verificando se existe o elemento buttonSignIn
I, [2019-06-18T16:44:00.474253 #5604]  INFO -- : Aguardou a existência do elemento buttonSignIn
I, [2019-06-18T16:44:00.782753 #5604]  INFO -- : Clicou no botão buttonSignIn
I, [2019-06-18T16:44:00.783685 #5604]  INFO -- : Verificando se existe o elemento fragmentStartTxtGreetingTitle
E, [2019-06-18T16:44:01.998212 #5604] ERROR -- : Login não deu certo - erro!
I, [2019-06-18T16:44:03.065124 #5604]  INFO -- : Fim do Teste!
I, [2019-06-18T16:44:06.690248 #5604]  INFO -- : Início do teste...
I, [2019-06-18T16:44:06.690918 #5604]  INFO -- : Verificando se existe o elemento buttonSignIn
I, [2019-06-18T16:44:07.412835 #5604]  INFO -- : Verificando se existe o elemento buttonSignIn
I, [2019-06-18T16:44:08.319736 #5604]  INFO -- : Aguardou a existência do elemento buttonSignIn
I, [2019-06-18T16:44:08.793359 #5604]  INFO -- : Clicou no botão buttonSignIn
I, [2019-06-18T16:44:15.340123 #5604]  INFO -- : Preencheu o campo emailEditText com o valor teste@descubra.com
I, [2019-06-18T16:44:21.447587 #5604]  INFO -- : Preencheu o campo editTextPassword com o valor thi0927
I, [2019-06-18T16:44:21.447678 #5604]  INFO -- : Verificando se existe o elemento buttonSignIn
I, [2019-06-18T16:44:21.993813 #5604]  INFO -- : Aguardou a existência do elemento buttonSignIn
I, [2019-06-18T16:44:22.318674 #5604]  INFO -- : Clicou no botão buttonSignIn
I, [2019-06-18T16:44:24.790397 #5604]  INFO -- : Está buscando o texto do elemento text_view_alert_title
I, [2019-06-18T16:44:24.840928 #5604]  INFO -- : Erro no Login com sucesso
I, [2019-06-18T16:44:25.944687 #5604]  INFO -- : Fim do Teste!
I, [2019-06-18T16:44:29.518946 #5604]  INFO -- : Início do teste...
I, [2019-06-18T16:44:29.519676 #5604]  INFO -- : Verificando se existe o elemento buttonSignIn
I, [2019-06-18T16:44:30.269914 #5604]  INFO -- : Verificando se existe o elemento buttonSignIn
I, [2019-06-18T16:44:31.011524 #5604]  INFO -- : Aguardou a existência do elemento buttonSignIn
I, [2019-06-18T16:44:31.362687 #5604]  INFO -- : Clicou no botão buttonSignIn
I, [2019-06-18T16:44:37.861736 #5604]  INFO -- : Preencheu o campo emailEditText com o valor frormm@gmail.com
I, [2019-06-18T16:44:44.169138 #5604]  INFO -- : Preencheu o campo editTextPassword com o valor 123456
I, [2019-06-18T16:44:44.169304 #5604]  INFO -- : Verificando se existe o elemento buttonSignIn
I, [2019-06-18T16:44:44.761756 #5604]  INFO -- : Aguardou a existência do elemento buttonSignIn
I, [2019-06-18T16:44:45.115830 #5604]  INFO -- : Clicou no botão buttonSignIn
I, [2019-06-18T16:44:47.810906 #5604]  INFO -- : Está buscando o texto do elemento text_view_alert_title
I, [2019-06-18T16:44:47.909809 #5604]  INFO -- : Erro no Login com sucesso
I, [2019-06-18T16:44:49.062562 #5604]  INFO -- : Fim do Teste!
I, [2019-06-18T16:45:31.735429 #5798]  INFO -- : Início do teste...
I, [2019-06-18T16:45:31.736552 #5798]  INFO -- : Verificando se existe o elemento buttonSignIn
I, [2019-06-18T16:45:32.467986 #5798]  INFO -- : Verificando se existe o elemento buttonSignIn
I, [2019-06-18T16:45:33.240143 #5798]  INFO -- : Aguardou a existência do elemento buttonSignIn
I, [2019-06-18T16:45:33.566598 #5798]  INFO -- : Clicou no botão buttonSignIn
I, [2019-06-18T16:45:40.031168 #5798]  INFO -- : Preencheu o campo emailEditText com o valor frormm@gmail.com
I, [2019-06-18T16:45:46.342367 #5798]  INFO -- : Preencheu o campo editTextPassword com o valor thi0927
I, [2019-06-18T16:45:46.342528 #5798]  INFO -- : Verificando se existe o elemento buttonSignIn
I, [2019-06-18T16:45:46.921925 #5798]  INFO -- : Aguardou a existência do elemento buttonSignIn
I, [2019-06-18T16:45:47.228904 #5798]  INFO -- : Clicou no botão buttonSignIn
I, [2019-06-18T16:45:47.230808 #5798]  INFO -- : Verificando se existe o elemento fragmentStartTxtGreetingTitle
E, [2019-06-18T16:45:48.689850 #5798] ERROR -- : Login não deu certo - erro!
I, [2019-06-18T16:45:49.699877 #5798]  INFO -- : Fim do Teste!
I, [2019-06-18T16:45:53.048738 #5798]  INFO -- : Início do teste...
I, [2019-06-18T16:45:53.049507 #5798]  INFO -- : Verificando se existe o elemento buttonSignIn
I, [2019-06-18T16:45:54.410231 #5798]  INFO -- : Aguardou a existência do elemento buttonSignIn
I, [2019-06-18T16:45:54.788083 #5798]  INFO -- : Clicou no botão buttonSignIn
I, [2019-06-18T16:46:01.742305 #5798]  INFO -- : Preencheu o campo emailEditText com o valor teste@descubra.com
I, [2019-06-18T16:46:07.908991 #5798]  INFO -- : Preencheu o campo editTextPassword com o valor thi0927
I, [2019-06-18T16:46:07.911290 #5798]  INFO -- : Verificando se existe o elemento buttonSignIn
I, [2019-06-18T16:46:08.496587 #5798]  INFO -- : Aguardou a existência do elemento buttonSignIn
I, [2019-06-18T16:46:08.846329 #5798]  INFO -- : Clicou no botão buttonSignIn
I, [2019-06-18T16:46:11.246635 #5798]  INFO -- : Está buscando o texto do elemento text_view_alert_title
I, [2019-06-18T16:46:11.349727 #5798]  INFO -- : Erro no Login com sucesso
I, [2019-06-18T16:46:12.497372 #5798]  INFO -- : Fim do Teste!
I, [2019-06-18T16:46:16.746130 #5798]  INFO -- : Início do teste...
I, [2019-06-18T16:46:16.746708 #5798]  INFO -- : Verificando se existe o elemento buttonSignIn
I, [2019-06-18T16:46:17.998437 #5798]  INFO -- : Aguardou a existência do elemento buttonSignIn
I, [2019-06-18T16:46:18.395899 #5798]  INFO -- : Clicou no botão buttonSignIn
I, [2019-06-18T16:46:24.895853 #5798]  INFO -- : Preencheu o campo emailEditText com o valor frormm@gmail.com
I, [2019-06-18T16:46:31.145263 #5798]  INFO -- : Preencheu o campo editTextPassword com o valor 123456
I, [2019-06-18T16:46:31.145362 #5798]  INFO -- : Verificando se existe o elemento buttonSignIn
I, [2019-06-18T16:46:31.746363 #5798]  INFO -- : Aguardou a existência do elemento buttonSignIn
I, [2019-06-18T16:46:32.110029 #5798]  INFO -- : Clicou no botão buttonSignIn
I, [2019-06-18T16:46:34.895448 #5798]  INFO -- : Está buscando o texto do elemento text_view_alert_title
I, [2019-06-18T16:46:34.995735 #5798]  INFO -- : Erro no Login com sucesso
I, [2019-06-18T16:46:36.197320 #5798]  INFO -- : Fim do Teste!
I, [2019-06-18T16:48:51.542013 #6041]  INFO -- : Início do teste...
I, [2019-06-18T16:48:51.542285 #6041]  INFO -- : Verificando se existe o elemento buttonSignIn
I, [2019-06-18T16:48:52.832244 #6041]  INFO -- : Aguardou a existência do elemento buttonSignIn
I, [2019-06-18T16:48:53.182468 #6041]  INFO -- : Clicou no botão buttonSignIn
I, [2019-06-18T16:49:00.118682 #6041]  INFO -- : Preencheu o campo emailEditText com o valor frormm@gmail.com
I, [2019-06-18T16:49:06.320959 #6041]  INFO -- : Preencheu o campo editTextPassword com o valor thi0927
I, [2019-06-18T16:49:06.321099 #6041]  INFO -- : Verificando se existe o elemento buttonSignIn
I, [2019-06-18T16:49:06.876700 #6041]  INFO -- : Aguardou a existência do elemento buttonSignIn
I, [2019-06-18T16:49:07.221000 #6041]  INFO -- : Clicou no botão buttonSignIn
I, [2019-06-18T16:49:07.221725 #6041]  INFO -- : Verificando se existe o elemento fragmentStartTxtGreetingTitle
E, [2019-06-18T16:49:08.393442 #6041] ERROR -- : Login não deu certo - erro!
I, [2019-06-18T16:49:09.425820 #6041]  INFO -- : Fim do Teste!
I, [2019-06-18T16:49:12.437398 #6041]  INFO -- : Início do teste...
I, [2019-06-18T16:49:12.437557 #6041]  INFO -- : Verificando se existe o elemento buttonSignIn
I, [2019-06-18T16:49:13.712257 #6041]  INFO -- : Aguardou a existência do elemento buttonSignIn
I, [2019-06-18T16:49:14.024031 #6041]  INFO -- : Clicou no botão buttonSignIn
I, [2019-06-18T16:49:20.481860 #6041]  INFO -- : Preencheu o campo emailEditText com o valor teste@descubra.com
I, [2019-06-18T16:49:37.042464 #6130]  INFO -- : Início do teste...
I, [2019-06-18T16:49:37.042782 #6130]  INFO -- : Verificando se existe o elemento btnEnterNoLogin
I, [2019-06-18T16:49:38.290143 #6130]  INFO -- : Aguardou a existência do elemento btnEnterNoLogin
I, [2019-06-18T16:49:38.512038 #6130]  INFO -- : Clicou no botão btnEnterNoLogin
I, [2019-06-18T16:49:38.512724 #6130]  INFO -- : Verificando se existe o elemento fragmentStartTxtGreetingTitle
I, [2019-06-18T16:49:40.243219 #6130]  INFO -- : Está buscando o texto do elemento fragmentStartTxtGreetingTitle
I, [2019-06-18T16:49:40.343854 #6130]  INFO -- : Acesso sem login com sucesso!
I, [2019-06-18T16:49:41.266587 #6130]  INFO -- : Fim do Teste!
I, [2019-06-18T16:50:22.914962 #6209]  INFO -- : Início do teste...
I, [2019-06-18T16:50:22.915177 #6209]  INFO -- : Verificando se existe o elemento btnEnterNoLogin
I, [2019-06-18T16:50:24.489477 #6209]  INFO -- : Verificando se existe o elemento btnEnterNoLogin
I, [2019-06-18T16:50:24.550712 #6209]  INFO -- : Aguardou a existência do elemento btnEnterNoLogin
I, [2019-06-18T16:50:24.778578 #6209]  INFO -- : Clicou no botão btnEnterNoLogin
I, [2019-06-18T16:50:24.779278 #6209]  INFO -- : Verificando se existe o elemento fragmentStartTxtGreetingTitle
I, [2019-06-18T16:50:26.593441 #6209]  INFO -- : Está buscando o texto do elemento fragmentStartTxtGreetingTitle
I, [2019-06-18T16:50:26.659565 #6209]  INFO -- : Acesso sem login com sucesso!
I, [2019-06-18T16:50:27.574060 #6209]  INFO -- : Fim do Teste!
I, [2019-06-18T16:51:02.646609 #6290]  INFO -- : Início do teste...
I, [2019-06-18T16:51:02.646808 #6290]  INFO -- : Verificando se existe o elemento btnEnterNoLogin
I, [2019-06-18T16:51:03.376168 #6290]  INFO -- : Verificando se existe o elemento btnEnterNoLogin
I, [2019-06-18T16:51:04.363281 #6290]  INFO -- : Aguardou a existência do elemento btnEnterNoLogin
I, [2019-06-18T16:51:04.594391 #6290]  INFO -- : Clicou no botão btnEnterNoLogin
I, [2019-06-18T16:51:04.595023 #6290]  INFO -- : Verificando se existe o elemento fragmentStartTxtGreetingTitle
I, [2019-06-18T16:51:12.925424 #6329]  INFO -- : Início do teste...
I, [2019-06-18T16:51:12.925767 #6329]  INFO -- : Verificando se existe o elemento buttonSignIn
I, [2019-06-18T16:51:14.176552 #6329]  INFO -- : Aguardou a existência do elemento buttonSignIn
I, [2019-06-18T16:51:14.624424 #6329]  INFO -- : Clicou no botão buttonSignIn
I, [2019-06-18T16:51:21.679485 #6329]  INFO -- : Preencheu o campo emailEditText com o valor frormm@gmail.com
I, [2019-06-18T16:51:27.928868 #6329]  INFO -- : Preencheu o campo editTextPassword com o valor thi0927
I, [2019-06-18T16:51:27.928977 #6329]  INFO -- : Verificando se existe o elemento buttonSignIn
I, [2019-06-18T16:51:28.479809 #6329]  INFO -- : Aguardou a existência do elemento buttonSignIn
I, [2019-06-18T16:51:28.878097 #6329]  INFO -- : Clicou no botão buttonSignIn
I, [2019-06-18T16:51:28.878783 #6329]  INFO -- : Verificando se existe o elemento fragmentStartTxtGreetingTitle
E, [2019-06-18T16:51:29.935727 #6329] ERROR -- : Login não deu certo - erro!
I, [2019-06-18T16:52:18.334085 #6442]  INFO -- : Início do teste...
I, [2019-06-18T16:52:18.334360 #6442]  INFO -- : Verificando se existe o elemento btnEnterNoLogin
I, [2019-06-18T16:52:19.663099 #6442]  INFO -- : Aguardou a existência do elemento btnEnterNoLogin
I, [2019-06-18T16:52:19.922864 #6442]  INFO -- : Clicou no botão btnEnterNoLogin
I, [2019-06-18T16:52:19.923630 #6442]  INFO -- : Verificando se existe o elemento fragmentStartTxtGreetingTitle
I, [2019-06-18T16:52:21.667280 #6442]  INFO -- : Está buscando o texto do elemento fragmentStartTxtGreetingTitle
I, [2019-06-18T16:52:21.754917 #6442]  INFO -- : Acesso sem login com sucesso!
I, [2019-06-18T16:52:22.700163 #6442]  INFO -- : Fim do Teste!
I, [2019-06-18T16:52:43.563992 #6486]  INFO -- : Início do teste...
I, [2019-06-18T16:52:43.564466 #6486]  INFO -- : Verificando se existe o elemento buttonSignIn
I, [2019-06-18T16:52:44.837236 #6486]  INFO -- : Aguardou a existência do elemento buttonSignIn
I, [2019-06-18T16:52:45.135505 #6486]  INFO -- : Clicou no botão buttonSignIn
I, [2019-06-18T16:52:51.567396 #6486]  INFO -- : Preencheu o campo emailEditText com o valor frormm@gmail.com
I, [2019-06-18T16:52:57.802525 #6486]  INFO -- : Preencheu o campo editTextPassword com o valor thi0927
I, [2019-06-18T16:52:57.802661 #6486]  INFO -- : Verificando se existe o elemento buttonSignIn
I, [2019-06-18T16:52:58.337430 #6486]  INFO -- : Aguardou a existência do elemento buttonSignIn
I, [2019-06-18T16:52:58.649798 #6486]  INFO -- : Clicou no botão buttonSignIn
I, [2019-06-18T16:52:58.650546 #6486]  INFO -- : Verificando se existe o elemento fragmentStartTxtGreetingTitle
E, [2019-06-18T16:52:59.981618 #6486] ERROR -- : Login não deu certo - erro!
I, [2019-06-18T16:53:00.973637 #6486]  INFO -- : Fim do Teste!
I, [2019-06-18T16:53:04.054559 #6486]  INFO -- : Início do teste...
I, [2019-06-18T16:53:04.054801 #6486]  INFO -- : Verificando se existe o elemento buttonSignIn
I, [2019-06-18T16:53:05.424921 #6486]  INFO -- : Aguardou a existência do elemento buttonSignIn
I, [2019-06-18T16:53:11.645221 #6600]  INFO -- : Início do teste...
I, [2019-06-18T16:53:11.645955 #6600]  INFO -- : Verificando se existe o elemento buttonSignIn
I, [2019-06-18T16:53:12.892563 #6600]  INFO -- : Aguardou a existência do elemento buttonSignIn
I, [2019-06-18T16:53:13.272327 #6600]  INFO -- : Clicou no botão buttonSignIn
I, [2019-06-18T16:53:20.352091 #6600]  INFO -- : Preencheu o campo emailEditText com o valor frormm@gmail.com
I, [2019-06-18T16:53:26.550391 #6600]  INFO -- : Preencheu o campo editTextPassword com o valor thi0927
I, [2019-06-18T16:53:26.550504 #6600]  INFO -- : Verificando se existe o elemento buttonSignIn
I, [2019-06-18T16:53:27.112860 #6600]  INFO -- : Aguardou a existência do elemento buttonSignIn
I, [2019-06-18T16:53:27.431041 #6600]  INFO -- : Clicou no botão buttonSignIn
I, [2019-06-18T16:53:27.432054 #6600]  INFO -- : Verificando se existe o elemento fragmentStartTxtGreetingTitle
E, [2019-06-18T16:53:28.926919 #6600] ERROR -- : Login não deu certo - erro!
I, [2019-06-18T16:53:29.952332 #6600]  INFO -- : Fim do Teste!
I, [2019-06-18T16:53:33.617795 #6600]  INFO -- : Início do teste...
I, [2019-06-18T16:53:33.618491 #6600]  INFO -- : Verificando se existe o elemento buttonSignIn
I, [2019-06-18T16:53:34.914443 #6600]  INFO -- : Aguardou a existência do elemento buttonSignIn
I, [2019-06-18T16:53:35.212465 #6600]  INFO -- : Clicou no botão buttonSignIn
I, [2019-06-18T16:53:41.712869 #6600]  INFO -- : Preencheu o campo emailEditText com o valor teste@descubra.com
I, [2019-06-18T16:53:47.881692 #6600]  INFO -- : Preencheu o campo editTextPassword com o valor thi0927
I, [2019-06-18T16:53:47.881792 #6600]  INFO -- : Verificando se existe o elemento buttonSignIn
I, [2019-06-18T16:53:48.463943 #6600]  INFO -- : Aguardou a existência do elemento buttonSignIn
I, [2019-06-18T16:53:48.813152 #6600]  INFO -- : Clicou no botão buttonSignIn
I, [2019-06-18T16:53:53.263646 #6600]  INFO -- : Está buscando o texto do elemento text_view_alert_title
I, [2019-06-18T16:53:53.314613 #6600]  INFO -- : Erro no Login com sucesso
I, [2019-06-18T16:53:54.216249 #6600]  INFO -- : Fim do Teste!
I, [2019-06-18T16:53:58.172370 #6600]  INFO -- : Início do teste...
I, [2019-06-18T16:53:58.172956 #6600]  INFO -- : Verificando se existe o elemento buttonSignIn
I, [2019-06-18T16:53:59.368034 #6600]  INFO -- : Aguardou a existência do elemento buttonSignIn
I, [2019-06-18T16:53:59.766748 #6600]  INFO -- : Clicou no botão buttonSignIn
I, [2019-06-18T16:54:06.217675 #6600]  INFO -- : Preencheu o campo emailEditText com o valor frormm@gmail.com
I, [2019-06-18T16:54:12.366378 #6600]  INFO -- : Preencheu o campo editTextPassword com o valor 123456
I, [2019-06-18T16:54:12.366473 #6600]  INFO -- : Verificando se existe o elemento buttonSignIn
I, [2019-06-18T16:54:12.968831 #6600]  INFO -- : Aguardou a existência do elemento buttonSignIn
I, [2019-06-18T16:54:13.316339 #6600]  INFO -- : Clicou no botão buttonSignIn
I, [2019-06-18T16:54:15.929293 #6600]  INFO -- : Está buscando o texto do elemento text_view_alert_title
I, [2019-06-18T16:54:16.068173 #6600]  INFO -- : Erro no Login com sucesso
I, [2019-06-18T16:54:17.018243 #6600]  INFO -- : Fim do Teste!
I, [2019-06-18T17:04:46.914359 #6877]  INFO -- : Início do teste...
I, [2019-06-18T17:04:46.914595 #6877]  INFO -- : Verificando se existe o elemento btnEnterNoLogin
I, [2019-06-18T17:04:48.192183 #6877]  INFO -- : Aguardou a existência do elemento btnEnterNoLogin
I, [2019-06-18T17:04:48.443259 #6877]  INFO -- : Clicou no botão btnEnterNoLogin
I, [2019-06-18T17:04:48.444839 #6877]  INFO -- : Verificando se existe o elemento fragmentStartTxtGreetingTitle
I, [2019-06-18T17:04:50.204659 #6877]  INFO -- : Está buscando o texto do elemento fragmentStartTxtGreetingTitle
I, [2019-06-18T17:04:50.274068 #6877]  INFO -- : Acesso sem login com sucesso!
I, [2019-06-18T17:04:51.143138 #6877]  INFO -- : Fim do Teste!
I, [2019-06-18T17:05:59.276691 #6935]  INFO -- : Início do teste...
I, [2019-06-18T17:05:59.276960 #6935]  INFO -- : Verificando se existe o elemento btnEnterNoLogin
I, [2019-06-18T17:06:00.532379 #6935]  INFO -- : Aguardou a existência do elemento btnEnterNoLogin
I, [2019-06-18T17:06:00.766911 #6935]  INFO -- : Clicou no botão btnEnterNoLogin
I, [2019-06-18T17:06:00.767586 #6935]  INFO -- : Verificando se existe o elemento fragmentStartTxtGreetingTitle
I, [2019-06-18T17:06:02.550662 #6935]  INFO -- : Está buscando o texto do elemento fragmentStartTxtGreetingTitle
I, [2019-06-18T17:06:02.617142 #6935]  INFO -- : Acesso sem login com sucesso!
I, [2019-06-18T17:06:03.527474 #6935]  INFO -- : Fim do Teste!
I, [2019-06-18T17:07:57.985380 #7001]  INFO -- : Início do teste...
I, [2019-06-18T17:07:57.985600 #7001]  INFO -- : Verificando se existe o elemento buttonSignIn
I, [2019-06-18T17:07:59.308764 #7001]  INFO -- : Aguardou a existência do elemento buttonSignIn
I, [2019-06-18T17:07:59.631050 #7001]  INFO -- : Clicou no botão buttonSignIn
I, [2019-06-18T17:08:06.061140 #7001]  INFO -- : Preencheu o campo emailEditText com o valor frormm@gmail.com
I, [2019-06-18T17:08:12.294562 #7001]  INFO -- : Preencheu o campo editTextPassword com o valor thi0927
I, [2019-06-18T17:08:12.294672 #7001]  INFO -- : Verificando se existe o elemento buttonSignIn
I, [2019-06-18T17:08:12.899712 #7001]  INFO -- : Aguardou a existência do elemento buttonSignIn
I, [2019-06-18T17:08:13.260215 #7001]  INFO -- : Clicou no botão buttonSignIn
I, [2019-06-18T17:08:13.260736 #7001]  INFO -- : Verificando se existe o elemento fragmentStartTxtGreetingTitle
E, [2019-06-18T17:08:14.490942 #7001] ERROR -- : Login não deu certo - erro!
I, [2019-06-18T17:08:15.493017 #7001]  INFO -- : Fim do Teste!
I, [2019-06-18T17:08:18.343605 #7001]  INFO -- : Início do teste...
I, [2019-06-18T17:08:18.343922 #7001]  INFO -- : Verificando se existe o elemento buttonSignIn
I, [2019-06-18T17:08:19.641704 #7001]  INFO -- : Aguardou a existência do elemento buttonSignIn
I, [2019-06-18T17:08:19.956677 #7001]  INFO -- : Clicou no botão buttonSignIn
I, [2019-06-18T17:08:26.371670 #7001]  INFO -- : Preencheu o campo emailEditText com o valor teste@descubra.com
I, [2019-06-18T17:08:32.523956 #7001]  INFO -- : Preencheu o campo editTextPassword com o valor thi0927
I, [2019-06-18T17:08:32.524077 #7001]  INFO -- : Verificando se existe o elemento buttonSignIn
I, [2019-06-18T17:08:33.114915 #7001]  INFO -- : Aguardou a existência do elemento buttonSignIn
I, [2019-06-18T17:08:33.443608 #7001]  INFO -- : Clicou no botão buttonSignIn
I, [2019-06-18T17:08:36.405599 #7001]  INFO -- : Está buscando o texto do elemento text_view_alert_title
I, [2019-06-18T17:08:36.448706 #7001]  INFO -- : Erro no Login com sucesso
I, [2019-06-18T17:08:37.384983 #7001]  INFO -- : Fim do Teste!
I, [2019-06-18T17:08:40.342546 #7001]  INFO -- : Início do teste...
I, [2019-06-18T17:08:40.345458 #7001]  INFO -- : Verificando se existe o elemento buttonSignIn
I, [2019-06-18T17:08:41.098549 #7001]  INFO -- : Verificando se existe o elemento buttonSignIn
I, [2019-06-18T17:08:41.898161 #7001]  INFO -- : Aguardou a existência do elemento buttonSignIn
I, [2019-06-18T17:08:42.246552 #7001]  INFO -- : Clicou no botão buttonSignIn
I, [2019-06-18T17:08:48.674626 #7001]  INFO -- : Preencheu o campo emailEditText com o valor frormm@gmail.com
I, [2019-06-18T17:08:54.839953 #7001]  INFO -- : Preencheu o campo editTextPassword com o valor 123456
I, [2019-06-18T17:08:54.840089 #7001]  INFO -- : Verificando se existe o elemento buttonSignIn
I, [2019-06-18T17:08:55.404618 #7001]  INFO -- : Aguardou a existência do elemento buttonSignIn
I, [2019-06-18T17:08:55.726887 #7001]  INFO -- : Clicou no botão buttonSignIn
I, [2019-06-18T17:08:58.390896 #7001]  INFO -- : Está buscando o texto do elemento text_view_alert_title
I, [2019-06-18T17:08:58.424996 #7001]  INFO -- : Erro no Login com sucesso
I, [2019-06-18T17:08:59.330170 #7001]  INFO -- : Fim do Teste!
I, [2019-06-18T17:13:57.325668 #7300]  INFO -- : Início do teste...
I, [2019-06-18T17:13:57.325983 #7300]  INFO -- : Verificando se existe o elemento buttonSignIn
I, [2019-06-18T17:13:58.617637 #7300]  INFO -- : Aguardou a existência do elemento buttonSignIn
I, [2019-06-18T17:13:58.951710 #7300]  INFO -- : Clicou no botão buttonSignIn
I, [2019-06-18T17:14:05.389342 #7300]  INFO -- : Preencheu o campo emailEditText com o valor frormm@gmail.com
I, [2019-06-18T17:14:11.585463 #7300]  INFO -- : Preencheu o campo editTextPassword com o valor thi0927
I, [2019-06-18T17:14:11.585606 #7300]  INFO -- : Verificando se existe o elemento buttonSignIn
I, [2019-06-18T17:14:12.160420 #7300]  INFO -- : Aguardou a existência do elemento buttonSignIn
I, [2019-06-18T17:14:12.499682 #7300]  INFO -- : Clicou no botão buttonSignIn
I, [2019-06-18T17:14:12.500445 #7300]  INFO -- : Verificando se existe o elemento fragmentStartTxtGreetingTitle
E, [2019-06-18T17:14:13.599344 #7300] ERROR -- : Login não deu certo - erro!
I, [2019-06-18T17:14:14.619940 #7300]  INFO -- : Fim do Teste!
I, [2019-06-18T17:15:34.982619 #7446]  INFO -- : Início do teste...
I, [2019-06-18T17:15:34.982817 #7446]  INFO -- : Verificando se existe o elemento buttonSignIn
I, [2019-06-18T17:15:35.713963 #7446]  INFO -- : Verificando se existe o elemento buttonSignIn
I, [2019-06-18T17:15:35.982994 #7446]  INFO -- : Verificando se existe o elemento buttonSignIn
I, [2019-06-18T17:15:36.250036 #7446]  INFO -- : Verificando se existe o elemento buttonSignIn
I, [2019-06-18T17:15:37.358472 #7446]  INFO -- : Verificando se existe o elemento buttonSignIn
I, [2019-06-18T17:15:37.421535 #7446]  INFO -- : Aguardou a existência do elemento buttonSignIn
I, [2019-06-18T17:15:37.738799 #7446]  INFO -- : Clicou no botão buttonSignIn
I, [2019-06-18T17:15:44.647851 #7446]  INFO -- : Preencheu o campo emailEditText com o valor frormm@gmail.com
I, [2019-06-18T17:16:27.504869 #7502]  INFO -- : Início do teste...
I, [2019-06-18T17:16:27.505080 #7502]  INFO -- : Verificando se existe o elemento buttonSignIn
I, [2019-06-18T17:16:28.778866 #7502]  INFO -- : Aguardou a existência do elemento buttonSignIn
I, [2019-06-18T17:16:29.092419 #7502]  INFO -- : Clicou no botão buttonSignIn
I, [2019-06-18T17:16:35.562885 #7502]  INFO -- : Preencheu o campo emailEditText com o valor frormm@gmail.com
I, [2019-06-18T17:16:41.741526 #7502]  INFO -- : Preencheu o campo editTextPassword com o valor thi0927
I, [2019-06-18T17:16:41.741646 #7502]  INFO -- : Verificando se existe o elemento buttonSignIn
I, [2019-06-18T17:16:42.326314 #7502]  INFO -- : Aguardou a existência do elemento buttonSignIn
I, [2019-06-18T17:16:42.644009 #7502]  INFO -- : Clicou no botão buttonSignIn
I, [2019-06-18T17:16:42.644606 #7502]  INFO -- : Verificando se existe o elemento fragmentStartTxtGreetingTitle
E, [2019-06-18T17:16:43.673285 #7502] ERROR -- : Login não deu certo - erro!
I, [2019-06-18T17:16:44.738276 #7502]  INFO -- : Fim do Teste!
I, [2019-06-18T17:16:47.717272 #7502]  INFO -- : Início do teste...
I, [2019-06-18T17:16:47.717482 #7502]  INFO -- : Verificando se existe o elemento buttonSignIn
I, [2019-06-18T17:16:48.922889 #7502]  INFO -- : Aguardou a existência do elemento buttonSignIn
I, [2019-06-18T17:16:49.240039 #7502]  INFO -- : Clicou no botão buttonSignIn
I, [2019-06-18T17:16:55.688350 #7502]  INFO -- : Preencheu o campo emailEditText com o valor teste@descubra.com
I, [2019-06-18T17:17:17.410630 #7598]  INFO -- : Início do teste...
I, [2019-06-18T17:17:17.410854 #7598]  INFO -- : Verificando se existe o elemento buttonSignIn
I, [2019-06-18T17:17:18.650759 #7598]  INFO -- : Aguardou a existência do elemento buttonSignIn
I, [2019-06-18T17:17:18.981350 #7598]  INFO -- : Clicou no botão buttonSignIn
I, [2019-06-18T17:17:25.408476 #7598]  INFO -- : Preencheu o campo emailEditText com o valor frormm@gmail.com
I, [2019-06-18T17:17:31.661048 #7598]  INFO -- : Preencheu o campo editTextPassword com o valor thi0927
I, [2019-06-18T17:17:31.661172 #7598]  INFO -- : Verificando se existe o elemento buttonSignIn
I, [2019-06-18T17:17:32.223824 #7598]  INFO -- : Aguardou a existência do elemento buttonSignIn
I, [2019-06-18T17:17:32.571559 #7598]  INFO -- : Clicou no botão buttonSignIn
I, [2019-06-18T17:17:32.572270 #7598]  INFO -- : Verificando se existe o elemento fragmentStartTxtGreetingTitle
E, [2019-06-18T17:17:33.908350 #7598] ERROR -- : Login não deu certo - erro!
I, [2019-06-18T17:17:34.950418 #7598]  INFO -- : Fim do Teste!
I, [2019-06-18T17:21:01.514942 #7722]  INFO -- : Início do teste...
I, [2019-06-18T17:21:01.515172 #7722]  INFO -- : Verificando se existe o elemento buttonSignIn
I, [2019-06-18T17:21:31.720089 #7764]  INFO -- : Início do teste...
I, [2019-06-18T17:21:31.720326 #7764]  INFO -- : Verificando se existe o elemento buttonSignIn
I, [2019-06-18T17:21:32.972550 #7764]  INFO -- : Aguardou a existência do elemento buttonSignIn
I, [2019-06-18T17:21:33.340112 #7764]  INFO -- : Clicou no botão buttonSignIn
I, [2019-06-18T17:22:41.376172 #7878]  INFO -- : Início do teste...
I, [2019-06-18T17:22:41.376461 #7878]  INFO -- : Verificando se existe o elemento buttonSignIn
I, [2019-06-18T17:22:42.679576 #7878]  INFO -- : Aguardou a existência do elemento buttonSignIn
I, [2019-06-18T17:22:43.016444 #7878]  INFO -- : Clicou no botão buttonSignIn
I, [2019-06-18T17:22:49.549916 #7878]  INFO -- : Preencheu o campo emailEditText com o valor frormm@gmail.com
I, [2019-06-18T17:22:55.684992 #7878]  INFO -- : Preencheu o campo editTextPassword com o valor thi0927
I, [2019-06-18T17:22:55.685139 #7878]  INFO -- : Verificando se existe o elemento buttonSignIn
I, [2019-06-18T17:22:56.267677 #7878]  INFO -- : Aguardou a existência do elemento buttonSignIn
I, [2019-06-18T17:22:56.587460 #7878]  INFO -- : Clicou no botão buttonSignIn
I, [2019-06-18T17:22:56.589223 #7878]  INFO -- : Verificando se existe o elemento fragmentStartTxtGreetingTitle
E, [2019-06-18T17:22:57.831957 #7878] ERROR -- : Login não deu certo - erro!
I, [2019-06-18T17:22:58.867364 #7878]  INFO -- : Fim do Teste!
I, [2019-06-18T17:23:02.013562 #7878]  INFO -- : Início do teste...
I, [2019-06-18T17:23:02.013843 #7878]  INFO -- : Verificando se existe o elemento buttonSignIn
I, [2019-06-18T17:23:03.296281 #7878]  INFO -- : Aguardou a existência do elemento buttonSignIn
I, [2019-06-18T17:23:03.600408 #7878]  INFO -- : Clicou no botão buttonSignIn
I, [2019-06-18T17:23:10.064997 #7878]  INFO -- : Preencheu o campo emailEditText com o valor teste@descubra.com
I, [2019-06-18T17:25:05.912687 #8056]  INFO -- : Início do teste...
I, [2019-06-18T17:25:05.913008 #8056]  INFO -- : Verificando se existe o elemento buttonSignIn
I, [2019-06-18T17:26:04.153200 #8237]  INFO -- : Início do teste...
I, [2019-06-18T17:26:04.153424 #8237]  INFO -- : Verificando se existe o elemento buttonSignIn
I, [2019-06-18T17:26:05.679919 #8237]  INFO -- : Verificando se existe o elemento buttonSignIn
I, [2019-06-18T17:26:05.950897 #8237]  INFO -- : Verificando se existe o elemento buttonSignIn
I, [2019-06-18T17:26:06.232988 #8237]  INFO -- : Verificando se existe o elemento buttonSignIn
I, [2019-06-18T17:26:06.503694 #8237]  INFO -- : Verificando se existe o elemento buttonSignIn
I, [2019-06-18T17:26:06.908353 #8237]  INFO -- : Verificando se existe o elemento buttonSignIn
I, [2019-06-18T17:26:07.175164 #8237]  INFO -- : Verificando se existe o elemento buttonSignIn
I, [2019-06-18T17:26:07.457430 #8237]  INFO -- : Verificando se existe o elemento buttonSignIn
I, [2019-06-18T17:26:07.754851 #8237]  INFO -- : Verificando se existe o elemento buttonSignIn
I, [2019-06-18T17:26:08.040598 #8237]  INFO -- : Verificando se existe o elemento buttonSignIn
I, [2019-06-18T17:26:08.324517 #8237]  INFO -- : Verificando se existe o elemento buttonSignIn
I, [2019-06-18T17:26:08.588141 #8237]  INFO -- : Verificando se existe o elemento buttonSignIn
I, [2019-06-18T17:26:08.856826 #8237]  INFO -- : Verificando se existe o elemento buttonSignIn
I, [2019-06-18T17:26:09.138557 #8237]  INFO -- : Verificando se existe o elemento buttonSignIn
I, [2019-06-18T17:26:09.425175 #8237]  INFO -- : Verificando se existe o elemento buttonSignIn
I, [2019-06-18T17:26:09.709501 #8237]  INFO -- : Verificando se existe o elemento buttonSignIn
I, [2019-06-18T17:26:09.975064 #8237]  INFO -- : Verificando se existe o elemento buttonSignIn
I, [2019-06-18T17:26:10.256403 #8237]  INFO -- : Verificando se existe o elemento buttonSignIn
I, [2019-06-18T17:26:10.530340 #8237]  INFO -- : Verificando se existe o elemento buttonSignIn
I, [2019-06-18T17:26:10.801804 #8237]  INFO -- : Verificando se existe o elemento buttonSignIn
I, [2019-06-18T17:26:11.079969 #8237]  INFO -- : Verificando se existe o elemento buttonSignIn
I, [2019-06-18T17:26:11.387912 #8237]  INFO -- : Verificando se existe o elemento buttonSignIn
I, [2019-06-18T17:26:11.669513 #8237]  INFO -- : Verificando se existe o elemento buttonSignIn
I, [2019-06-18T17:26:11.958297 #8237]  INFO -- : Verificando se existe o elemento buttonSignIn
I, [2019-06-18T17:26:12.235645 #8237]  INFO -- : Verificando se existe o elemento buttonSignIn
I, [2019-06-18T17:26:12.511564 #8237]  INFO -- : Verificando se existe o elemento buttonSignIn
I, [2019-06-18T17:26:12.779021 #8237]  INFO -- : Verificando se existe o elemento buttonSignIn
I, [2019-06-18T17:26:13.050133 #8237]  INFO -- : Verificando se existe o elemento buttonSignIn
I, [2019-06-18T17:26:13.321670 #8237]  INFO -- : Verificando se existe o elemento buttonSignIn
I, [2019-06-18T17:26:13.606880 #8237]  INFO -- : Verificando se existe o elemento buttonSignIn
I, [2019-06-18T17:26:13.897111 #8237]  INFO -- : Verificando se existe o elemento buttonSignIn
I, [2019-06-18T17:26:15.185036 #8237]  INFO -- : Fim do Teste!
I, [2019-06-18T17:26:18.257755 #8237]  INFO -- : Início do teste...
I, [2019-06-18T17:26:18.257924 #8237]  INFO -- : Verificando se existe o elemento buttonSignIn
I, [2019-06-18T17:26:19.947819 #8237]  INFO -- : Verificando se existe o elemento buttonSignIn
I, [2019-06-18T17:26:20.268933 #8237]  INFO -- : Verificando se existe o elemento buttonSignIn
I, [2019-06-18T17:26:20.525294 #8237]  INFO -- : Verificando se existe o elemento buttonSignIn
I, [2019-06-18T17:26:20.909281 #8237]  INFO -- : Verificando se existe o elemento buttonSignIn
I, [2019-06-18T17:26:21.202811 #8237]  INFO -- : Verificando se existe o elemento buttonSignIn
I, [2019-06-18T17:26:21.477509 #8237]  INFO -- : Verificando se existe o elemento buttonSignIn
I, [2019-06-18T17:26:21.756795 #8237]  INFO -- : Verificando se existe o elemento buttonSignIn
I, [2019-06-18T17:26:22.040369 #8237]  INFO -- : Verificando se existe o elemento buttonSignIn
I, [2019-06-18T17:26:22.332395 #8237]  INFO -- : Verificando se existe o elemento buttonSignIn
I, [2019-06-18T17:26:22.605631 #8237]  INFO -- : Verificando se existe o elemento buttonSignIn
I, [2019-06-18T17:26:22.886960 #8237]  INFO -- : Verificando se existe o elemento buttonSignIn
I, [2019-06-18T17:26:23.161567 #8237]  INFO -- : Verificando se existe o elemento buttonSignIn
I, [2019-06-18T17:26:23.444655 #8237]  INFO -- : Verificando se existe o elemento buttonSignIn
I, [2019-06-18T17:26:23.724611 #8237]  INFO -- : Verificando se existe o elemento buttonSignIn
I, [2019-06-18T17:26:24.009263 #8237]  INFO -- : Verificando se existe o elemento buttonSignIn
I, [2019-06-18T17:26:24.284920 #8237]  INFO -- : Verificando se existe o elemento buttonSignIn
I, [2019-06-18T17:26:24.565968 #8237]  INFO -- : Verificando se existe o elemento buttonSignIn
I, [2019-06-18T17:26:24.838873 #8237]  INFO -- : Verificando se existe o elemento buttonSignIn
I, [2019-06-18T17:26:25.120576 #8237]  INFO -- : Verificando se existe o elemento buttonSignIn
I, [2019-06-18T17:26:25.391974 #8237]  INFO -- : Verificando se existe o elemento buttonSignIn
I, [2019-06-18T17:26:25.670472 #8237]  INFO -- : Verificando se existe o elemento buttonSignIn
I, [2019-06-18T17:26:25.942019 #8237]  INFO -- : Verificando se existe o elemento buttonSignIn
I, [2019-06-18T17:26:26.231737 #8237]  INFO -- : Verificando se existe o elemento buttonSignIn
I, [2019-06-18T17:26:26.508356 #8237]  INFO -- : Verificando se existe o elemento buttonSignIn
I, [2019-06-18T17:26:26.787281 #8237]  INFO -- : Verificando se existe o elemento buttonSignIn
I, [2019-06-18T17:26:27.062368 #8237]  INFO -- : Verificando se existe o elemento buttonSignIn
I, [2019-06-18T17:26:27.323786 #8237]  INFO -- : Verificando se existe o elemento buttonSignIn
I, [2019-06-18T17:26:27.605312 #8237]  INFO -- : Verificando se existe o elemento buttonSignIn
I, [2019-06-18T17:26:27.879362 #8237]  INFO -- : Verificando se existe o elemento buttonSignIn
I, [2019-06-18T17:26:28.155524 #8237]  INFO -- : Verificando se existe o elemento buttonSignIn
I, [2019-06-18T17:26:29.454813 #8237]  INFO -- : Fim do Teste!
I, [2019-06-18T17:26:32.458561 #8237]  INFO -- : Início do teste...
I, [2019-06-18T17:26:32.458723 #8237]  INFO -- : Verificando se existe o elemento buttonSignIn
I, [2019-06-18T17:26:34.159705 #8237]  INFO -- : Verificando se existe o elemento buttonSignIn
I, [2019-06-18T17:26:34.450116 #8237]  INFO -- : Verificando se existe o elemento buttonSignIn
I, [2019-06-18T17:26:34.729345 #8237]  INFO -- : Verificando se existe o elemento buttonSignIn
I, [2019-06-18T17:26:35.261605 #8237]  INFO -- : Verificando se existe o elemento buttonSignIn
I, [2019-06-18T17:26:35.549285 #8237]  INFO -- : Verificando se existe o elemento buttonSignIn
I, [2019-06-18T17:26:35.835297 #8237]  INFO -- : Verificando se existe o elemento buttonSignIn
I, [2019-06-18T17:26:36.111597 #8237]  INFO -- : Verificando se existe o elemento buttonSignIn
I, [2019-06-18T17:26:36.408078 #8237]  INFO -- : Verificando se existe o elemento buttonSignIn
I, [2019-06-18T17:26:36.683594 #8237]  INFO -- : Verificando se existe o elemento buttonSignIn
I, [2019-06-18T17:26:36.956954 #8237]  INFO -- : Verificando se existe o elemento buttonSignIn
